<?xml version="1.0" encoding="UTF-8"?>
<testng-results ignored="0" total="8" passed="8" failed="0" skipped="0">
  <reporter-output>
  </reporter-output>
  <suite started-at="2025-09-06T01:35:28 IST" name="Default suite" finished-at="2025-09-06T01:35:48 IST" duration-ms="20009">
    <groups>
      <group name="regression">
        <method signature="LoginTest.ClickOnAll()[pri:0, instance:tests.LoginTest@2002fc1d]" name="ClickOnAll" class="tests.LoginTest"/>
        <method signature="LoginTest.ClickOnSineon()[pri:1, instance:tests.LoginTest@2002fc1d]" name="ClickOnSineon" class="tests.LoginTest"/>
        <method signature="LoginTest.EnterMobileNo()[pri:2, instance:tests.LoginTest@2002fc1d]" name="EnterMobileNo" class="tests.LoginTest"/>
        <method signature="LoginTest.ClickOnContinue()[pri:3, instance:tests.LoginTest@2002fc1d]" name="ClickOnContinue" class="tests.LoginTest"/>
        <method signature="LoginTest.EnterPassword()[pri:4, instance:tests.LoginTest@2002fc1d]" name="EnterPassword" class="tests.LoginTest"/>
        <method signature="LoginTest.ClickOnLogin()[pri:5, instance:tests.LoginTest@2002fc1d]" name="ClickOnLogin" class="tests.LoginTest"/>
        <method signature="LoginTest.ClickOnAll2()[pri:6, instance:tests.LoginTest@2002fc1d]" name="ClickOnAll2" class="tests.LoginTest"/>
        <method signature="LoginTest.ClickOnSineout()[pri:7, instance:tests.LoginTest@2002fc1d]" name="ClickOnSineout" class="tests.LoginTest"/>
      </group> <!-- regression -->
      <group name="smoke">
        <method signature="LoginTest.ClickOnAll()[pri:0, instance:tests.LoginTest@2002fc1d]" name="ClickOnAll" class="tests.LoginTest"/>
        <method signature="LoginTest.ClickOnSineon()[pri:1, instance:tests.LoginTest@2002fc1d]" name="ClickOnSineon" class="tests.LoginTest"/>
      </group> <!-- smoke -->
      <group name="sanity">
        <method signature="LoginTest.ClickOnAll()[pri:0, instance:tests.LoginTest@2002fc1d]" name="ClickOnAll" class="tests.LoginTest"/>
        <method signature="LoginTest.ClickOnSineon()[pri:1, instance:tests.LoginTest@2002fc1d]" name="ClickOnSineon" class="tests.LoginTest"/>
        <method signature="LoginTest.EnterMobileNo()[pri:2, instance:tests.LoginTest@2002fc1d]" name="EnterMobileNo" class="tests.LoginTest"/>
        <method signature="LoginTest.ClickOnContinue()[pri:3, instance:tests.LoginTest@2002fc1d]" name="ClickOnContinue" class="tests.LoginTest"/>
        <method signature="LoginTest.EnterPassword()[pri:4, instance:tests.LoginTest@2002fc1d]" name="EnterPassword" class="tests.LoginTest"/>
        <method signature="LoginTest.ClickOnLogin()[pri:5, instance:tests.LoginTest@2002fc1d]" name="ClickOnLogin" class="tests.LoginTest"/>
      </group> <!-- sanity -->
    </groups>
    <test started-at="2025-09-06T01:35:28 IST" name="Default test" finished-at="2025-09-06T01:35:48 IST" duration-ms="20009">
      <class name="tests.LoginTest">
        <test-method is-config="true" signature="LaunchUrl()[pri:0, instance:tests.LoginTest@2002fc1d]" started-at="2025-09-06T01:35:28 IST" name="LaunchUrl" finished-at="2025-09-06T01:35:33 IST" duration-ms="5059" status="PASS">
          <reporter-output>
          </reporter-output>
        </test-method> <!-- LaunchUrl -->
        <test-method signature="ClickOnAll()[pri:0, instance:tests.LoginTest@2002fc1d]" started-at="2025-09-06T01:35:33 IST" name="ClickOnAll" finished-at="2025-09-06T01:35:34 IST" duration-ms="619" status="PASS">
          <reporter-output>
          </reporter-output>
        </test-method> <!-- ClickOnAll -->
        <test-method is-config="true" signature="getresultanalysis(org.testng.ITestResult)[pri:0, instance:tests.LoginTest@2002fc1d]" started-at="2025-09-06T01:35:34 IST" name="getresultanalysis" finished-at="2025-09-06T01:35:35 IST" duration-ms="948" status="PASS">
          <params>
            <param index="0">
              <value>
                <![CDATA[[TestResult name=ClickOnAll status=SUCCESS method=LoginTest.ClickOnAll()[pri:0, instance:tests.LoginTest@2002fc1d] output={null}]]]>
              </value>
            </param>
          </params>
          <reporter-output>
          </reporter-output>
        </test-method> <!-- getresultanalysis -->
        <test-method signature="ClickOnSineon()[pri:1, instance:tests.LoginTest@2002fc1d]" started-at="2025-09-06T01:35:35 IST" name="ClickOnSineon" finished-at="2025-09-06T01:35:36 IST" duration-ms="1343" status="PASS">
          <reporter-output>
          </reporter-output>
        </test-method> <!-- ClickOnSineon -->
        <test-method is-config="true" signature="getresultanalysis(org.testng.ITestResult)[pri:0, instance:tests.LoginTest@2002fc1d]" started-at="2025-09-06T01:35:36 IST" name="getresultanalysis" finished-at="2025-09-06T01:35:37 IST" duration-ms="221" status="PASS">
          <params>
            <param index="0">
              <value>
                <![CDATA[[TestResult name=ClickOnSineon status=SUCCESS method=LoginTest.ClickOnSineon()[pri:1, instance:tests.LoginTest@2002fc1d] output={null}]]]>
              </value>
            </param>
          </params>
          <reporter-output>
          </reporter-output>
        </test-method> <!-- getresultanalysis -->
        <test-method signature="EnterMobileNo()[pri:2, instance:tests.LoginTest@2002fc1d]" started-at="2025-09-06T01:35:37 IST" name="EnterMobileNo" finished-at="2025-09-06T01:35:37 IST" duration-ms="616" status="PASS">
          <reporter-output>
          </reporter-output>
        </test-method> <!-- EnterMobileNo -->
        <test-method is-config="true" signature="getresultanalysis(org.testng.ITestResult)[pri:0, instance:tests.LoginTest@2002fc1d]" started-at="2025-09-06T01:35:37 IST" name="getresultanalysis" finished-at="2025-09-06T01:35:38 IST" duration-ms="486" status="PASS">
          <params>
            <param index="0">
              <value>
                <![CDATA[[TestResult name=EnterMobileNo status=SUCCESS method=LoginTest.EnterMobileNo()[pri:2, instance:tests.LoginTest@2002fc1d] output={null}]]]>
              </value>
            </param>
          </params>
          <reporter-output>
          </reporter-output>
        </test-method> <!-- getresultanalysis -->
        <test-method signature="ClickOnContinue()[pri:3, instance:tests.LoginTest@2002fc1d]" started-at="2025-09-06T01:35:38 IST" name="ClickOnContinue" finished-at="2025-09-06T01:35:39 IST" duration-ms="1566" status="PASS">
          <reporter-output>
          </reporter-output>
        </test-method> <!-- ClickOnContinue -->
        <test-method is-config="true" signature="getresultanalysis(org.testng.ITestResult)[pri:0, instance:tests.LoginTest@2002fc1d]" started-at="2025-09-06T01:35:39 IST" name="getresultanalysis" finished-at="2025-09-06T01:35:40 IST" duration-ms="245" status="PASS">
          <params>
            <param index="0">
              <value>
                <![CDATA[[TestResult name=ClickOnContinue status=SUCCESS method=LoginTest.ClickOnContinue()[pri:3, instance:tests.LoginTest@2002fc1d] output={null}]]]>
              </value>
            </param>
          </params>
          <reporter-output>
          </reporter-output>
        </test-method> <!-- getresultanalysis -->
        <test-method signature="EnterPassword()[pri:4, instance:tests.LoginTest@2002fc1d]" started-at="2025-09-06T01:35:40 IST" name="EnterPassword" finished-at="2025-09-06T01:35:40 IST" duration-ms="186" status="PASS">
          <reporter-output>
          </reporter-output>
        </test-method> <!-- EnterPassword -->
        <test-method is-config="true" signature="getresultanalysis(org.testng.ITestResult)[pri:0, instance:tests.LoginTest@2002fc1d]" started-at="2025-09-06T01:35:40 IST" name="getresultanalysis" finished-at="2025-09-06T01:35:40 IST" duration-ms="208" status="PASS">
          <params>
            <param index="0">
              <value>
                <![CDATA[[TestResult name=EnterPassword status=SUCCESS method=LoginTest.EnterPassword()[pri:4, instance:tests.LoginTest@2002fc1d] output={null}]]]>
              </value>
            </param>
          </params>
          <reporter-output>
          </reporter-output>
        </test-method> <!-- getresultanalysis -->
        <test-method signature="ClickOnLogin()[pri:5, instance:tests.LoginTest@2002fc1d]" started-at="2025-09-06T01:35:40 IST" name="ClickOnLogin" finished-at="2025-09-06T01:35:40 IST" duration-ms="337" status="PASS">
          <reporter-output>
          </reporter-output>
        </test-method> <!-- ClickOnLogin -->
        <test-method is-config="true" signature="getresultanalysis(org.testng.ITestResult)[pri:0, instance:tests.LoginTest@2002fc1d]" started-at="2025-09-06T01:35:40 IST" name="getresultanalysis" finished-at="2025-09-06T01:35:44 IST" duration-ms="4175" status="PASS">
          <params>
            <param index="0">
              <value>
                <![CDATA[[TestResult name=ClickOnLogin status=SUCCESS method=LoginTest.ClickOnLogin()[pri:5, instance:tests.LoginTest@2002fc1d] output={null}]]]>
              </value>
            </param>
          </params>
          <reporter-output>
          </reporter-output>
        </test-method> <!-- getresultanalysis -->
        <test-method signature="ClickOnAll2()[pri:6, instance:tests.LoginTest@2002fc1d]" started-at="2025-09-06T01:35:44 IST" name="ClickOnAll2" finished-at="2025-09-06T01:35:45 IST" duration-ms="717" status="PASS">
          <reporter-output>
          </reporter-output>
        </test-method> <!-- ClickOnAll2 -->
        <test-method is-config="true" signature="getresultanalysis(org.testng.ITestResult)[pri:0, instance:tests.LoginTest@2002fc1d]" started-at="2025-09-06T01:35:45 IST" name="getresultanalysis" finished-at="2025-09-06T01:35:46 IST" duration-ms="815" status="PASS">
          <params>
            <param index="0">
              <value>
                <![CDATA[[TestResult name=ClickOnAll2 status=SUCCESS method=LoginTest.ClickOnAll2()[pri:6, instance:tests.LoginTest@2002fc1d] output={null}]]]>
              </value>
            </param>
          </params>
          <reporter-output>
          </reporter-output>
        </test-method> <!-- getresultanalysis -->
        <test-method signature="ClickOnSineout()[pri:7, instance:tests.LoginTest@2002fc1d]" started-at="2025-09-06T01:35:46 IST" name="ClickOnSineout" finished-at="2025-09-06T01:35:48 IST" duration-ms="1873" status="PASS">
          <reporter-output>
          </reporter-output>
        </test-method> <!-- ClickOnSineout -->
        <test-method is-config="true" signature="getresultanalysis(org.testng.ITestResult)[pri:0, instance:tests.LoginTest@2002fc1d]" started-at="2025-09-06T01:35:48 IST" name="getresultanalysis" finished-at="2025-09-06T01:35:48 IST" duration-ms="213" status="PASS">
          <params>
            <param index="0">
              <value>
                <![CDATA[[TestResult name=ClickOnSineout status=SUCCESS method=LoginTest.ClickOnSineout()[pri:7, instance:tests.LoginTest@2002fc1d] output={null}]]]>
              </value>
            </param>
          </params>
          <reporter-output>
          </reporter-output>
        </test-method> <!-- getresultanalysis -->
        <test-method is-config="true" signature="CloseBrowser()[pri:0, instance:tests.LoginTest@2002fc1d]" started-at="2025-09-06T01:35:48 IST" name="CloseBrowser" finished-at="2025-09-06T01:35:48 IST" duration-ms="225" status="PASS">
          <reporter-output>
          </reporter-output>
        </test-method> <!-- CloseBrowser -->
      </class> <!-- tests.LoginTest -->
    </test> <!-- Default test -->
  </suite> <!-- Default suite -->
</testng-results>
