<?xml version="1.0" encoding="UTF-8"?>
<!-- Generated by org.testng.reporters.JUnitXMLReporter -->
<testsuite ignored="0" hostname="onlyforashish" failures="8" tests="8" name="AlertTest" time="105.616" errors="0" timestamp="2025-09-06T20:45:03 IST">
  <testcase classname="tests.AlertTest" name="@AfterTest CloseBrowser" time="0.009">
    <failure type="java.lang.StackOverflowError">
      <![CDATA[java.lang.StackOverflowError
at tests.AlertTest.CloseBrowser(AlertTest.java:67)
at tests.AlertTest.CloseBrowser(AlertTest.java:67)
at tests.AlertTest.CloseBrowser(AlertTest.java:67)
at tests.AlertTest.CloseBrowser(AlertTest.java:67)
at tests.AlertTest.CloseBrowser(AlertTest.java:67)
at tests.AlertTest.CloseBrowser(AlertTest.java:67)
at tests.AlertTest.CloseBrowser(AlertTest.java:67)
at tests.AlertTest.CloseBrowser(AlertTest.java:67)
at tests.AlertTest.CloseBrowser(AlertTest.java:67)
at tests.AlertTest.CloseBrowser(AlertTest.java:67)
at tests.AlertTest.CloseBrowser(AlertTest.java:67)
at tests.AlertTest.CloseBrowser(AlertTest.java:67)
at tests.AlertTest.CloseBrowser(AlertTest.java:67)
at tests.AlertTest.CloseBrowser(AlertTest.java:67)
at tests.AlertTest.CloseBrowser(AlertTest.java:67)
at tests.AlertTest.CloseBrowser(AlertTest.java:67)
at tests.AlertTest.CloseBrowser(AlertTest.java:67)
at tests.AlertTest.CloseBrowser(AlertTest.java:67)
at tests.AlertTest.CloseBrowser(AlertTest.java:67)
at tests.AlertTest.CloseBrowser(AlertTest.java:67)
at tests.AlertTest.CloseBrowser(AlertTest.java:67)
at tests.AlertTest.CloseBrowser(AlertTest.java:67)
at tests.AlertTest.CloseBrowser(AlertTest.java:67)
at tests.AlertTest.CloseBrowser(AlertTest.java:67)
at tests.AlertTest.CloseBrowser(AlertTest.java:67)
at tests.AlertTest.CloseBrowser(AlertTest.java:67)
at tests.AlertTest.CloseBrowser(AlertTest.java:67)
at tests.AlertTest.CloseBrowser(AlertTest.java:67)
at tests.AlertTest.CloseBrowser(AlertTest.java:67)
at tests.AlertTest.CloseBrowser(AlertTest.java:67)
at tests.AlertTest.CloseBrowser(AlertTest.java:67)
at tests.AlertTest.CloseBrowser(AlertTest.java:67)
at tests.AlertTest.CloseBrowser(AlertTest.java:67)
at tests.AlertTest.CloseBrowser(AlertTest.java:67)
at tests.AlertTest.CloseBrowser(AlertTest.java:67)
at tests.AlertTest.CloseBrowser(AlertTest.java:67)
at tests.AlertTest.CloseBrowser(AlertTest.java:67)
at tests.AlertTest.CloseBrowser(AlertTest.java:67)
at tests.AlertTest.CloseBrowser(AlertTest.java:67)
at tests.AlertTest.CloseBrowser(AlertTest.java:67)
at tests.AlertTest.CloseBrowser(AlertTest.java:67)
at tests.AlertTest.CloseBrowser(AlertTest.java:67)
at tests.AlertTest.CloseBrowser(AlertTest.java:67)
at tests.AlertTest.CloseBrowser(AlertTest.java:67)
at tests.AlertTest.CloseBrowser(AlertTest.java:67)
at tests.AlertTest.CloseBrowser(AlertTest.java:67)
at tests.AlertTest.CloseBrowser(AlertTest.java:67)
at tests.AlertTest.CloseBrowser(AlertTest.java:67)
at tests.AlertTest.CloseBrowser(AlertTest.java:67)
at tests.AlertTest.CloseBrowser(AlertTest.java:67)
at tests.AlertTest.CloseBrowser(AlertTest.java:67)
at tests.AlertTest.CloseBrowser(AlertTest.java:67)
at tests.AlertTest.CloseBrowser(AlertTest.java:67)
at tests.AlertTest.CloseBrowser(AlertTest.java:67)
at tests.AlertTest.CloseBrowser(AlertTest.java:67)
at tests.AlertTest.CloseBrowser(AlertTest.java:67)
at tests.AlertTest.CloseBrowser(AlertTest.java:67)
at tests.AlertTest.CloseBrowser(AlertTest.java:67)
at tests.AlertTest.CloseBrowser(AlertTest.java:67)
at tests.AlertTest.CloseBrowser(AlertTest.java:67)
at tests.AlertTest.CloseBrowser(AlertTest.java:67)
at tests.AlertTest.CloseBrowser(AlertTest.java:67)
at tests.AlertTest.CloseBrowser(AlertTest.java:67)
at tests.AlertTest.CloseBrowser(AlertTest.java:67)
at tests.AlertTest.CloseBrowser(AlertTest.java:67)
at tests.AlertTest.CloseBrowser(AlertTest.java:67)
at tests.AlertTest.CloseBrowser(AlertTest.java:67)
at tests.AlertTest.CloseBrowser(AlertTest.java:67)
at tests.AlertTest.CloseBrowser(AlertTest.java:67)
at tests.AlertTest.CloseBrowser(AlertTest.java:67)
at tests.AlertTest.CloseBrowser(AlertTest.java:67)
at tests.AlertTest.CloseBrowser(AlertTest.java:67)
at tests.AlertTest.CloseBrowser(AlertTest.java:67)
at tests.AlertTest.CloseBrowser(AlertTest.java:67)
at tests.AlertTest.CloseBrowser(AlertTest.java:67)
at tests.AlertTest.CloseBrowser(AlertTest.java:67)
at tests.AlertTest.CloseBrowser(AlertTest.java:67)
at tests.AlertTest.CloseBrowser(AlertTest.java:67)
at tests.AlertTest.CloseBrowser(AlertTest.java:67)
at tests.AlertTest.CloseBrowser(AlertTest.java:67)
at tests.AlertTest.CloseBrowser(AlertTest.java:67)
at tests.AlertTest.CloseBrowser(AlertTest.java:67)
at tests.AlertTest.CloseBrowser(AlertTest.java:67)
at tests.AlertTest.CloseBrowser(AlertTest.java:67)
at tests.AlertTest.CloseBrowser(AlertTest.java:67)
at tests.AlertTest.CloseBrowser(AlertTest.java:67)
at tests.AlertTest.CloseBrowser(AlertTest.java:67)
at tests.AlertTest.CloseBrowser(AlertTest.java:67)
at tests.AlertTest.CloseBrowser(AlertTest.java:67)
at tests.AlertTest.CloseBrowser(AlertTest.java:67)
at tests.AlertTest.CloseBrowser(AlertTest.java:67)
at tests.AlertTest.CloseBrowser(AlertTest.java:67)
at tests.AlertTest.CloseBrowser(AlertTest.java:67)
at tests.AlertTest.CloseBrowser(AlertTest.java:67)
at tests.AlertTest.CloseBrowser(AlertTest.java:67)
at tests.AlertTest.CloseBrowser(AlertTest.java:67)
at tests.AlertTest.CloseBrowser(AlertTest.java:67)
at tests.AlertTest.CloseBrowser(AlertTest.java:67)
at tests.AlertTest.CloseBrowser(AlertTest.java:67)
at tests.AlertTest.CloseBrowser(AlertTest.java:67)
at tests.AlertTest.CloseBrowser(AlertTest.java:67)
at tests.AlertTest.CloseBrowser(AlertTest.java:67)
at tests.AlertTest.CloseBrowser(AlertTest.java:67)
at tests.AlertTest.CloseBrowser(AlertTest.java:67)
at tests.AlertTest.CloseBrowser(AlertTest.java:67)
at tests.AlertTest.CloseBrowser(AlertTest.java:67)
at tests.AlertTest.CloseBrowser(AlertTest.java:67)
at tests.AlertTest.CloseBrowser(AlertTest.java:67)
at tests.AlertTest.CloseBrowser(AlertTest.java:67)
at tests.AlertTest.CloseBrowser(AlertTest.java:67)
at tests.AlertTest.CloseBrowser(AlertTest.java:67)
at tests.AlertTest.CloseBrowser(AlertTest.java:67)
at tests.AlertTest.CloseBrowser(AlertTest.java:67)
at tests.AlertTest.CloseBrowser(AlertTest.java:67)
at tests.AlertTest.CloseBrowser(AlertTest.java:67)
at tests.AlertTest.CloseBrowser(AlertTest.java:67)
at tests.AlertTest.CloseBrowser(AlertTest.java:67)
at tests.AlertTest.CloseBrowser(AlertTest.java:67)
at tests.AlertTest.CloseBrowser(AlertTest.java:67)
at tests.AlertTest.CloseBrowser(AlertTest.java:67)
at tests.AlertTest.CloseBrowser(AlertTest.java:67)
at tests.AlertTest.CloseBrowser(AlertTest.java:67)
at tests.AlertTest.CloseBrowser(AlertTest.java:67)
at tests.AlertTest.CloseBrowser(AlertTest.java:67)
at tests.AlertTest.CloseBrowser(AlertTest.java:67)
at tests.AlertTest.CloseBrowser(AlertTest.java:67)
at tests.AlertTest.CloseBrowser(AlertTest.java:67)
at tests.AlertTest.CloseBrowser(AlertTest.java:67)
at tests.AlertTest.CloseBrowser(AlertTest.java:67)
at tests.AlertTest.CloseBrowser(AlertTest.java:67)
at tests.AlertTest.CloseBrowser(AlertTest.java:67)
at tests.AlertTest.CloseBrowser(AlertTest.java:67)
at tests.AlertTest.CloseBrowser(AlertTest.java:67)
at tests.AlertTest.CloseBrowser(AlertTest.java:67)
at tests.AlertTest.CloseBrowser(AlertTest.java:67)
at tests.AlertTest.CloseBrowser(AlertTest.java:67)
at tests.AlertTest.CloseBrowser(AlertTest.java:67)
at tests.AlertTest.CloseBrowser(AlertTest.java:67)
at tests.AlertTest.CloseBrowser(AlertTest.java:67)
at tests.AlertTest.CloseBrowser(AlertTest.java:67)
at tests.AlertTest.CloseBrowser(AlertTest.java:67)
at tests.AlertTest.CloseBrowser(AlertTest.java:67)
at tests.AlertTest.CloseBrowser(AlertTest.java:67)
at tests.AlertTest.CloseBrowser(AlertTest.java:67)
at tests.AlertTest.CloseBrowser(AlertTest.java:67)
at tests.AlertTest.CloseBrowser(AlertTest.java:67)
at tests.AlertTest.CloseBrowser(AlertTest.java:67)
at tests.AlertTest.CloseBrowser(AlertTest.java:67)
at tests.AlertTest.CloseBrowser(AlertTest.java:67)
at tests.AlertTest.CloseBrowser(AlertTest.java:67)
at tests.AlertTest.CloseBrowser(AlertTest.java:67)
at tests.AlertTest.CloseBrowser(AlertTest.java:67)
at tests.AlertTest.CloseBrowser(AlertTest.java:67)
at tests.AlertTest.CloseBrowser(AlertTest.java:67)
at tests.AlertTest.CloseBrowser(AlertTest.java:67)
at tests.AlertTest.CloseBrowser(AlertTest.java:67)
at tests.AlertTest.CloseBrowser(AlertTest.java:67)
at tests.AlertTest.CloseBrowser(AlertTest.java:67)
at tests.AlertTest.CloseBrowser(AlertTest.java:67)
at tests.AlertTest.CloseBrowser(AlertTest.java:67)
at tests.AlertTest.CloseBrowser(AlertTest.java:67)
at tests.AlertTest.CloseBrowser(AlertTest.java:67)
at tests.AlertTest.CloseBrowser(AlertTest.java:67)
at tests.AlertTest.CloseBrowser(AlertTest.java:67)
at tests.AlertTest.CloseBrowser(AlertTest.java:67)
at tests.AlertTest.CloseBrowser(AlertTest.java:67)
at tests.AlertTest.CloseBrowser(AlertTest.java:67)
at tests.AlertTest.CloseBrowser(AlertTest.java:67)
at tests.AlertTest.CloseBrowser(AlertTest.java:67)
at tests.AlertTest.CloseBrowser(AlertTest.java:67)
at tests.AlertTest.CloseBrowser(AlertTest.java:67)
at tests.AlertTest.CloseBrowser(AlertTest.java:67)
at tests.AlertTest.CloseBrowser(AlertTest.java:67)
at tests.AlertTest.CloseBrowser(AlertTest.java:67)
at tests.AlertTest.CloseBrowser(AlertTest.java:67)
at tests.AlertTest.CloseBrowser(AlertTest.java:67)
at tests.AlertTest.CloseBrowser(AlertTest.java:67)
at tests.AlertTest.CloseBrowser(AlertTest.java:67)
at tests.AlertTest.CloseBrowser(AlertTest.java:67)
at tests.AlertTest.CloseBrowser(AlertTest.java:67)
at tests.AlertTest.CloseBrowser(AlertTest.java:67)
at tests.AlertTest.CloseBrowser(AlertTest.java:67)
at tests.AlertTest.CloseBrowser(AlertTest.java:67)
at tests.AlertTest.CloseBrowser(AlertTest.java:67)
at tests.AlertTest.CloseBrowser(AlertTest.java:67)
at tests.AlertTest.CloseBrowser(AlertTest.java:67)
at tests.AlertTest.CloseBrowser(AlertTest.java:67)
at tests.AlertTest.CloseBrowser(AlertTest.java:67)
at tests.AlertTest.CloseBrowser(AlertTest.java:67)
at tests.AlertTest.CloseBrowser(AlertTest.java:67)
at tests.AlertTest.CloseBrowser(AlertTest.java:67)
at tests.AlertTest.CloseBrowser(AlertTest.java:67)
at tests.AlertTest.CloseBrowser(AlertTest.java:67)
at tests.AlertTest.CloseBrowser(AlertTest.java:67)
at tests.AlertTest.CloseBrowser(AlertTest.java:67)
at tests.AlertTest.CloseBrowser(AlertTest.java:67)
at tests.AlertTest.CloseBrowser(AlertTest.java:67)
at tests.AlertTest.CloseBrowser(AlertTest.java:67)
at tests.AlertTest.CloseBrowser(AlertTest.java:67)
at tests.AlertTest.CloseBrowser(AlertTest.java:67)
at tests.AlertTest.CloseBrowser(AlertTest.java:67)
at tests.AlertTest.CloseBrowser(AlertTest.java:67)
at tests.AlertTest.CloseBrowser(AlertTest.java:67)
at tests.AlertTest.CloseBrowser(AlertTest.java:67)
at tests.AlertTest.CloseBrowser(AlertTest.java:67)
at tests.AlertTest.CloseBrowser(AlertTest.java:67)
at tests.AlertTest.CloseBrowser(AlertTest.java:67)
at tests.AlertTest.CloseBrowser(AlertTest.java:67)
at tests.AlertTest.CloseBrowser(AlertTest.java:67)
at tests.AlertTest.CloseBrowser(AlertTest.java:67)
at tests.AlertTest.CloseBrowser(AlertTest.java:67)
at tests.AlertTest.CloseBrowser(AlertTest.java:67)
at tests.AlertTest.CloseBrowser(AlertTest.java:67)
at tests.AlertTest.CloseBrowser(AlertTest.java:67)
at tests.AlertTest.CloseBrowser(AlertTest.java:67)
at tests.AlertTest.CloseBrowser(AlertTest.java:67)
at tests.AlertTest.CloseBrowser(AlertTest.java:67)
at tests.AlertTest.CloseBrowser(AlertTest.java:67)
at tests.AlertTest.CloseBrowser(AlertTest.java:67)
at tests.AlertTest.CloseBrowser(AlertTest.java:67)
at tests.AlertTest.CloseBrowser(AlertTest.java:67)
at tests.AlertTest.CloseBrowser(AlertTest.java:67)
at tests.AlertTest.CloseBrowser(AlertTest.java:67)
at tests.AlertTest.CloseBrowser(AlertTest.java:67)
at tests.AlertTest.CloseBrowser(AlertTest.java:67)
at tests.AlertTest.CloseBrowser(AlertTest.java:67)
at tests.AlertTest.CloseBrowser(AlertTest.java:67)
at tests.AlertTest.CloseBrowser(AlertTest.java:67)
at tests.AlertTest.CloseBrowser(AlertTest.java:67)
at tests.AlertTest.CloseBrowser(AlertTest.java:67)
at tests.AlertTest.CloseBrowser(AlertTest.java:67)
at tests.AlertTest.CloseBrowser(AlertTest.java:67)
at tests.AlertTest.CloseBrowser(AlertTest.java:67)
at tests.AlertTest.CloseBrowser(AlertTest.java:67)
at tests.AlertTest.CloseBrowser(AlertTest.java:67)
at tests.AlertTest.CloseBrowser(AlertTest.java:67)
at tests.AlertTest.CloseBrowser(AlertTest.java:67)
at tests.AlertTest.CloseBrowser(AlertTest.java:67)
at tests.AlertTest.CloseBrowser(AlertTest.java:67)
at tests.AlertTest.CloseBrowser(AlertTest.java:67)
at tests.AlertTest.CloseBrowser(AlertTest.java:67)
at tests.AlertTest.CloseBrowser(AlertTest.java:67)
at tests.AlertTest.CloseBrowser(AlertTest.java:67)
at tests.AlertTest.CloseBrowser(AlertTest.java:67)
at tests.AlertTest.CloseBrowser(AlertTest.java:67)
at tests.AlertTest.CloseBrowser(AlertTest.java:67)
at tests.AlertTest.CloseBrowser(AlertTest.java:67)
at tests.AlertTest.CloseBrowser(AlertTest.java:67)
at tests.AlertTest.CloseBrowser(AlertTest.java:67)
at tests.AlertTest.CloseBrowser(AlertTest.java:67)
at tests.AlertTest.CloseBrowser(AlertTest.java:67)
at tests.AlertTest.CloseBrowser(AlertTest.java:67)
at tests.AlertTest.CloseBrowser(AlertTest.java:67)
at tests.AlertTest.CloseBrowser(AlertTest.java:67)
at tests.AlertTest.CloseBrowser(AlertTest.java:67)
at tests.AlertTest.CloseBrowser(AlertTest.java:67)
at tests.AlertTest.CloseBrowser(AlertTest.java:67)
at tests.AlertTest.CloseBrowser(AlertTest.java:67)
at tests.AlertTest.CloseBrowser(AlertTest.java:67)
at tests.AlertTest.CloseBrowser(AlertTest.java:67)
at tests.AlertTest.CloseBrowser(AlertTest.java:67)
at tests.AlertTest.CloseBrowser(AlertTest.java:67)
at tests.AlertTest.CloseBrowser(AlertTest.java:67)
at tests.AlertTest.CloseBrowser(AlertTest.java:67)
at tests.AlertTest.CloseBrowser(AlertTest.java:67)
at tests.AlertTest.CloseBrowser(AlertTest.java:67)
at tests.AlertTest.CloseBrowser(AlertTest.java:67)
at tests.AlertTest.CloseBrowser(AlertTest.java:67)
at tests.AlertTest.CloseBrowser(AlertTest.java:67)
at tests.AlertTest.CloseBrowser(AlertTest.java:67)
at tests.AlertTest.CloseBrowser(AlertTest.java:67)
at tests.AlertTest.CloseBrowser(AlertTest.java:67)
at tests.AlertTest.CloseBrowser(AlertTest.java:67)
at tests.AlertTest.CloseBrowser(AlertTest.java:67)
at tests.AlertTest.CloseBrowser(AlertTest.java:67)
at tests.AlertTest.CloseBrowser(AlertTest.java:67)
at tests.AlertTest.CloseBrowser(AlertTest.java:67)
at tests.AlertTest.CloseBrowser(AlertTest.java:67)
at tests.AlertTest.CloseBrowser(AlertTest.java:67)
at tests.AlertTest.CloseBrowser(AlertTest.java:67)
at tests.AlertTest.CloseBrowser(AlertTest.java:67)
at tests.AlertTest.CloseBrowser(AlertTest.java:67)
at tests.AlertTest.CloseBrowser(AlertTest.java:67)
at tests.AlertTest.CloseBrowser(AlertTest.java:67)
at tests.AlertTest.CloseBrowser(AlertTest.java:67)
at tests.AlertTest.CloseBrowser(AlertTest.java:67)
at tests.AlertTest.CloseBrowser(AlertTest.java:67)
at tests.AlertTest.CloseBrowser(AlertTest.java:67)
at tests.AlertTest.CloseBrowser(AlertTest.java:67)
at tests.AlertTest.CloseBrowser(AlertTest.java:67)
at tests.AlertTest.CloseBrowser(AlertTest.java:67)
at tests.AlertTest.CloseBrowser(AlertTest.java:67)
at tests.AlertTest.CloseBrowser(AlertTest.java:67)
at tests.AlertTest.CloseBrowser(AlertTest.java:67)
at tests.AlertTest.CloseBrowser(AlertTest.java:67)
at tests.AlertTest.CloseBrowser(AlertTest.java:67)
at tests.AlertTest.CloseBrowser(AlertTest.java:67)
at tests.AlertTest.CloseBrowser(AlertTest.java:67)
at tests.AlertTest.CloseBrowser(AlertTest.java:67)
at tests.AlertTest.CloseBrowser(AlertTest.java:67)
at tests.AlertTest.CloseBrowser(AlertTest.java:67)
at tests.AlertTest.CloseBrowser(AlertTest.java:67)
at tests.AlertTest.CloseBrowser(AlertTest.java:67)
at tests.AlertTest.CloseBrowser(AlertTest.java:67)
at tests.AlertTest.CloseBrowser(AlertTest.java:67)
at tests.AlertTest.CloseBrowser(AlertTest.java:67)
at tests.AlertTest.CloseBrowser(AlertTest.java:67)
at tests.AlertTest.CloseBrowser(AlertTest.java:67)
at tests.AlertTest.CloseBrowser(AlertTest.java:67)
at tests.AlertTest.CloseBrowser(AlertTest.java:67)
at tests.AlertTest.CloseBrowser(AlertTest.java:67)
at tests.AlertTest.CloseBrowser(AlertTest.java:67)
at tests.AlertTest.CloseBrowser(AlertTest.java:67)
at tests.AlertTest.CloseBrowser(AlertTest.java:67)
at tests.AlertTest.CloseBrowser(AlertTest.java:67)
at tests.AlertTest.CloseBrowser(AlertTest.java:67)
at tests.AlertTest.CloseBrowser(AlertTest.java:67)
at tests.AlertTest.CloseBrowser(AlertTest.java:67)
at tests.AlertTest.CloseBrowser(AlertTest.java:67)
at tests.AlertTest.CloseBrowser(AlertTest.java:67)
at tests.AlertTest.CloseBrowser(AlertTest.java:67)
at tests.AlertTest.CloseBrowser(AlertTest.java:67)
at tests.AlertTest.CloseBrowser(AlertTest.java:67)
at tests.AlertTest.CloseBrowser(AlertTest.java:67)
at tests.AlertTest.CloseBrowser(AlertTest.java:67)
at tests.AlertTest.CloseBrowser(AlertTest.java:67)
at tests.AlertTest.CloseBrowser(AlertTest.java:67)
at tests.AlertTest.CloseBrowser(AlertTest.java:67)
at tests.AlertTest.CloseBrowser(AlertTest.java:67)
at tests.AlertTest.CloseBrowser(AlertTest.java:67)
at tests.AlertTest.CloseBrowser(AlertTest.java:67)
at tests.AlertTest.CloseBrowser(AlertTest.java:67)
at tests.AlertTest.CloseBrowser(AlertTest.java:67)
at tests.AlertTest.CloseBrowser(AlertTest.java:67)
at tests.AlertTest.CloseBrowser(AlertTest.java:67)
at tests.AlertTest.CloseBrowser(AlertTest.java:67)
at tests.AlertTest.CloseBrowser(AlertTest.java:67)
at tests.AlertTest.CloseBrowser(AlertTest.java:67)
at tests.AlertTest.CloseBrowser(AlertTest.java:67)
at tests.AlertTest.CloseBrowser(AlertTest.java:67)
at tests.AlertTest.CloseBrowser(AlertTest.java:67)
at tests.AlertTest.CloseBrowser(AlertTest.java:67)
at tests.AlertTest.CloseBrowser(AlertTest.java:67)
at tests.AlertTest.CloseBrowser(AlertTest.java:67)
at tests.AlertTest.CloseBrowser(AlertTest.java:67)
at tests.AlertTest.CloseBrowser(AlertTest.java:67)
at tests.AlertTest.CloseBrowser(AlertTest.java:67)
at tests.AlertTest.CloseBrowser(AlertTest.java:67)
at tests.AlertTest.CloseBrowser(AlertTest.java:67)
at tests.AlertTest.CloseBrowser(AlertTest.java:67)
at tests.AlertTest.CloseBrowser(AlertTest.java:67)
at tests.AlertTest.CloseBrowser(AlertTest.java:67)
at tests.AlertTest.CloseBrowser(AlertTest.java:67)
at tests.AlertTest.CloseBrowser(AlertTest.java:67)
at tests.AlertTest.CloseBrowser(AlertTest.java:67)
at tests.AlertTest.CloseBrowser(AlertTest.java:67)
at tests.AlertTest.CloseBrowser(AlertTest.java:67)
at tests.AlertTest.CloseBrowser(AlertTest.java:67)
at tests.AlertTest.CloseBrowser(AlertTest.java:67)
at tests.AlertTest.CloseBrowser(AlertTest.java:67)
at tests.AlertTest.CloseBrowser(AlertTest.java:67)
at tests.AlertTest.CloseBrowser(AlertTest.java:67)
at tests.AlertTest.CloseBrowser(AlertTest.java:67)
at tests.AlertTest.CloseBrowser(AlertTest.java:67)
at tests.AlertTest.CloseBrowser(AlertTest.java:67)
at tests.AlertTest.CloseBrowser(AlertTest.java:67)
at tests.AlertTest.CloseBrowser(AlertTest.java:67)
at tests.AlertTest.CloseBrowser(AlertTest.java:67)
at tests.AlertTest.CloseBrowser(AlertTest.java:67)
at tests.AlertTest.CloseBrowser(AlertTest.java:67)
at tests.AlertTest.CloseBrowser(AlertTest.java:67)
at tests.AlertTest.CloseBrowser(AlertTest.java:67)
at tests.AlertTest.CloseBrowser(AlertTest.java:67)
at tests.AlertTest.CloseBrowser(AlertTest.java:67)
at tests.AlertTest.CloseBrowser(AlertTest.java:67)
at tests.AlertTest.CloseBrowser(AlertTest.java:67)
at tests.AlertTest.CloseBrowser(AlertTest.java:67)
at tests.AlertTest.CloseBrowser(AlertTest.java:67)
at tests.AlertTest.CloseBrowser(AlertTest.java:67)
at tests.AlertTest.CloseBrowser(AlertTest.java:67)
at tests.AlertTest.CloseBrowser(AlertTest.java:67)
at tests.AlertTest.CloseBrowser(AlertTest.java:67)
at tests.AlertTest.CloseBrowser(AlertTest.java:67)
at tests.AlertTest.CloseBrowser(AlertTest.java:67)
at tests.AlertTest.CloseBrowser(AlertTest.java:67)
at tests.AlertTest.CloseBrowser(AlertTest.java:67)
at tests.AlertTest.CloseBrowser(AlertTest.java:67)
at tests.AlertTest.CloseBrowser(AlertTest.java:67)
at tests.AlertTest.CloseBrowser(AlertTest.java:67)
at tests.AlertTest.CloseBrowser(AlertTest.java:67)
at tests.AlertTest.CloseBrowser(AlertTest.java:67)
at tests.AlertTest.CloseBrowser(AlertTest.java:67)
at tests.AlertTest.CloseBrowser(AlertTest.java:67)
at tests.AlertTest.CloseBrowser(AlertTest.java:67)
at tests.AlertTest.CloseBrowser(AlertTest.java:67)
at tests.AlertTest.CloseBrowser(AlertTest.java:67)
at tests.AlertTest.CloseBrowser(AlertTest.java:67)
at tests.AlertTest.CloseBrowser(AlertTest.java:67)
at tests.AlertTest.CloseBrowser(AlertTest.java:67)
at tests.AlertTest.CloseBrowser(AlertTest.java:67)
at tests.AlertTest.CloseBrowser(AlertTest.java:67)
at tests.AlertTest.CloseBrowser(AlertTest.java:67)
at tests.AlertTest.CloseBrowser(AlertTest.java:67)
at tests.AlertTest.CloseBrowser(AlertTest.java:67)
at tests.AlertTest.CloseBrowser(AlertTest.java:67)
at tests.AlertTest.CloseBrowser(AlertTest.java:67)
at tests.AlertTest.CloseBrowser(AlertTest.java:67)
at tests.AlertTest.CloseBrowser(AlertTest.java:67)
at tests.AlertTest.CloseBrowser(AlertTest.java:67)
at tests.AlertTest.CloseBrowser(AlertTest.java:67)
at tests.AlertTest.CloseBrowser(AlertTest.java:67)
at tests.AlertTest.CloseBrowser(AlertTest.java:67)
at tests.AlertTest.CloseBrowser(AlertTest.java:67)
at tests.AlertTest.CloseBrowser(AlertTest.java:67)
at tests.AlertTest.CloseBrowser(AlertTest.java:67)
at tests.AlertTest.CloseBrowser(AlertTest.java:67)
at tests.AlertTest.CloseBrowser(AlertTest.java:67)
at tests.AlertTest.CloseBrowser(AlertTest.java:67)
at tests.AlertTest.CloseBrowser(AlertTest.java:67)
at tests.AlertTest.CloseBrowser(AlertTest.java:67)
at tests.AlertTest.CloseBrowser(AlertTest.java:67)
at tests.AlertTest.CloseBrowser(AlertTest.java:67)
at tests.AlertTest.CloseBrowser(AlertTest.java:67)
at tests.AlertTest.CloseBrowser(AlertTest.java:67)
at tests.AlertTest.CloseBrowser(AlertTest.java:67)
at tests.AlertTest.CloseBrowser(AlertTest.java:67)
at tests.AlertTest.CloseBrowser(AlertTest.java:67)
at tests.AlertTest.CloseBrowser(AlertTest.java:67)
at tests.AlertTest.CloseBrowser(AlertTest.java:67)
at tests.AlertTest.CloseBrowser(AlertTest.java:67)
at tests.AlertTest.CloseBrowser(AlertTest.java:67)
at tests.AlertTest.CloseBrowser(AlertTest.java:67)
at tests.AlertTest.CloseBrowser(AlertTest.java:67)
at tests.AlertTest.CloseBrowser(AlertTest.java:67)
at tests.AlertTest.CloseBrowser(AlertTest.java:67)
at tests.AlertTest.CloseBrowser(AlertTest.java:67)
at tests.AlertTest.CloseBrowser(AlertTest.java:67)
at tests.AlertTest.CloseBrowser(AlertTest.java:67)
at tests.AlertTest.CloseBrowser(AlertTest.java:67)
at tests.AlertTest.CloseBrowser(AlertTest.java:67)
at tests.AlertTest.CloseBrowser(AlertTest.java:67)
at tests.AlertTest.CloseBrowser(AlertTest.java:67)
at tests.AlertTest.CloseBrowser(AlertTest.java:67)
at tests.AlertTest.CloseBrowser(AlertTest.java:67)
at tests.AlertTest.CloseBrowser(AlertTest.java:67)
at tests.AlertTest.CloseBrowser(AlertTest.java:67)
at tests.AlertTest.CloseBrowser(AlertTest.java:67)
at tests.AlertTest.CloseBrowser(AlertTest.java:67)
at tests.AlertTest.CloseBrowser(AlertTest.java:67)
at tests.AlertTest.CloseBrowser(AlertTest.java:67)
at tests.AlertTest.CloseBrowser(AlertTest.java:67)
at tests.AlertTest.CloseBrowser(AlertTest.java:67)
at tests.AlertTest.CloseBrowser(AlertTest.java:67)
at tests.AlertTest.CloseBrowser(AlertTest.java:67)
at tests.AlertTest.CloseBrowser(AlertTest.java:67)
at tests.AlertTest.CloseBrowser(AlertTest.java:67)
at tests.AlertTest.CloseBrowser(AlertTest.java:67)
at tests.AlertTest.CloseBrowser(AlertTest.java:67)
at tests.AlertTest.CloseBrowser(AlertTest.java:67)
at tests.AlertTest.CloseBrowser(AlertTest.java:67)
at tests.AlertTest.CloseBrowser(AlertTest.java:67)
at tests.AlertTest.CloseBrowser(AlertTest.java:67)
at tests.AlertTest.CloseBrowser(AlertTest.java:67)
at tests.AlertTest.CloseBrowser(AlertTest.java:67)
at tests.AlertTest.CloseBrowser(AlertTest.java:67)
at tests.AlertTest.CloseBrowser(AlertTest.java:67)
at tests.AlertTest.CloseBrowser(AlertTest.java:67)
at tests.AlertTest.CloseBrowser(AlertTest.java:67)
at tests.AlertTest.CloseBrowser(AlertTest.java:67)
at tests.AlertTest.CloseBrowser(AlertTest.java:67)
at tests.AlertTest.CloseBrowser(AlertTest.java:67)
at tests.AlertTest.CloseBrowser(AlertTest.java:67)
at tests.AlertTest.CloseBrowser(AlertTest.java:67)
at tests.AlertTest.CloseBrowser(AlertTest.java:67)
at tests.AlertTest.CloseBrowser(AlertTest.java:67)
at tests.AlertTest.CloseBrowser(AlertTest.java:67)
at tests.AlertTest.CloseBrowser(AlertTest.java:67)
at tests.AlertTest.CloseBrowser(AlertTest.java:67)
at tests.AlertTest.CloseBrowser(AlertTest.java:67)
at tests.AlertTest.CloseBrowser(AlertTest.java:67)
at tests.AlertTest.CloseBrowser(AlertTest.java:67)
at tests.AlertTest.CloseBrowser(AlertTest.java:67)
at tests.AlertTest.CloseBrowser(AlertTest.java:67)
at tests.AlertTest.CloseBrowser(AlertTest.java:67)
at tests.AlertTest.CloseBrowser(AlertTest.java:67)
at tests.AlertTest.CloseBrowser(AlertTest.java:67)
at tests.AlertTest.CloseBrowser(AlertTest.java:67)
at tests.AlertTest.CloseBrowser(AlertTest.java:67)
at tests.AlertTest.CloseBrowser(AlertTest.java:67)
at tests.AlertTest.CloseBrowser(AlertTest.java:67)
at tests.AlertTest.CloseBrowser(AlertTest.java:67)
at tests.AlertTest.CloseBrowser(AlertTest.java:67)
at tests.AlertTest.CloseBrowser(AlertTest.java:67)
at tests.AlertTest.CloseBrowser(AlertTest.java:67)
at tests.AlertTest.CloseBrowser(AlertTest.java:67)
at tests.AlertTest.CloseBrowser(AlertTest.java:67)
at tests.AlertTest.CloseBrowser(AlertTest.java:67)
at tests.AlertTest.CloseBrowser(AlertTest.java:67)
at tests.AlertTest.CloseBrowser(AlertTest.java:67)
at tests.AlertTest.CloseBrowser(AlertTest.java:67)
at tests.AlertTest.CloseBrowser(AlertTest.java:67)
at tests.AlertTest.CloseBrowser(AlertTest.java:67)
at tests.AlertTest.CloseBrowser(AlertTest.java:67)
at tests.AlertTest.CloseBrowser(AlertTest.java:67)
at tests.AlertTest.CloseBrowser(AlertTest.java:67)
at tests.AlertTest.CloseBrowser(AlertTest.java:67)
at tests.AlertTest.CloseBrowser(AlertTest.java:67)
at tests.AlertTest.CloseBrowser(AlertTest.java:67)
at tests.AlertTest.CloseBrowser(AlertTest.java:67)
at tests.AlertTest.CloseBrowser(AlertTest.java:67)
at tests.AlertTest.CloseBrowser(AlertTest.java:67)
at tests.AlertTest.CloseBrowser(AlertTest.java:67)
at tests.AlertTest.CloseBrowser(AlertTest.java:67)
at tests.AlertTest.CloseBrowser(AlertTest.java:67)
at tests.AlertTest.CloseBrowser(AlertTest.java:67)
at tests.AlertTest.CloseBrowser(AlertTest.java:67)
at tests.AlertTest.CloseBrowser(AlertTest.java:67)
at tests.AlertTest.CloseBrowser(AlertTest.java:67)
at tests.AlertTest.CloseBrowser(AlertTest.java:67)
at tests.AlertTest.CloseBrowser(AlertTest.java:67)
at tests.AlertTest.CloseBrowser(AlertTest.java:67)
at tests.AlertTest.CloseBrowser(AlertTest.java:67)
at tests.AlertTest.CloseBrowser(AlertTest.java:67)
at tests.AlertTest.CloseBrowser(AlertTest.java:67)
at tests.AlertTest.CloseBrowser(AlertTest.java:67)
at tests.AlertTest.CloseBrowser(AlertTest.java:67)
at tests.AlertTest.CloseBrowser(AlertTest.java:67)
at tests.AlertTest.CloseBrowser(AlertTest.java:67)
at tests.AlertTest.CloseBrowser(AlertTest.java:67)
at tests.AlertTest.CloseBrowser(AlertTest.java:67)
at tests.AlertTest.CloseBrowser(AlertTest.java:67)
at tests.AlertTest.CloseBrowser(AlertTest.java:67)
at tests.AlertTest.CloseBrowser(AlertTest.java:67)
at tests.AlertTest.CloseBrowser(AlertTest.java:67)
at tests.AlertTest.CloseBrowser(AlertTest.java:67)
at tests.AlertTest.CloseBrowser(AlertTest.java:67)
at tests.AlertTest.CloseBrowser(AlertTest.java:67)
at tests.AlertTest.CloseBrowser(AlertTest.java:67)
at tests.AlertTest.CloseBrowser(AlertTest.java:67)
at tests.AlertTest.CloseBrowser(AlertTest.java:67)
at tests.AlertTest.CloseBrowser(AlertTest.java:67)
at tests.AlertTest.CloseBrowser(AlertTest.java:67)
at tests.AlertTest.CloseBrowser(AlertTest.java:67)
at tests.AlertTest.CloseBrowser(AlertTest.java:67)
at tests.AlertTest.CloseBrowser(AlertTest.java:67)
at tests.AlertTest.CloseBrowser(AlertTest.java:67)
at tests.AlertTest.CloseBrowser(AlertTest.java:67)
at tests.AlertTest.CloseBrowser(AlertTest.java:67)
at tests.AlertTest.CloseBrowser(AlertTest.java:67)
at tests.AlertTest.CloseBrowser(AlertTest.java:67)
at tests.AlertTest.CloseBrowser(AlertTest.java:67)
at tests.AlertTest.CloseBrowser(AlertTest.java:67)
at tests.AlertTest.CloseBrowser(AlertTest.java:67)
at tests.AlertTest.CloseBrowser(AlertTest.java:67)
at tests.AlertTest.CloseBrowser(AlertTest.java:67)
at tests.AlertTest.CloseBrowser(AlertTest.java:67)
at tests.AlertTest.CloseBrowser(AlertTest.java:67)
at tests.AlertTest.CloseBrowser(AlertTest.java:67)
at tests.AlertTest.CloseBrowser(AlertTest.java:67)
at tests.AlertTest.CloseBrowser(AlertTest.java:67)
at tests.AlertTest.CloseBrowser(AlertTest.java:67)
at tests.AlertTest.CloseBrowser(AlertTest.java:67)
at tests.AlertTest.CloseBrowser(AlertTest.java:67)
at tests.AlertTest.CloseBrowser(AlertTest.java:67)
at tests.AlertTest.CloseBrowser(AlertTest.java:67)
at tests.AlertTest.CloseBrowser(AlertTest.java:67)
at tests.AlertTest.CloseBrowser(AlertTest.java:67)
at tests.AlertTest.CloseBrowser(AlertTest.java:67)
at tests.AlertTest.CloseBrowser(AlertTest.java:67)
at tests.AlertTest.CloseBrowser(AlertTest.java:67)
at tests.AlertTest.CloseBrowser(AlertTest.java:67)
at tests.AlertTest.CloseBrowser(AlertTest.java:67)
at tests.AlertTest.CloseBrowser(AlertTest.java:67)
at tests.AlertTest.CloseBrowser(AlertTest.java:67)
at tests.AlertTest.CloseBrowser(AlertTest.java:67)
at tests.AlertTest.CloseBrowser(AlertTest.java:67)
at tests.AlertTest.CloseBrowser(AlertTest.java:67)
at tests.AlertTest.CloseBrowser(AlertTest.java:67)
at tests.AlertTest.CloseBrowser(AlertTest.java:67)
at tests.AlertTest.CloseBrowser(AlertTest.java:67)
at tests.AlertTest.CloseBrowser(AlertTest.java:67)
at tests.AlertTest.CloseBrowser(AlertTest.java:67)
at tests.AlertTest.CloseBrowser(AlertTest.java:67)
at tests.AlertTest.CloseBrowser(AlertTest.java:67)
at tests.AlertTest.CloseBrowser(AlertTest.java:67)
at tests.AlertTest.CloseBrowser(AlertTest.java:67)
at tests.AlertTest.CloseBrowser(AlertTest.java:67)
at tests.AlertTest.CloseBrowser(AlertTest.java:67)
at tests.AlertTest.CloseBrowser(AlertTest.java:67)
at tests.AlertTest.CloseBrowser(AlertTest.java:67)
at tests.AlertTest.CloseBrowser(AlertTest.java:67)
at tests.AlertTest.CloseBrowser(AlertTest.java:67)
at tests.AlertTest.CloseBrowser(AlertTest.java:67)
at tests.AlertTest.CloseBrowser(AlertTest.java:67)
at tests.AlertTest.CloseBrowser(AlertTest.java:67)
at tests.AlertTest.CloseBrowser(AlertTest.java:67)
at tests.AlertTest.CloseBrowser(AlertTest.java:67)
at tests.AlertTest.CloseBrowser(AlertTest.java:67)
at tests.AlertTest.CloseBrowser(AlertTest.java:67)
at tests.AlertTest.CloseBrowser(AlertTest.java:67)
at tests.AlertTest.CloseBrowser(AlertTest.java:67)
at tests.AlertTest.CloseBrowser(AlertTest.java:67)
at tests.AlertTest.CloseBrowser(AlertTest.java:67)
at tests.AlertTest.CloseBrowser(AlertTest.java:67)
at tests.AlertTest.CloseBrowser(AlertTest.java:67)
at tests.AlertTest.CloseBrowser(AlertTest.java:67)
at tests.AlertTest.CloseBrowser(AlertTest.java:67)
at tests.AlertTest.CloseBrowser(AlertTest.java:67)
at tests.AlertTest.CloseBrowser(AlertTest.java:67)
at tests.AlertTest.CloseBrowser(AlertTest.java:67)
at tests.AlertTest.CloseBrowser(AlertTest.java:67)
at tests.AlertTest.CloseBrowser(AlertTest.java:67)
at tests.AlertTest.CloseBrowser(AlertTest.java:67)
at tests.AlertTest.CloseBrowser(AlertTest.java:67)
at tests.AlertTest.CloseBrowser(AlertTest.java:67)
at tests.AlertTest.CloseBrowser(AlertTest.java:67)
at tests.AlertTest.CloseBrowser(AlertTest.java:67)
at tests.AlertTest.CloseBrowser(AlertTest.java:67)
at tests.AlertTest.CloseBrowser(AlertTest.java:67)
at tests.AlertTest.CloseBrowser(AlertTest.java:67)
at tests.AlertTest.CloseBrowser(AlertTest.java:67)
at tests.AlertTest.CloseBrowser(AlertTest.java:67)
at tests.AlertTest.CloseBrowser(AlertTest.java:67)
at tests.AlertTest.CloseBrowser(AlertTest.java:67)
at tests.AlertTest.CloseBrowser(AlertTest.java:67)
at tests.AlertTest.CloseBrowser(AlertTest.java:67)
at tests.AlertTest.CloseBrowser(AlertTest.java:67)
at tests.AlertTest.CloseBrowser(AlertTest.java:67)
at tests.AlertTest.CloseBrowser(AlertTest.java:67)
at tests.AlertTest.CloseBrowser(AlertTest.java:67)
at tests.AlertTest.CloseBrowser(AlertTest.java:67)
at tests.AlertTest.CloseBrowser(AlertTest.java:67)
at tests.AlertTest.CloseBrowser(AlertTest.java:67)
at tests.AlertTest.CloseBrowser(AlertTest.java:67)
at tests.AlertTest.CloseBrowser(AlertTest.java:67)
at tests.AlertTest.CloseBrowser(AlertTest.java:67)
at tests.AlertTest.CloseBrowser(AlertTest.java:67)
at tests.AlertTest.CloseBrowser(AlertTest.java:67)
at tests.AlertTest.CloseBrowser(AlertTest.java:67)
at tests.AlertTest.CloseBrowser(AlertTest.java:67)
at tests.AlertTest.CloseBrowser(AlertTest.java:67)
at tests.AlertTest.CloseBrowser(AlertTest.java:67)
at tests.AlertTest.CloseBrowser(AlertTest.java:67)
at tests.AlertTest.CloseBrowser(AlertTest.java:67)
at tests.AlertTest.CloseBrowser(AlertTest.java:67)
at tests.AlertTest.CloseBrowser(AlertTest.java:67)
at tests.AlertTest.CloseBrowser(AlertTest.java:67)
at tests.AlertTest.CloseBrowser(AlertTest.java:67)
at tests.AlertTest.CloseBrowser(AlertTest.java:67)
at tests.AlertTest.CloseBrowser(AlertTest.java:67)
at tests.AlertTest.CloseBrowser(AlertTest.java:67)
at tests.AlertTest.CloseBrowser(AlertTest.java:67)
at tests.AlertTest.CloseBrowser(AlertTest.java:67)
at tests.AlertTest.CloseBrowser(AlertTest.java:67)
at tests.AlertTest.CloseBrowser(AlertTest.java:67)
at tests.AlertTest.CloseBrowser(AlertTest.java:67)
at tests.AlertTest.CloseBrowser(AlertTest.java:67)
at tests.AlertTest.CloseBrowser(AlertTest.java:67)
at tests.AlertTest.CloseBrowser(AlertTest.java:67)
at tests.AlertTest.CloseBrowser(AlertTest.java:67)
at tests.AlertTest.CloseBrowser(AlertTest.java:67)
at tests.AlertTest.CloseBrowser(AlertTest.java:67)
at tests.AlertTest.CloseBrowser(AlertTest.java:67)
at tests.AlertTest.CloseBrowser(AlertTest.java:67)
at tests.AlertTest.CloseBrowser(AlertTest.java:67)
at tests.AlertTest.CloseBrowser(AlertTest.java:67)
at tests.AlertTest.CloseBrowser(AlertTest.java:67)
at tests.AlertTest.CloseBrowser(AlertTest.java:67)
at tests.AlertTest.CloseBrowser(AlertTest.java:67)
at tests.AlertTest.CloseBrowser(AlertTest.java:67)
at tests.AlertTest.CloseBrowser(AlertTest.java:67)
at tests.AlertTest.CloseBrowser(AlertTest.java:67)
at tests.AlertTest.CloseBrowser(AlertTest.java:67)
at tests.AlertTest.CloseBrowser(AlertTest.java:67)
at tests.AlertTest.CloseBrowser(AlertTest.java:67)
at tests.AlertTest.CloseBrowser(AlertTest.java:67)
at tests.AlertTest.CloseBrowser(AlertTest.java:67)
at tests.AlertTest.CloseBrowser(AlertTest.java:67)
at tests.AlertTest.CloseBrowser(AlertTest.java:67)
at tests.AlertTest.CloseBrowser(AlertTest.java:67)
at tests.AlertTest.CloseBrowser(AlertTest.java:67)
at tests.AlertTest.CloseBrowser(AlertTest.java:67)
at tests.AlertTest.CloseBrowser(AlertTest.java:67)
at tests.AlertTest.CloseBrowser(AlertTest.java:67)
at tests.AlertTest.CloseBrowser(AlertTest.java:67)
at tests.AlertTest.CloseBrowser(AlertTest.java:67)
at tests.AlertTest.CloseBrowser(AlertTest.java:67)
at tests.AlertTest.CloseBrowser(AlertTest.java:67)
at tests.AlertTest.CloseBrowser(AlertTest.java:67)
at tests.AlertTest.CloseBrowser(AlertTest.java:67)
at tests.AlertTest.CloseBrowser(AlertTest.java:67)
at tests.AlertTest.CloseBrowser(AlertTest.java:67)
at tests.AlertTest.CloseBrowser(AlertTest.java:67)
at tests.AlertTest.CloseBrowser(AlertTest.java:67)
at tests.AlertTest.CloseBrowser(AlertTest.java:67)
at tests.AlertTest.CloseBrowser(AlertTest.java:67)
at tests.AlertTest.CloseBrowser(AlertTest.java:67)
at tests.AlertTest.CloseBrowser(AlertTest.java:67)
at tests.AlertTest.CloseBrowser(AlertTest.java:67)
at tests.AlertTest.CloseBrowser(AlertTest.java:67)
at tests.AlertTest.CloseBrowser(AlertTest.java:67)
at tests.AlertTest.CloseBrowser(AlertTest.java:67)
at tests.AlertTest.CloseBrowser(AlertTest.java:67)
at tests.AlertTest.CloseBrowser(AlertTest.java:67)
at tests.AlertTest.CloseBrowser(AlertTest.java:67)
at tests.AlertTest.CloseBrowser(AlertTest.java:67)
at tests.AlertTest.CloseBrowser(AlertTest.java:67)
at tests.AlertTest.CloseBrowser(AlertTest.java:67)
at tests.AlertTest.CloseBrowser(AlertTest.java:67)
at tests.AlertTest.CloseBrowser(AlertTest.java:67)
at tests.AlertTest.CloseBrowser(AlertTest.java:67)
at tests.AlertTest.CloseBrowser(AlertTest.java:67)
at tests.AlertTest.CloseBrowser(AlertTest.java:67)
at tests.AlertTest.CloseBrowser(AlertTest.java:67)
at tests.AlertTest.CloseBrowser(AlertTest.java:67)
at tests.AlertTest.CloseBrowser(AlertTest.java:67)
at tests.AlertTest.CloseBrowser(AlertTest.java:67)
at tests.AlertTest.CloseBrowser(AlertTest.java:67)
at tests.AlertTest.CloseBrowser(AlertTest.java:67)
at tests.AlertTest.CloseBrowser(AlertTest.java:67)
at tests.AlertTest.CloseBrowser(AlertTest.java:67)
at tests.AlertTest.CloseBrowser(AlertTest.java:67)
at tests.AlertTest.CloseBrowser(AlertTest.java:67)
at tests.AlertTest.CloseBrowser(AlertTest.java:67)
at tests.AlertTest.CloseBrowser(AlertTest.java:67)
at tests.AlertTest.CloseBrowser(AlertTest.java:67)
at tests.AlertTest.CloseBrowser(AlertTest.java:67)
at tests.AlertTest.CloseBrowser(AlertTest.java:67)
at tests.AlertTest.CloseBrowser(AlertTest.java:67)
at tests.AlertTest.CloseBrowser(AlertTest.java:67)
at tests.AlertTest.CloseBrowser(AlertTest.java:67)
at tests.AlertTest.CloseBrowser(AlertTest.java:67)
at tests.AlertTest.CloseBrowser(AlertTest.java:67)
at tests.AlertTest.CloseBrowser(AlertTest.java:67)
at tests.AlertTest.CloseBrowser(AlertTest.java:67)
at tests.AlertTest.CloseBrowser(AlertTest.java:67)
at tests.AlertTest.CloseBrowser(AlertTest.java:67)
at tests.AlertTest.CloseBrowser(AlertTest.java:67)
at tests.AlertTest.CloseBrowser(AlertTest.java:67)
at tests.AlertTest.CloseBrowser(AlertTest.java:67)
at tests.AlertTest.CloseBrowser(AlertTest.java:67)
at tests.AlertTest.CloseBrowser(AlertTest.java:67)
at tests.AlertTest.CloseBrowser(AlertTest.java:67)
at tests.AlertTest.CloseBrowser(AlertTest.java:67)
at tests.AlertTest.CloseBrowser(AlertTest.java:67)
at tests.AlertTest.CloseBrowser(AlertTest.java:67)
at tests.AlertTest.CloseBrowser(AlertTest.java:67)
at tests.AlertTest.CloseBrowser(AlertTest.java:67)
at tests.AlertTest.CloseBrowser(AlertTest.java:67)
at tests.AlertTest.CloseBrowser(AlertTest.java:67)
at tests.AlertTest.CloseBrowser(AlertTest.java:67)
at tests.AlertTest.CloseBrowser(AlertTest.java:67)
at tests.AlertTest.CloseBrowser(AlertTest.java:67)
at tests.AlertTest.CloseBrowser(AlertTest.java:67)
at tests.AlertTest.CloseBrowser(AlertTest.java:67)
at tests.AlertTest.CloseBrowser(AlertTest.java:67)
at tests.AlertTest.CloseBrowser(AlertTest.java:67)
at tests.AlertTest.CloseBrowser(AlertTest.java:67)
at tests.AlertTest.CloseBrowser(AlertTest.java:67)
at tests.AlertTest.CloseBrowser(AlertTest.java:67)
at tests.AlertTest.CloseBrowser(AlertTest.java:67)
at tests.AlertTest.CloseBrowser(AlertTest.java:67)
at tests.AlertTest.CloseBrowser(AlertTest.java:67)
at tests.AlertTest.CloseBrowser(AlertTest.java:67)
at tests.AlertTest.CloseBrowser(AlertTest.java:67)
at tests.AlertTest.CloseBrowser(AlertTest.java:67)
at tests.AlertTest.CloseBrowser(AlertTest.java:67)
at tests.AlertTest.CloseBrowser(AlertTest.java:67)
at tests.AlertTest.CloseBrowser(AlertTest.java:67)
at tests.AlertTest.CloseBrowser(AlertTest.java:67)
at tests.AlertTest.CloseBrowser(AlertTest.java:67)
at tests.AlertTest.CloseBrowser(AlertTest.java:67)
at tests.AlertTest.CloseBrowser(AlertTest.java:67)
at tests.AlertTest.CloseBrowser(AlertTest.java:67)
at tests.AlertTest.CloseBrowser(AlertTest.java:67)
at tests.AlertTest.CloseBrowser(AlertTest.java:67)
at tests.AlertTest.CloseBrowser(AlertTest.java:67)
at tests.AlertTest.CloseBrowser(AlertTest.java:67)
at tests.AlertTest.CloseBrowser(AlertTest.java:67)
at tests.AlertTest.CloseBrowser(AlertTest.java:67)
at tests.AlertTest.CloseBrowser(AlertTest.java:67)
at tests.AlertTest.CloseBrowser(AlertTest.java:67)
at tests.AlertTest.CloseBrowser(AlertTest.java:67)
at tests.AlertTest.CloseBrowser(AlertTest.java:67)
at tests.AlertTest.CloseBrowser(AlertTest.java:67)
at tests.AlertTest.CloseBrowser(AlertTest.java:67)
at tests.AlertTest.CloseBrowser(AlertTest.java:67)
at tests.AlertTest.CloseBrowser(AlertTest.java:67)
at tests.AlertTest.CloseBrowser(AlertTest.java:67)
at tests.AlertTest.CloseBrowser(AlertTest.java:67)
at tests.AlertTest.CloseBrowser(AlertTest.java:67)
at tests.AlertTest.CloseBrowser(AlertTest.java:67)
at tests.AlertTest.CloseBrowser(AlertTest.java:67)
at tests.AlertTest.CloseBrowser(AlertTest.java:67)
at tests.AlertTest.CloseBrowser(AlertTest.java:67)
at tests.AlertTest.CloseBrowser(AlertTest.java:67)
at tests.AlertTest.CloseBrowser(AlertTest.java:67)
at tests.AlertTest.CloseBrowser(AlertTest.java:67)
at tests.AlertTest.CloseBrowser(AlertTest.java:67)
at tests.AlertTest.CloseBrowser(AlertTest.java:67)
at tests.AlertTest.CloseBrowser(AlertTest.java:67)
at tests.AlertTest.CloseBrowser(AlertTest.java:67)
at tests.AlertTest.CloseBrowser(AlertTest.java:67)
at tests.AlertTest.CloseBrowser(AlertTest.java:67)
at tests.AlertTest.CloseBrowser(AlertTest.java:67)
at tests.AlertTest.CloseBrowser(AlertTest.java:67)
at tests.AlertTest.CloseBrowser(AlertTest.java:67)
at tests.AlertTest.CloseBrowser(AlertTest.java:67)
at tests.AlertTest.CloseBrowser(AlertTest.java:67)
at tests.AlertTest.CloseBrowser(AlertTest.java:67)
at tests.AlertTest.CloseBrowser(AlertTest.java:67)
at tests.AlertTest.CloseBrowser(AlertTest.java:67)
at tests.AlertTest.CloseBrowser(AlertTest.java:67)
at tests.AlertTest.CloseBrowser(AlertTest.java:67)
at tests.AlertTest.CloseBrowser(AlertTest.java:67)
at tests.AlertTest.CloseBrowser(AlertTest.java:67)
at tests.AlertTest.CloseBrowser(AlertTest.java:67)
at tests.AlertTest.CloseBrowser(AlertTest.java:67)
at tests.AlertTest.CloseBrowser(AlertTest.java:67)
at tests.AlertTest.CloseBrowser(AlertTest.java:67)
at tests.AlertTest.CloseBrowser(AlertTest.java:67)
at tests.AlertTest.CloseBrowser(AlertTest.java:67)
at tests.AlertTest.CloseBrowser(AlertTest.java:67)
at tests.AlertTest.CloseBrowser(AlertTest.java:67)
at tests.AlertTest.CloseBrowser(AlertTest.java:67)
at tests.AlertTest.CloseBrowser(AlertTest.java:67)
at tests.AlertTest.CloseBrowser(AlertTest.java:67)
at tests.AlertTest.CloseBrowser(AlertTest.java:67)
at tests.AlertTest.CloseBrowser(AlertTest.java:67)
at tests.AlertTest.CloseBrowser(AlertTest.java:67)
at tests.AlertTest.CloseBrowser(AlertTest.java:67)
at tests.AlertTest.CloseBrowser(AlertTest.java:67)
at tests.AlertTest.CloseBrowser(AlertTest.java:67)
at tests.AlertTest.CloseBrowser(AlertTest.java:67)
at tests.AlertTest.CloseBrowser(AlertTest.java:67)
at tests.AlertTest.CloseBrowser(AlertTest.java:67)
at tests.AlertTest.CloseBrowser(AlertTest.java:67)
at tests.AlertTest.CloseBrowser(AlertTest.java:67)
at tests.AlertTest.CloseBrowser(AlertTest.java:67)
at tests.AlertTest.CloseBrowser(AlertTest.java:67)
at tests.AlertTest.CloseBrowser(AlertTest.java:67)
at tests.AlertTest.CloseBrowser(AlertTest.java:67)
at tests.AlertTest.CloseBrowser(AlertTest.java:67)
at tests.AlertTest.CloseBrowser(AlertTest.java:67)
at tests.AlertTest.CloseBrowser(AlertTest.java:67)
at tests.AlertTest.CloseBrowser(AlertTest.java:67)
at tests.AlertTest.CloseBrowser(AlertTest.java:67)
at tests.AlertTest.CloseBrowser(AlertTest.java:67)
at tests.AlertTest.CloseBrowser(AlertTest.java:67)
at tests.AlertTest.CloseBrowser(AlertTest.java:67)
at tests.AlertTest.CloseBrowser(AlertTest.java:67)
at tests.AlertTest.CloseBrowser(AlertTest.java:67)
at tests.AlertTest.CloseBrowser(AlertTest.java:67)
at tests.AlertTest.CloseBrowser(AlertTest.java:67)
at tests.AlertTest.CloseBrowser(AlertTest.java:67)
at tests.AlertTest.CloseBrowser(AlertTest.java:67)
at tests.AlertTest.CloseBrowser(AlertTest.java:67)
at tests.AlertTest.CloseBrowser(AlertTest.java:67)
at tests.AlertTest.CloseBrowser(AlertTest.java:67)
at tests.AlertTest.CloseBrowser(AlertTest.java:67)
at tests.AlertTest.CloseBrowser(AlertTest.java:67)
at tests.AlertTest.CloseBrowser(AlertTest.java:67)
at tests.AlertTest.CloseBrowser(AlertTest.java:67)
at tests.AlertTest.CloseBrowser(AlertTest.java:67)
at tests.AlertTest.CloseBrowser(AlertTest.java:67)
at tests.AlertTest.CloseBrowser(AlertTest.java:67)
at tests.AlertTest.CloseBrowser(AlertTest.java:67)
at tests.AlertTest.CloseBrowser(AlertTest.java:67)
at tests.AlertTest.CloseBrowser(AlertTest.java:67)
at tests.AlertTest.CloseBrowser(AlertTest.java:67)
at tests.AlertTest.CloseBrowser(AlertTest.java:67)
at tests.AlertTest.CloseBrowser(AlertTest.java:67)
at tests.AlertTest.CloseBrowser(AlertTest.java:67)
at tests.AlertTest.CloseBrowser(AlertTest.java:67)
at tests.AlertTest.CloseBrowser(AlertTest.java:67)
at tests.AlertTest.CloseBrowser(AlertTest.java:67)
at tests.AlertTest.CloseBrowser(AlertTest.java:67)
at tests.AlertTest.CloseBrowser(AlertTest.java:67)
at tests.AlertTest.CloseBrowser(AlertTest.java:67)
at tests.AlertTest.CloseBrowser(AlertTest.java:67)
at tests.AlertTest.CloseBrowser(AlertTest.java:67)
at tests.AlertTest.CloseBrowser(AlertTest.java:67)
at tests.AlertTest.CloseBrowser(AlertTest.java:67)
at tests.AlertTest.CloseBrowser(AlertTest.java:67)
at tests.AlertTest.CloseBrowser(AlertTest.java:67)
at tests.AlertTest.CloseBrowser(AlertTest.java:67)
at tests.AlertTest.CloseBrowser(AlertTest.java:67)
at tests.AlertTest.CloseBrowser(AlertTest.java:67)
at tests.AlertTest.CloseBrowser(AlertTest.java:67)
at tests.AlertTest.CloseBrowser(AlertTest.java:67)
at tests.AlertTest.CloseBrowser(AlertTest.java:67)
at tests.AlertTest.CloseBrowser(AlertTest.java:67)
at tests.AlertTest.CloseBrowser(AlertTest.java:67)
at tests.AlertTest.CloseBrowser(AlertTest.java:67)
at tests.AlertTest.CloseBrowser(AlertTest.java:67)
at tests.AlertTest.CloseBrowser(AlertTest.java:67)
at tests.AlertTest.CloseBrowser(AlertTest.java:67)
at tests.AlertTest.CloseBrowser(AlertTest.java:67)
at tests.AlertTest.CloseBrowser(AlertTest.java:67)
at tests.AlertTest.CloseBrowser(AlertTest.java:67)
at tests.AlertTest.CloseBrowser(AlertTest.java:67)
at tests.AlertTest.CloseBrowser(AlertTest.java:67)
at tests.AlertTest.CloseBrowser(AlertTest.java:67)
at tests.AlertTest.CloseBrowser(AlertTest.java:67)
at tests.AlertTest.CloseBrowser(AlertTest.java:67)
at tests.AlertTest.CloseBrowser(AlertTest.java:67)
at tests.AlertTest.CloseBrowser(AlertTest.java:67)
at tests.AlertTest.CloseBrowser(AlertTest.java:67)
at tests.AlertTest.CloseBrowser(AlertTest.java:67)
at tests.AlertTest.CloseBrowser(AlertTest.java:67)
at tests.AlertTest.CloseBrowser(AlertTest.java:67)
at tests.AlertTest.CloseBrowser(AlertTest.java:67)
at tests.AlertTest.CloseBrowser(AlertTest.java:67)
at tests.AlertTest.CloseBrowser(AlertTest.java:67)
at tests.AlertTest.CloseBrowser(AlertTest.java:67)
at tests.AlertTest.CloseBrowser(AlertTest.java:67)
at tests.AlertTest.CloseBrowser(AlertTest.java:67)
at tests.AlertTest.CloseBrowser(AlertTest.java:67)
at tests.AlertTest.CloseBrowser(AlertTest.java:67)
at tests.AlertTest.CloseBrowser(AlertTest.java:67)
at tests.AlertTest.CloseBrowser(AlertTest.java:67)
at tests.AlertTest.CloseBrowser(AlertTest.java:67)
at tests.AlertTest.CloseBrowser(AlertTest.java:67)
at tests.AlertTest.CloseBrowser(AlertTest.java:67)
at tests.AlertTest.CloseBrowser(AlertTest.java:67)
at tests.AlertTest.CloseBrowser(AlertTest.java:67)
at tests.AlertTest.CloseBrowser(AlertTest.java:67)
at tests.AlertTest.CloseBrowser(AlertTest.java:67)
at tests.AlertTest.CloseBrowser(AlertTest.java:67)
at tests.AlertTest.CloseBrowser(AlertTest.java:67)
at tests.AlertTest.CloseBrowser(AlertTest.java:67)
at tests.AlertTest.CloseBrowser(AlertTest.java:67)
at tests.AlertTest.CloseBrowser(AlertTest.java:67)
at tests.AlertTest.CloseBrowser(AlertTest.java:67)
at tests.AlertTest.CloseBrowser(AlertTest.java:67)
at tests.AlertTest.CloseBrowser(AlertTest.java:67)
at tests.AlertTest.CloseBrowser(AlertTest.java:67)
at tests.AlertTest.CloseBrowser(AlertTest.java:67)
at tests.AlertTest.CloseBrowser(AlertTest.java:67)
at tests.AlertTest.CloseBrowser(AlertTest.java:67)
at tests.AlertTest.CloseBrowser(AlertTest.java:67)
at tests.AlertTest.CloseBrowser(AlertTest.java:67)
at tests.AlertTest.CloseBrowser(AlertTest.java:67)
at tests.AlertTest.CloseBrowser(AlertTest.java:67)
at tests.AlertTest.CloseBrowser(AlertTest.java:67)
at tests.AlertTest.CloseBrowser(AlertTest.java:67)
at tests.AlertTest.CloseBrowser(AlertTest.java:67)
at tests.AlertTest.CloseBrowser(AlertTest.java:67)
at tests.AlertTest.CloseBrowser(AlertTest.java:67)
at tests.AlertTest.CloseBrowser(AlertTest.java:67)
at tests.AlertTest.CloseBrowser(AlertTest.java:67)
at tests.AlertTest.CloseBrowser(AlertTest.java:67)
at tests.AlertTest.CloseBrowser(AlertTest.java:67)
at tests.AlertTest.CloseBrowser(AlertTest.java:67)
at tests.AlertTest.CloseBrowser(AlertTest.java:67)
at tests.AlertTest.CloseBrowser(AlertTest.java:67)
at tests.AlertTest.CloseBrowser(AlertTest.java:67)
at tests.AlertTest.CloseBrowser(AlertTest.java:67)
at tests.AlertTest.CloseBrowser(AlertTest.java:67)
at tests.AlertTest.CloseBrowser(AlertTest.java:67)
at tests.AlertTest.CloseBrowser(AlertTest.java:67)
at tests.AlertTest.CloseBrowser(AlertTest.java:67)
at tests.AlertTest.CloseBrowser(AlertTest.java:67)
at tests.AlertTest.CloseBrowser(AlertTest.java:67)
at tests.AlertTest.CloseBrowser(AlertTest.java:67)
at tests.AlertTest.CloseBrowser(AlertTest.java:67)
at tests.AlertTest.CloseBrowser(AlertTest.java:67)
at tests.AlertTest.CloseBrowser(AlertTest.java:67)
at tests.AlertTest.CloseBrowser(AlertTest.java:67)
at tests.AlertTest.CloseBrowser(AlertTest.java:67)
at tests.AlertTest.CloseBrowser(AlertTest.java:67)
at tests.AlertTest.CloseBrowser(AlertTest.java:67)
at tests.AlertTest.CloseBrowser(AlertTest.java:67)
at tests.AlertTest.CloseBrowser(AlertTest.java:67)
at tests.AlertTest.CloseBrowser(AlertTest.java:67)
at tests.AlertTest.CloseBrowser(AlertTest.java:67)
at tests.AlertTest.CloseBrowser(AlertTest.java:67)
at tests.AlertTest.CloseBrowser(AlertTest.java:67)
at tests.AlertTest.CloseBrowser(AlertTest.java:67)
at tests.AlertTest.CloseBrowser(AlertTest.java:67)
at tests.AlertTest.CloseBrowser(AlertTest.java:67)
at tests.AlertTest.CloseBrowser(AlertTest.java:67)
at tests.AlertTest.CloseBrowser(AlertTest.java:67)
at tests.AlertTest.CloseBrowser(AlertTest.java:67)
at tests.AlertTest.CloseBrowser(AlertTest.java:67)
at tests.AlertTest.CloseBrowser(AlertTest.java:67)
at tests.AlertTest.CloseBrowser(AlertTest.java:67)
at tests.AlertTest.CloseBrowser(AlertTest.java:67)
at tests.AlertTest.CloseBrowser(AlertTest.java:67)
at tests.AlertTest.CloseBrowser(AlertTest.java:67)
at tests.AlertTest.CloseBrowser(AlertTest.java:67)
at tests.AlertTest.CloseBrowser(AlertTest.java:67)
at tests.AlertTest.CloseBrowser(AlertTest.java:67)
at tests.AlertTest.CloseBrowser(AlertTest.java:67)
at tests.AlertTest.CloseBrowser(AlertTest.java:67)
at tests.AlertTest.CloseBrowser(AlertTest.java:67)
at tests.AlertTest.CloseBrowser(AlertTest.java:67)
at tests.AlertTest.CloseBrowser(AlertTest.java:67)
at tests.AlertTest.CloseBrowser(AlertTest.java:67)
at tests.AlertTest.CloseBrowser(AlertTest.java:67)
at tests.AlertTest.CloseBrowser(AlertTest.java:67)
at tests.AlertTest.CloseBrowser(AlertTest.java:67)
at tests.AlertTest.CloseBrowser(AlertTest.java:67)
at tests.AlertTest.CloseBrowser(AlertTest.java:67)
at tests.AlertTest.CloseBrowser(AlertTest.java:67)
at tests.AlertTest.CloseBrowser(AlertTest.java:67)
at tests.AlertTest.CloseBrowser(AlertTest.java:67)
at tests.AlertTest.CloseBrowser(AlertTest.java:67)
at tests.AlertTest.CloseBrowser(AlertTest.java:67)
at tests.AlertTest.CloseBrowser(AlertTest.java:67)
at tests.AlertTest.CloseBrowser(AlertTest.java:67)
at tests.AlertTest.CloseBrowser(AlertTest.java:67)
at tests.AlertTest.CloseBrowser(AlertTest.java:67)
at tests.AlertTest.CloseBrowser(AlertTest.java:67)
at tests.AlertTest.CloseBrowser(AlertTest.java:67)
at tests.AlertTest.CloseBrowser(AlertTest.java:67)
at tests.AlertTest.CloseBrowser(AlertTest.java:67)
at tests.AlertTest.CloseBrowser(AlertTest.java:67)
at tests.AlertTest.CloseBrowser(AlertTest.java:67)
at tests.AlertTest.CloseBrowser(AlertTest.java:67)
at tests.AlertTest.CloseBrowser(AlertTest.java:67)
at tests.AlertTest.CloseBrowser(AlertTest.java:67)
at tests.AlertTest.CloseBrowser(AlertTest.java:67)
at tests.AlertTest.CloseBrowser(AlertTest.java:67)
]]>
    </failure>
  </testcase> <!-- @AfterTest CloseBrowser -->
  <testcase classname="tests.AlertTest" name="ClickOnclose" time="10.341">
    <failure type="org.openqa.selenium.NoSuchWindowException" message="no such window: target window already closed
from unknown error: web view not found
  (Session info: chrome=140.0.7339.80)
Build info: version: &amp;apos;4.34.0&amp;apos;, revision: &amp;apos;707dcb4246*&amp;apos;
System info: os.name: &amp;apos;Windows 11&amp;apos;, os.arch: &amp;apos;amd64&amp;apos;, os.version: &amp;apos;10.0&amp;apos;, java.version: &amp;apos;21.0.7&amp;apos;
Driver info: org.openqa.selenium.chrome.ChromeDriver
Command: [4c6256775e2cf9cbaa06e709a9f76e7c, findElement {using=xpath, value=//button[text()=&amp;apos;&amp;apos;]}]
Capabilities {acceptInsecureCerts: false, browserName: chrome, browserVersion: 140.0.7339.80, chrome: {chromedriverVersion: 140.0.7339.80 (670b6f192f46..., userDataDir: C:\Users\KIIT\AppData\Local...}, fedcm:accounts: true, goog:chromeOptions: {debuggerAddress: localhost:64271}, networkConnectionEnabled: false, pageLoadStrategy: normal, platformName: windows, proxy: Proxy(), se:cdp: ws://localhost:64271/devtoo..., se:cdpVersion: 140.0.7339.80, setWindowRect: true, strictFileInteractability: false, timeouts: {implicit: 0, pageLoad: 300000, script: 30000}, unhandledPromptBehavior: dismiss and notify, webauthn:extension:credBlob: true, webauthn:extension:largeBlob: true, webauthn:extension:minPinLength: true, webauthn:extension:prf: true, webauthn:virtualAuthenticators: true}
Session ID: 4c6256775e2cf9cbaa06e709a9f76e7c">
      <![CDATA[org.openqa.selenium.NoSuchWindowException: no such window: target window already closed
from unknown error: web view not found
  (Session info: chrome=140.0.7339.80)
Build info: version: '4.34.0', revision: '707dcb4246*'
System info: os.name: 'Windows 11', os.arch: 'amd64', os.version: '10.0', java.version: '21.0.7'
Driver info: org.openqa.selenium.chrome.ChromeDriver
Command: [4c6256775e2cf9cbaa06e709a9f76e7c, findElement {using=xpath, value=//button[text()='']}]
Capabilities {acceptInsecureCerts: false, browserName: chrome, browserVersion: 140.0.7339.80, chrome: {chromedriverVersion: 140.0.7339.80 (670b6f192f46..., userDataDir: C:\Users\KIIT\AppData\Local...}, fedcm:accounts: true, goog:chromeOptions: {debuggerAddress: localhost:64271}, networkConnectionEnabled: false, pageLoadStrategy: normal, platformName: windows, proxy: Proxy(), se:cdp: ws://localhost:64271/devtoo..., se:cdpVersion: 140.0.7339.80, setWindowRect: true, strictFileInteractability: false, timeouts: {implicit: 0, pageLoad: 300000, script: 30000}, unhandledPromptBehavior: dismiss and notify, webauthn:extension:credBlob: true, webauthn:extension:largeBlob: true, webauthn:extension:minPinLength: true, webauthn:extension:prf: true, webauthn:virtualAuthenticators: true}
Session ID: 4c6256775e2cf9cbaa06e709a9f76e7c
at org.openqa.selenium.remote.ErrorCodec.decode(ErrorCodec.java:167)
at org.openqa.selenium.remote.codec.w3c.W3CHttpResponseCodec.decode(W3CHttpResponseCodec.java:138)
at org.openqa.selenium.remote.codec.w3c.W3CHttpResponseCodec.decode(W3CHttpResponseCodec.java:50)
at org.openqa.selenium.remote.HttpCommandExecutor.execute(HttpCommandExecutor.java:215)
at org.openqa.selenium.remote.service.DriverCommandExecutor.invokeExecute(DriverCommandExecutor.java:216)
at org.openqa.selenium.remote.service.DriverCommandExecutor.execute(DriverCommandExecutor.java:174)
at org.openqa.selenium.remote.RemoteWebDriver.execute(RemoteWebDriver.java:544)
at org.openqa.selenium.remote.ElementLocation$ElementFinder$2.findElement(ElementLocation.java:165)
at org.openqa.selenium.remote.ElementLocation.findElement(ElementLocation.java:59)
at org.openqa.selenium.remote.RemoteWebDriver.findElement(RemoteWebDriver.java:367)
at org.openqa.selenium.remote.RemoteWebDriver.findElement(RemoteWebDriver.java:361)
at org.openqa.selenium.support.pagefactory.DefaultElementLocator.findElement(DefaultElementLocator.java:68)
at org.openqa.selenium.support.pagefactory.internal.LocatingElementHandler.invoke(LocatingElementHandler.java:38)
at jdk.proxy2/jdk.proxy2.$Proxy15.toString(Unknown Source)
at java.base/java.lang.String.valueOf(String.java:4465)
at org.openqa.selenium.support.ui.ExpectedConditions$23.toString(ExpectedConditions.java:669)
at java.base/java.lang.String.valueOf(String.java:4465)
at org.openqa.selenium.support.ui.FluentWait.until(FluentWait.java:225)
at baselibrary.BaseLibrary.waitandclick(BaseLibrary.java:75)
at pages.Alerts.clickonclose(Alerts.java:44)
at tests.AlertTest.ClickOnclose(AlertTest.java:26)
at java.base/java.util.ArrayList.forEach(ArrayList.java:1596)
... Removed 28 stack frames]]>
    </failure>
  </testcase> <!-- ClickOnclose -->
  <testcase classname="tests.AlertTest" name="ClickOnpractice" time="10.333">
    <failure type="org.openqa.selenium.NoSuchWindowException" message="no such window: target window already closed
from unknown error: web view not found
  (Session info: chrome=140.0.7339.80)
Build info: version: &amp;apos;4.34.0&amp;apos;, revision: &amp;apos;707dcb4246*&amp;apos;
System info: os.name: &amp;apos;Windows 11&amp;apos;, os.arch: &amp;apos;amd64&amp;apos;, os.version: &amp;apos;10.0&amp;apos;, java.version: &amp;apos;21.0.7&amp;apos;
Driver info: org.openqa.selenium.chrome.ChromeDriver
Command: [4c6256775e2cf9cbaa06e709a9f76e7c, findElement {using=xpath, value=//a[@href=&amp;apos;newdemo.html&amp;apos;]}]
Capabilities {acceptInsecureCerts: false, browserName: chrome, browserVersion: 140.0.7339.80, chrome: {chromedriverVersion: 140.0.7339.80 (670b6f192f46..., userDataDir: C:\Users\KIIT\AppData\Local...}, fedcm:accounts: true, goog:chromeOptions: {debuggerAddress: localhost:64271}, networkConnectionEnabled: false, pageLoadStrategy: normal, platformName: windows, proxy: Proxy(), se:cdp: ws://localhost:64271/devtoo..., se:cdpVersion: 140.0.7339.80, setWindowRect: true, strictFileInteractability: false, timeouts: {implicit: 0, pageLoad: 300000, script: 30000}, unhandledPromptBehavior: dismiss and notify, webauthn:extension:credBlob: true, webauthn:extension:largeBlob: true, webauthn:extension:minPinLength: true, webauthn:extension:prf: true, webauthn:virtualAuthenticators: true}
Session ID: 4c6256775e2cf9cbaa06e709a9f76e7c">
      <![CDATA[org.openqa.selenium.NoSuchWindowException: no such window: target window already closed
from unknown error: web view not found
  (Session info: chrome=140.0.7339.80)
Build info: version: '4.34.0', revision: '707dcb4246*'
System info: os.name: 'Windows 11', os.arch: 'amd64', os.version: '10.0', java.version: '21.0.7'
Driver info: org.openqa.selenium.chrome.ChromeDriver
Command: [4c6256775e2cf9cbaa06e709a9f76e7c, findElement {using=xpath, value=//a[@href='newdemo.html']}]
Capabilities {acceptInsecureCerts: false, browserName: chrome, browserVersion: 140.0.7339.80, chrome: {chromedriverVersion: 140.0.7339.80 (670b6f192f46..., userDataDir: C:\Users\KIIT\AppData\Local...}, fedcm:accounts: true, goog:chromeOptions: {debuggerAddress: localhost:64271}, networkConnectionEnabled: false, pageLoadStrategy: normal, platformName: windows, proxy: Proxy(), se:cdp: ws://localhost:64271/devtoo..., se:cdpVersion: 140.0.7339.80, setWindowRect: true, strictFileInteractability: false, timeouts: {implicit: 0, pageLoad: 300000, script: 30000}, unhandledPromptBehavior: dismiss and notify, webauthn:extension:credBlob: true, webauthn:extension:largeBlob: true, webauthn:extension:minPinLength: true, webauthn:extension:prf: true, webauthn:virtualAuthenticators: true}
Session ID: 4c6256775e2cf9cbaa06e709a9f76e7c
at org.openqa.selenium.remote.ErrorCodec.decode(ErrorCodec.java:167)
at org.openqa.selenium.remote.codec.w3c.W3CHttpResponseCodec.decode(W3CHttpResponseCodec.java:138)
at org.openqa.selenium.remote.codec.w3c.W3CHttpResponseCodec.decode(W3CHttpResponseCodec.java:50)
at org.openqa.selenium.remote.HttpCommandExecutor.execute(HttpCommandExecutor.java:215)
at org.openqa.selenium.remote.service.DriverCommandExecutor.invokeExecute(DriverCommandExecutor.java:216)
at org.openqa.selenium.remote.service.DriverCommandExecutor.execute(DriverCommandExecutor.java:174)
at org.openqa.selenium.remote.RemoteWebDriver.execute(RemoteWebDriver.java:544)
at org.openqa.selenium.remote.ElementLocation$ElementFinder$2.findElement(ElementLocation.java:165)
at org.openqa.selenium.remote.ElementLocation.findElement(ElementLocation.java:59)
at org.openqa.selenium.remote.RemoteWebDriver.findElement(RemoteWebDriver.java:367)
at org.openqa.selenium.remote.RemoteWebDriver.findElement(RemoteWebDriver.java:361)
at org.openqa.selenium.support.pagefactory.DefaultElementLocator.findElement(DefaultElementLocator.java:68)
at org.openqa.selenium.support.pagefactory.internal.LocatingElementHandler.invoke(LocatingElementHandler.java:38)
at jdk.proxy2/jdk.proxy2.$Proxy15.toString(Unknown Source)
at java.base/java.lang.String.valueOf(String.java:4465)
at org.openqa.selenium.support.ui.ExpectedConditions$23.toString(ExpectedConditions.java:669)
at java.base/java.lang.String.valueOf(String.java:4465)
at org.openqa.selenium.support.ui.FluentWait.until(FluentWait.java:225)
at baselibrary.BaseLibrary.waitandclick(BaseLibrary.java:75)
at pages.Alerts.clickonpractice(Alerts.java:49)
at tests.AlertTest.ClickOnpractice(AlertTest.java:31)
at java.base/java.util.ArrayList.forEach(ArrayList.java:1596)
... Removed 28 stack frames]]>
    </failure>
  </testcase> <!-- ClickOnpractice -->
  <testcase classname="tests.AlertTest" name="ClickOnalertsandwindow" time="10.307">
    <failure type="org.openqa.selenium.NoSuchWindowException" message="no such window: target window already closed
from unknown error: web view not found
  (Session info: chrome=140.0.7339.80)
Build info: version: &amp;apos;4.34.0&amp;apos;, revision: &amp;apos;707dcb4246*&amp;apos;
System info: os.name: &amp;apos;Windows 11&amp;apos;, os.arch: &amp;apos;amd64&amp;apos;, os.version: &amp;apos;10.0&amp;apos;, java.version: &amp;apos;21.0.7&amp;apos;
Driver info: org.openqa.selenium.chrome.ChromeDriver
Command: [4c6256775e2cf9cbaa06e709a9f76e7c, findElement {using=xpath, value=//button[@data-target=&amp;apos;#alerts&amp;apos;]}]
Capabilities {acceptInsecureCerts: false, browserName: chrome, browserVersion: 140.0.7339.80, chrome: {chromedriverVersion: 140.0.7339.80 (670b6f192f46..., userDataDir: C:\Users\KIIT\AppData\Local...}, fedcm:accounts: true, goog:chromeOptions: {debuggerAddress: localhost:64271}, networkConnectionEnabled: false, pageLoadStrategy: normal, platformName: windows, proxy: Proxy(), se:cdp: ws://localhost:64271/devtoo..., se:cdpVersion: 140.0.7339.80, setWindowRect: true, strictFileInteractability: false, timeouts: {implicit: 0, pageLoad: 300000, script: 30000}, unhandledPromptBehavior: dismiss and notify, webauthn:extension:credBlob: true, webauthn:extension:largeBlob: true, webauthn:extension:minPinLength: true, webauthn:extension:prf: true, webauthn:virtualAuthenticators: true}
Session ID: 4c6256775e2cf9cbaa06e709a9f76e7c">
      <![CDATA[org.openqa.selenium.NoSuchWindowException: no such window: target window already closed
from unknown error: web view not found
  (Session info: chrome=140.0.7339.80)
Build info: version: '4.34.0', revision: '707dcb4246*'
System info: os.name: 'Windows 11', os.arch: 'amd64', os.version: '10.0', java.version: '21.0.7'
Driver info: org.openqa.selenium.chrome.ChromeDriver
Command: [4c6256775e2cf9cbaa06e709a9f76e7c, findElement {using=xpath, value=//button[@data-target='#alerts']}]
Capabilities {acceptInsecureCerts: false, browserName: chrome, browserVersion: 140.0.7339.80, chrome: {chromedriverVersion: 140.0.7339.80 (670b6f192f46..., userDataDir: C:\Users\KIIT\AppData\Local...}, fedcm:accounts: true, goog:chromeOptions: {debuggerAddress: localhost:64271}, networkConnectionEnabled: false, pageLoadStrategy: normal, platformName: windows, proxy: Proxy(), se:cdp: ws://localhost:64271/devtoo..., se:cdpVersion: 140.0.7339.80, setWindowRect: true, strictFileInteractability: false, timeouts: {implicit: 0, pageLoad: 300000, script: 30000}, unhandledPromptBehavior: dismiss and notify, webauthn:extension:credBlob: true, webauthn:extension:largeBlob: true, webauthn:extension:minPinLength: true, webauthn:extension:prf: true, webauthn:virtualAuthenticators: true}
Session ID: 4c6256775e2cf9cbaa06e709a9f76e7c
at org.openqa.selenium.remote.ErrorCodec.decode(ErrorCodec.java:167)
at org.openqa.selenium.remote.codec.w3c.W3CHttpResponseCodec.decode(W3CHttpResponseCodec.java:138)
at org.openqa.selenium.remote.codec.w3c.W3CHttpResponseCodec.decode(W3CHttpResponseCodec.java:50)
at org.openqa.selenium.remote.HttpCommandExecutor.execute(HttpCommandExecutor.java:215)
at org.openqa.selenium.remote.service.DriverCommandExecutor.invokeExecute(DriverCommandExecutor.java:216)
at org.openqa.selenium.remote.service.DriverCommandExecutor.execute(DriverCommandExecutor.java:174)
at org.openqa.selenium.remote.RemoteWebDriver.execute(RemoteWebDriver.java:544)
at org.openqa.selenium.remote.ElementLocation$ElementFinder$2.findElement(ElementLocation.java:165)
at org.openqa.selenium.remote.ElementLocation.findElement(ElementLocation.java:59)
at org.openqa.selenium.remote.RemoteWebDriver.findElement(RemoteWebDriver.java:367)
at org.openqa.selenium.remote.RemoteWebDriver.findElement(RemoteWebDriver.java:361)
at org.openqa.selenium.support.pagefactory.DefaultElementLocator.findElement(DefaultElementLocator.java:68)
at org.openqa.selenium.support.pagefactory.internal.LocatingElementHandler.invoke(LocatingElementHandler.java:38)
at jdk.proxy2/jdk.proxy2.$Proxy15.toString(Unknown Source)
at java.base/java.lang.String.valueOf(String.java:4465)
at org.openqa.selenium.support.ui.ExpectedConditions$23.toString(ExpectedConditions.java:669)
at java.base/java.lang.String.valueOf(String.java:4465)
at org.openqa.selenium.support.ui.FluentWait.until(FluentWait.java:225)
at baselibrary.BaseLibrary.waitandclick(BaseLibrary.java:75)
at pages.Alerts.clickonalertsandwindow(Alerts.java:54)
at tests.AlertTest.ClickOnalertsandwindow(AlertTest.java:36)
at java.base/java.util.ArrayList.forEach(ArrayList.java:1596)
... Removed 28 stack frames]]>
    </failure>
  </testcase> <!-- ClickOnalertsandwindow -->
  <testcase classname="tests.AlertTest" name="ClickOnalerts" time="10.316">
    <failure type="org.openqa.selenium.NoSuchWindowException" message="no such window: target window already closed
from unknown error: web view not found
  (Session info: chrome=140.0.7339.80)
Build info: version: &amp;apos;4.34.0&amp;apos;, revision: &amp;apos;707dcb4246*&amp;apos;
System info: os.name: &amp;apos;Windows 11&amp;apos;, os.arch: &amp;apos;amd64&amp;apos;, os.version: &amp;apos;10.0&amp;apos;, java.version: &amp;apos;21.0.7&amp;apos;
Driver info: org.openqa.selenium.chrome.ChromeDriver
Command: [4c6256775e2cf9cbaa06e709a9f76e7c, findElement {using=xpath, value=//a[@href=&amp;apos;#tab_12&amp;apos;]}]
Capabilities {acceptInsecureCerts: false, browserName: chrome, browserVersion: 140.0.7339.80, chrome: {chromedriverVersion: 140.0.7339.80 (670b6f192f46..., userDataDir: C:\Users\KIIT\AppData\Local...}, fedcm:accounts: true, goog:chromeOptions: {debuggerAddress: localhost:64271}, networkConnectionEnabled: false, pageLoadStrategy: normal, platformName: windows, proxy: Proxy(), se:cdp: ws://localhost:64271/devtoo..., se:cdpVersion: 140.0.7339.80, setWindowRect: true, strictFileInteractability: false, timeouts: {implicit: 0, pageLoad: 300000, script: 30000}, unhandledPromptBehavior: dismiss and notify, webauthn:extension:credBlob: true, webauthn:extension:largeBlob: true, webauthn:extension:minPinLength: true, webauthn:extension:prf: true, webauthn:virtualAuthenticators: true}
Session ID: 4c6256775e2cf9cbaa06e709a9f76e7c">
      <![CDATA[org.openqa.selenium.NoSuchWindowException: no such window: target window already closed
from unknown error: web view not found
  (Session info: chrome=140.0.7339.80)
Build info: version: '4.34.0', revision: '707dcb4246*'
System info: os.name: 'Windows 11', os.arch: 'amd64', os.version: '10.0', java.version: '21.0.7'
Driver info: org.openqa.selenium.chrome.ChromeDriver
Command: [4c6256775e2cf9cbaa06e709a9f76e7c, findElement {using=xpath, value=//a[@href='#tab_12']}]
Capabilities {acceptInsecureCerts: false, browserName: chrome, browserVersion: 140.0.7339.80, chrome: {chromedriverVersion: 140.0.7339.80 (670b6f192f46..., userDataDir: C:\Users\KIIT\AppData\Local...}, fedcm:accounts: true, goog:chromeOptions: {debuggerAddress: localhost:64271}, networkConnectionEnabled: false, pageLoadStrategy: normal, platformName: windows, proxy: Proxy(), se:cdp: ws://localhost:64271/devtoo..., se:cdpVersion: 140.0.7339.80, setWindowRect: true, strictFileInteractability: false, timeouts: {implicit: 0, pageLoad: 300000, script: 30000}, unhandledPromptBehavior: dismiss and notify, webauthn:extension:credBlob: true, webauthn:extension:largeBlob: true, webauthn:extension:minPinLength: true, webauthn:extension:prf: true, webauthn:virtualAuthenticators: true}
Session ID: 4c6256775e2cf9cbaa06e709a9f76e7c
at org.openqa.selenium.remote.ErrorCodec.decode(ErrorCodec.java:167)
at org.openqa.selenium.remote.codec.w3c.W3CHttpResponseCodec.decode(W3CHttpResponseCodec.java:138)
at org.openqa.selenium.remote.codec.w3c.W3CHttpResponseCodec.decode(W3CHttpResponseCodec.java:50)
at org.openqa.selenium.remote.HttpCommandExecutor.execute(HttpCommandExecutor.java:215)
at org.openqa.selenium.remote.service.DriverCommandExecutor.invokeExecute(DriverCommandExecutor.java:216)
at org.openqa.selenium.remote.service.DriverCommandExecutor.execute(DriverCommandExecutor.java:174)
at org.openqa.selenium.remote.RemoteWebDriver.execute(RemoteWebDriver.java:544)
at org.openqa.selenium.remote.ElementLocation$ElementFinder$2.findElement(ElementLocation.java:165)
at org.openqa.selenium.remote.ElementLocation.findElement(ElementLocation.java:59)
at org.openqa.selenium.remote.RemoteWebDriver.findElement(RemoteWebDriver.java:367)
at org.openqa.selenium.remote.RemoteWebDriver.findElement(RemoteWebDriver.java:361)
at org.openqa.selenium.support.pagefactory.DefaultElementLocator.findElement(DefaultElementLocator.java:68)
at org.openqa.selenium.support.pagefactory.internal.LocatingElementHandler.invoke(LocatingElementHandler.java:38)
at jdk.proxy2/jdk.proxy2.$Proxy15.toString(Unknown Source)
at java.base/java.lang.String.valueOf(String.java:4465)
at org.openqa.selenium.support.ui.ExpectedConditions$23.toString(ExpectedConditions.java:669)
at java.base/java.lang.String.valueOf(String.java:4465)
at org.openqa.selenium.support.ui.FluentWait.until(FluentWait.java:225)
at baselibrary.BaseLibrary.waitandclick(BaseLibrary.java:75)
at pages.Alerts.cliconalerts(Alerts.java:59)
at tests.AlertTest.ClickOnalerts(AlertTest.java:41)
at java.base/java.util.ArrayList.forEach(ArrayList.java:1596)
... Removed 28 stack frames]]>
    </failure>
  </testcase> <!-- ClickOnalerts -->
  <testcase classname="tests.AlertTest" name="ClickOnSeeAlerts" time="0.022">
    <failure type="org.openqa.selenium.NoSuchWindowException" message="no such window: target window already closed
from unknown error: web view not found
  (Session info: chrome=140.0.7339.80)
Build info: version: &amp;apos;4.34.0&amp;apos;, revision: &amp;apos;707dcb4246*&amp;apos;
System info: os.name: &amp;apos;Windows 11&amp;apos;, os.arch: &amp;apos;amd64&amp;apos;, os.version: &amp;apos;10.0&amp;apos;, java.version: &amp;apos;21.0.7&amp;apos;
Driver info: org.openqa.selenium.chrome.ChromeDriver
Command: [4c6256775e2cf9cbaa06e709a9f76e7c, findElement {using=xpath, value=//button[@onclick=&amp;apos;myalert()&amp;apos;]}]
Capabilities {acceptInsecureCerts: false, browserName: chrome, browserVersion: 140.0.7339.80, chrome: {chromedriverVersion: 140.0.7339.80 (670b6f192f46..., userDataDir: C:\Users\KIIT\AppData\Local...}, fedcm:accounts: true, goog:chromeOptions: {debuggerAddress: localhost:64271}, networkConnectionEnabled: false, pageLoadStrategy: normal, platformName: windows, proxy: Proxy(), se:cdp: ws://localhost:64271/devtoo..., se:cdpVersion: 140.0.7339.80, setWindowRect: true, strictFileInteractability: false, timeouts: {implicit: 0, pageLoad: 300000, script: 30000}, unhandledPromptBehavior: dismiss and notify, webauthn:extension:credBlob: true, webauthn:extension:largeBlob: true, webauthn:extension:minPinLength: true, webauthn:extension:prf: true, webauthn:virtualAuthenticators: true}
Session ID: 4c6256775e2cf9cbaa06e709a9f76e7c">
      <![CDATA[org.openqa.selenium.NoSuchWindowException: no such window: target window already closed
from unknown error: web view not found
  (Session info: chrome=140.0.7339.80)
Build info: version: '4.34.0', revision: '707dcb4246*'
System info: os.name: 'Windows 11', os.arch: 'amd64', os.version: '10.0', java.version: '21.0.7'
Driver info: org.openqa.selenium.chrome.ChromeDriver
Command: [4c6256775e2cf9cbaa06e709a9f76e7c, findElement {using=xpath, value=//button[@onclick='myalert()']}]
Capabilities {acceptInsecureCerts: false, browserName: chrome, browserVersion: 140.0.7339.80, chrome: {chromedriverVersion: 140.0.7339.80 (670b6f192f46..., userDataDir: C:\Users\KIIT\AppData\Local...}, fedcm:accounts: true, goog:chromeOptions: {debuggerAddress: localhost:64271}, networkConnectionEnabled: false, pageLoadStrategy: normal, platformName: windows, proxy: Proxy(), se:cdp: ws://localhost:64271/devtoo..., se:cdpVersion: 140.0.7339.80, setWindowRect: true, strictFileInteractability: false, timeouts: {implicit: 0, pageLoad: 300000, script: 30000}, unhandledPromptBehavior: dismiss and notify, webauthn:extension:credBlob: true, webauthn:extension:largeBlob: true, webauthn:extension:minPinLength: true, webauthn:extension:prf: true, webauthn:virtualAuthenticators: true}
Session ID: 4c6256775e2cf9cbaa06e709a9f76e7c
at org.openqa.selenium.remote.ErrorCodec.decode(ErrorCodec.java:167)
at org.openqa.selenium.remote.codec.w3c.W3CHttpResponseCodec.decode(W3CHttpResponseCodec.java:138)
at org.openqa.selenium.remote.codec.w3c.W3CHttpResponseCodec.decode(W3CHttpResponseCodec.java:50)
at org.openqa.selenium.remote.HttpCommandExecutor.execute(HttpCommandExecutor.java:215)
at org.openqa.selenium.remote.service.DriverCommandExecutor.invokeExecute(DriverCommandExecutor.java:216)
at org.openqa.selenium.remote.service.DriverCommandExecutor.execute(DriverCommandExecutor.java:174)
at org.openqa.selenium.remote.RemoteWebDriver.execute(RemoteWebDriver.java:544)
at org.openqa.selenium.remote.ElementLocation$ElementFinder$2.findElement(ElementLocation.java:165)
at org.openqa.selenium.remote.ElementLocation.findElement(ElementLocation.java:59)
at org.openqa.selenium.remote.RemoteWebDriver.findElement(RemoteWebDriver.java:367)
at org.openqa.selenium.remote.RemoteWebDriver.findElement(RemoteWebDriver.java:361)
at org.openqa.selenium.support.pagefactory.DefaultElementLocator.findElement(DefaultElementLocator.java:68)
at org.openqa.selenium.support.pagefactory.internal.LocatingElementHandler.invoke(LocatingElementHandler.java:38)
at jdk.proxy2/jdk.proxy2.$Proxy15.click(Unknown Source)
at pages.Alerts.cliconseealerts(Alerts.java:64)
at tests.AlertTest.ClickOnSeeAlerts(AlertTest.java:47)
at java.base/java.util.ArrayList.forEach(ArrayList.java:1596)
... Removed 28 stack frames]]>
    </failure>
  </testcase> <!-- ClickOnSeeAlerts -->
  <testcase classname="tests.AlertTest" name="ClickOnwaitfor5alert" time="10.327">
    <failure type="org.openqa.selenium.NoSuchWindowException" message="no such window: target window already closed
from unknown error: web view not found
  (Session info: chrome=140.0.7339.80)
Build info: version: &amp;apos;4.34.0&amp;apos;, revision: &amp;apos;707dcb4246*&amp;apos;
System info: os.name: &amp;apos;Windows 11&amp;apos;, os.arch: &amp;apos;amd64&amp;apos;, os.version: &amp;apos;10.0&amp;apos;, java.version: &amp;apos;21.0.7&amp;apos;
Driver info: org.openqa.selenium.chrome.ChromeDriver
Command: [4c6256775e2cf9cbaa06e709a9f76e7c, findElement {using=xpath, value=//button[@onclick=&amp;quot;aftersec5()&amp;quot;]}]
Capabilities {acceptInsecureCerts: false, browserName: chrome, browserVersion: 140.0.7339.80, chrome: {chromedriverVersion: 140.0.7339.80 (670b6f192f46..., userDataDir: C:\Users\KIIT\AppData\Local...}, fedcm:accounts: true, goog:chromeOptions: {debuggerAddress: localhost:64271}, networkConnectionEnabled: false, pageLoadStrategy: normal, platformName: windows, proxy: Proxy(), se:cdp: ws://localhost:64271/devtoo..., se:cdpVersion: 140.0.7339.80, setWindowRect: true, strictFileInteractability: false, timeouts: {implicit: 0, pageLoad: 300000, script: 30000}, unhandledPromptBehavior: dismiss and notify, webauthn:extension:credBlob: true, webauthn:extension:largeBlob: true, webauthn:extension:minPinLength: true, webauthn:extension:prf: true, webauthn:virtualAuthenticators: true}
Session ID: 4c6256775e2cf9cbaa06e709a9f76e7c">
      <![CDATA[org.openqa.selenium.NoSuchWindowException: no such window: target window already closed
from unknown error: web view not found
  (Session info: chrome=140.0.7339.80)
Build info: version: '4.34.0', revision: '707dcb4246*'
System info: os.name: 'Windows 11', os.arch: 'amd64', os.version: '10.0', java.version: '21.0.7'
Driver info: org.openqa.selenium.chrome.ChromeDriver
Command: [4c6256775e2cf9cbaa06e709a9f76e7c, findElement {using=xpath, value=//button[@onclick="aftersec5()"]}]
Capabilities {acceptInsecureCerts: false, browserName: chrome, browserVersion: 140.0.7339.80, chrome: {chromedriverVersion: 140.0.7339.80 (670b6f192f46..., userDataDir: C:\Users\KIIT\AppData\Local...}, fedcm:accounts: true, goog:chromeOptions: {debuggerAddress: localhost:64271}, networkConnectionEnabled: false, pageLoadStrategy: normal, platformName: windows, proxy: Proxy(), se:cdp: ws://localhost:64271/devtoo..., se:cdpVersion: 140.0.7339.80, setWindowRect: true, strictFileInteractability: false, timeouts: {implicit: 0, pageLoad: 300000, script: 30000}, unhandledPromptBehavior: dismiss and notify, webauthn:extension:credBlob: true, webauthn:extension:largeBlob: true, webauthn:extension:minPinLength: true, webauthn:extension:prf: true, webauthn:virtualAuthenticators: true}
Session ID: 4c6256775e2cf9cbaa06e709a9f76e7c
at org.openqa.selenium.remote.ErrorCodec.decode(ErrorCodec.java:167)
at org.openqa.selenium.remote.codec.w3c.W3CHttpResponseCodec.decode(W3CHttpResponseCodec.java:138)
at org.openqa.selenium.remote.codec.w3c.W3CHttpResponseCodec.decode(W3CHttpResponseCodec.java:50)
at org.openqa.selenium.remote.HttpCommandExecutor.execute(HttpCommandExecutor.java:215)
at org.openqa.selenium.remote.service.DriverCommandExecutor.invokeExecute(DriverCommandExecutor.java:216)
at org.openqa.selenium.remote.service.DriverCommandExecutor.execute(DriverCommandExecutor.java:174)
at org.openqa.selenium.remote.RemoteWebDriver.execute(RemoteWebDriver.java:544)
at org.openqa.selenium.remote.ElementLocation$ElementFinder$2.findElement(ElementLocation.java:165)
at org.openqa.selenium.remote.ElementLocation.findElement(ElementLocation.java:59)
at org.openqa.selenium.remote.RemoteWebDriver.findElement(RemoteWebDriver.java:367)
at org.openqa.selenium.remote.RemoteWebDriver.findElement(RemoteWebDriver.java:361)
at org.openqa.selenium.support.pagefactory.DefaultElementLocator.findElement(DefaultElementLocator.java:68)
at org.openqa.selenium.support.pagefactory.internal.LocatingElementHandler.invoke(LocatingElementHandler.java:38)
at jdk.proxy2/jdk.proxy2.$Proxy15.toString(Unknown Source)
at java.base/java.lang.String.valueOf(String.java:4465)
at org.openqa.selenium.support.ui.ExpectedConditions$23.toString(ExpectedConditions.java:669)
at java.base/java.lang.String.valueOf(String.java:4465)
at org.openqa.selenium.support.ui.FluentWait.until(FluentWait.java:225)
at baselibrary.BaseLibrary.waitandclick(BaseLibrary.java:75)
at pages.Alerts.cliconwaitfor5alert(Alerts.java:71)
at tests.AlertTest.ClickOnwaitfor5alert(AlertTest.java:52)
at java.base/java.util.ArrayList.forEach(ArrayList.java:1596)
... Removed 28 stack frames]]>
    </failure>
  </testcase> <!-- ClickOnwaitfor5alert -->
  <testcase classname="tests.AlertTest" name="ClickOnConfirmAlert" time="10.404">
    <failure type="org.openqa.selenium.NoSuchWindowException" message="no such window: target window already closed
from unknown error: web view not found
  (Session info: chrome=140.0.7339.80)
Build info: version: &amp;apos;4.34.0&amp;apos;, revision: &amp;apos;707dcb4246*&amp;apos;
System info: os.name: &amp;apos;Windows 11&amp;apos;, os.arch: &amp;apos;amd64&amp;apos;, os.version: &amp;apos;10.0&amp;apos;, java.version: &amp;apos;21.0.7&amp;apos;
Driver info: org.openqa.selenium.chrome.ChromeDriver
Command: [4c6256775e2cf9cbaa06e709a9f76e7c, findElement {using=xpath, value=//button[@onclick=&amp;apos;myconfirm()&amp;apos;]}]
Capabilities {acceptInsecureCerts: false, browserName: chrome, browserVersion: 140.0.7339.80, chrome: {chromedriverVersion: 140.0.7339.80 (670b6f192f46..., userDataDir: C:\Users\KIIT\AppData\Local...}, fedcm:accounts: true, goog:chromeOptions: {debuggerAddress: localhost:64271}, networkConnectionEnabled: false, pageLoadStrategy: normal, platformName: windows, proxy: Proxy(), se:cdp: ws://localhost:64271/devtoo..., se:cdpVersion: 140.0.7339.80, setWindowRect: true, strictFileInteractability: false, timeouts: {implicit: 0, pageLoad: 300000, script: 30000}, unhandledPromptBehavior: dismiss and notify, webauthn:extension:credBlob: true, webauthn:extension:largeBlob: true, webauthn:extension:minPinLength: true, webauthn:extension:prf: true, webauthn:virtualAuthenticators: true}
Session ID: 4c6256775e2cf9cbaa06e709a9f76e7c">
      <![CDATA[org.openqa.selenium.NoSuchWindowException: no such window: target window already closed
from unknown error: web view not found
  (Session info: chrome=140.0.7339.80)
Build info: version: '4.34.0', revision: '707dcb4246*'
System info: os.name: 'Windows 11', os.arch: 'amd64', os.version: '10.0', java.version: '21.0.7'
Driver info: org.openqa.selenium.chrome.ChromeDriver
Command: [4c6256775e2cf9cbaa06e709a9f76e7c, findElement {using=xpath, value=//button[@onclick='myconfirm()']}]
Capabilities {acceptInsecureCerts: false, browserName: chrome, browserVersion: 140.0.7339.80, chrome: {chromedriverVersion: 140.0.7339.80 (670b6f192f46..., userDataDir: C:\Users\KIIT\AppData\Local...}, fedcm:accounts: true, goog:chromeOptions: {debuggerAddress: localhost:64271}, networkConnectionEnabled: false, pageLoadStrategy: normal, platformName: windows, proxy: Proxy(), se:cdp: ws://localhost:64271/devtoo..., se:cdpVersion: 140.0.7339.80, setWindowRect: true, strictFileInteractability: false, timeouts: {implicit: 0, pageLoad: 300000, script: 30000}, unhandledPromptBehavior: dismiss and notify, webauthn:extension:credBlob: true, webauthn:extension:largeBlob: true, webauthn:extension:minPinLength: true, webauthn:extension:prf: true, webauthn:virtualAuthenticators: true}
Session ID: 4c6256775e2cf9cbaa06e709a9f76e7c
at org.openqa.selenium.remote.ErrorCodec.decode(ErrorCodec.java:167)
at org.openqa.selenium.remote.codec.w3c.W3CHttpResponseCodec.decode(W3CHttpResponseCodec.java:138)
at org.openqa.selenium.remote.codec.w3c.W3CHttpResponseCodec.decode(W3CHttpResponseCodec.java:50)
at org.openqa.selenium.remote.HttpCommandExecutor.execute(HttpCommandExecutor.java:215)
at org.openqa.selenium.remote.service.DriverCommandExecutor.invokeExecute(DriverCommandExecutor.java:216)
at org.openqa.selenium.remote.service.DriverCommandExecutor.execute(DriverCommandExecutor.java:174)
at org.openqa.selenium.remote.RemoteWebDriver.execute(RemoteWebDriver.java:544)
at org.openqa.selenium.remote.ElementLocation$ElementFinder$2.findElement(ElementLocation.java:165)
at org.openqa.selenium.remote.ElementLocation.findElement(ElementLocation.java:59)
at org.openqa.selenium.remote.RemoteWebDriver.findElement(RemoteWebDriver.java:367)
at org.openqa.selenium.remote.RemoteWebDriver.findElement(RemoteWebDriver.java:361)
at org.openqa.selenium.support.pagefactory.DefaultElementLocator.findElement(DefaultElementLocator.java:68)
at org.openqa.selenium.support.pagefactory.internal.LocatingElementHandler.invoke(LocatingElementHandler.java:38)
at jdk.proxy2/jdk.proxy2.$Proxy15.toString(Unknown Source)
at java.base/java.lang.String.valueOf(String.java:4465)
at org.openqa.selenium.support.ui.ExpectedConditions$23.toString(ExpectedConditions.java:669)
at java.base/java.lang.String.valueOf(String.java:4465)
at org.openqa.selenium.support.ui.FluentWait.until(FluentWait.java:225)
at baselibrary.BaseLibrary.waitandclick(BaseLibrary.java:75)
at pages.Alerts.cliconconfirmalert(Alerts.java:78)
at tests.AlertTest.ClickOnConfirmAlert(AlertTest.java:57)
at java.base/java.util.ArrayList.forEach(ArrayList.java:1596)
... Removed 28 stack frames]]>
    </failure>
  </testcase> <!-- ClickOnConfirmAlert -->
  <testcase classname="tests.AlertTest" name="ClickOnPromptBox" time="10.289">
    <failure type="org.openqa.selenium.NoSuchWindowException" message="no such window: target window already closed
from unknown error: web view not found
  (Session info: chrome=140.0.7339.80)
Build info: version: &amp;apos;4.34.0&amp;apos;, revision: &amp;apos;707dcb4246*&amp;apos;
System info: os.name: &amp;apos;Windows 11&amp;apos;, os.arch: &amp;apos;amd64&amp;apos;, os.version: &amp;apos;10.0&amp;apos;, java.version: &amp;apos;21.0.7&amp;apos;
Driver info: org.openqa.selenium.chrome.ChromeDriver
Command: [4c6256775e2cf9cbaa06e709a9f76e7c, findElement {using=xpath, value=//button[@onclick=&amp;apos;myprompt()&amp;apos;]}]
Capabilities {acceptInsecureCerts: false, browserName: chrome, browserVersion: 140.0.7339.80, chrome: {chromedriverVersion: 140.0.7339.80 (670b6f192f46..., userDataDir: C:\Users\KIIT\AppData\Local...}, fedcm:accounts: true, goog:chromeOptions: {debuggerAddress: localhost:64271}, networkConnectionEnabled: false, pageLoadStrategy: normal, platformName: windows, proxy: Proxy(), se:cdp: ws://localhost:64271/devtoo..., se:cdpVersion: 140.0.7339.80, setWindowRect: true, strictFileInteractability: false, timeouts: {implicit: 0, pageLoad: 300000, script: 30000}, unhandledPromptBehavior: dismiss and notify, webauthn:extension:credBlob: true, webauthn:extension:largeBlob: true, webauthn:extension:minPinLength: true, webauthn:extension:prf: true, webauthn:virtualAuthenticators: true}
Session ID: 4c6256775e2cf9cbaa06e709a9f76e7c">
      <![CDATA[org.openqa.selenium.NoSuchWindowException: no such window: target window already closed
from unknown error: web view not found
  (Session info: chrome=140.0.7339.80)
Build info: version: '4.34.0', revision: '707dcb4246*'
System info: os.name: 'Windows 11', os.arch: 'amd64', os.version: '10.0', java.version: '21.0.7'
Driver info: org.openqa.selenium.chrome.ChromeDriver
Command: [4c6256775e2cf9cbaa06e709a9f76e7c, findElement {using=xpath, value=//button[@onclick='myprompt()']}]
Capabilities {acceptInsecureCerts: false, browserName: chrome, browserVersion: 140.0.7339.80, chrome: {chromedriverVersion: 140.0.7339.80 (670b6f192f46..., userDataDir: C:\Users\KIIT\AppData\Local...}, fedcm:accounts: true, goog:chromeOptions: {debuggerAddress: localhost:64271}, networkConnectionEnabled: false, pageLoadStrategy: normal, platformName: windows, proxy: Proxy(), se:cdp: ws://localhost:64271/devtoo..., se:cdpVersion: 140.0.7339.80, setWindowRect: true, strictFileInteractability: false, timeouts: {implicit: 0, pageLoad: 300000, script: 30000}, unhandledPromptBehavior: dismiss and notify, webauthn:extension:credBlob: true, webauthn:extension:largeBlob: true, webauthn:extension:minPinLength: true, webauthn:extension:prf: true, webauthn:virtualAuthenticators: true}
Session ID: 4c6256775e2cf9cbaa06e709a9f76e7c
at org.openqa.selenium.remote.ErrorCodec.decode(ErrorCodec.java:167)
at org.openqa.selenium.remote.codec.w3c.W3CHttpResponseCodec.decode(W3CHttpResponseCodec.java:138)
at org.openqa.selenium.remote.codec.w3c.W3CHttpResponseCodec.decode(W3CHttpResponseCodec.java:50)
at org.openqa.selenium.remote.HttpCommandExecutor.execute(HttpCommandExecutor.java:215)
at org.openqa.selenium.remote.service.DriverCommandExecutor.invokeExecute(DriverCommandExecutor.java:216)
at org.openqa.selenium.remote.service.DriverCommandExecutor.execute(DriverCommandExecutor.java:174)
at org.openqa.selenium.remote.RemoteWebDriver.execute(RemoteWebDriver.java:544)
at org.openqa.selenium.remote.ElementLocation$ElementFinder$2.findElement(ElementLocation.java:165)
at org.openqa.selenium.remote.ElementLocation.findElement(ElementLocation.java:59)
at org.openqa.selenium.remote.RemoteWebDriver.findElement(RemoteWebDriver.java:367)
at org.openqa.selenium.remote.RemoteWebDriver.findElement(RemoteWebDriver.java:361)
at org.openqa.selenium.support.pagefactory.DefaultElementLocator.findElement(DefaultElementLocator.java:68)
at org.openqa.selenium.support.pagefactory.internal.LocatingElementHandler.invoke(LocatingElementHandler.java:38)
at jdk.proxy2/jdk.proxy2.$Proxy15.toString(Unknown Source)
at java.base/java.lang.String.valueOf(String.java:4465)
at org.openqa.selenium.support.ui.ExpectedConditions$23.toString(ExpectedConditions.java:669)
at java.base/java.lang.String.valueOf(String.java:4465)
at org.openqa.selenium.support.ui.FluentWait.until(FluentWait.java:225)
at baselibrary.BaseLibrary.waitandclick(BaseLibrary.java:75)
at pages.Alerts.cliconconpromptbox(Alerts.java:85)
at tests.AlertTest.ClickOnPromptBox(AlertTest.java:62)
at java.base/java.util.ArrayList.forEach(ArrayList.java:1596)
... Removed 28 stack frames]]>
    </failure>
  </testcase> <!-- ClickOnPromptBox -->
</testsuite> <!-- AlertTest -->
