<?xml version="1.0" encoding="UTF-8"?>
<!-- Generated by org.testng.reporters.JUnitXMLReporter -->
<testsuite ignored="0" hostname="onlyforashish" failures="0" tests="8" name="LoginTest" time="19.435" errors="0" timestamp="2025-09-06T20:42:25 IST">
  <testcase classname="tests.LoginTest" name="ClickOnAll" time="4.944"/>
  <testcase classname="tests.LoginTest" name="ClickOnSineon" time="2.053"/>
  <testcase classname="tests.LoginTest" name="EnterMobileNo" time="0.201"/>
  <testcase classname="tests.LoginTest" name="ClickOnContinue" time="1.688"/>
  <testcase classname="tests.LoginTest" name="EnterPassword" time="0.116"/>
  <testcase classname="tests.LoginTest" name="ClickOnLogin" time="0.269"/>
  <testcase classname="tests.LoginTest" name="ClickOnAll2" time="3.664"/>
  <testcase classname="tests.LoginTest" name="ClickOnSineout" time="2.842"/>
</testsuite> <!-- LoginTest -->
