<?xml version="1.0" encoding="UTF-8"?>
<!-- Generated by org.testng.reporters.JUnitXMLReporter -->
<testsuite ignored="0" hostname="onlyforashish" failures="0" tests="8" name="Test" time="14.343" errors="0" timestamp="2025-09-04T20:01:49 IST">
  <testcase classname="tests.LoginTest" name="ClickOnAll" time="0.368"/>
  <testcase classname="tests.LoginTest" name="ClickOnSineon" time="1.48"/>
  <testcase classname="tests.LoginTest" name="EnterMobileNo" time="0.169"/>
  <testcase classname="tests.LoginTest" name="ClickOnContinue" time="1.317"/>
  <testcase classname="tests.LoginTest" name="EnterPassword" time="0.106"/>
  <testcase classname="tests.LoginTest" name="ClickOnLogin" time="0.278"/>
  <testcase classname="tests.LoginTest" name="ClickOnAll2" time="4.221"/>
  <testcase classname="tests.LoginTest" name="ClickOnSineout" time="2.313"/>
</testsuite> <!-- Test -->
