<?xml version="1.0" encoding="UTF-8"?>
<!-- Generated by org.testng.reporters.JUnitReportReporter -->
<testsuite hostname="onlyforashish" failures="0" tests="9" name="tests.AlertTest" time="72.348" errors="9" timestamp="2025-09-06T20:45:04 IST" skipped="0">
  <testcase classname="tests.AlertTest" name="CloseBrowser" time="0.009">
    <error type="java.lang.StackOverflowError">
      <![CDATA[java.lang.StackOverflowError
at tests.AlertTest.CloseBrowser(AlertTest.java:67)
at tests.AlertTest.CloseBrowser(AlertTest.java:67)
at tests.AlertTest.CloseBrowser(AlertTest.java:67)
at tests.AlertTest.CloseBrowser(AlertTest.java:67)
at tests.AlertTest.CloseBrowser(AlertTest.java:67)
at tests.AlertTest.CloseBrowser(AlertTest.java:67)
at tests.AlertTest.CloseBrowser(AlertTest.java:67)
at tests.AlertTest.CloseBrowser(AlertTest.java:67)
at tests.AlertTest.CloseBrowser(AlertTest.java:67)
at tests.AlertTest.CloseBrowser(AlertTest.java:67)
at tests.AlertTest.CloseBrowser(AlertTest.java:67)
at tests.AlertTest.CloseBrowser(AlertTest.java:67)
at tests.AlertTest.CloseBrowser(AlertTest.java:67)
at tests.AlertTest.CloseBrowser(AlertTest.java:67)
at tests.AlertTest.CloseBrowser(AlertTest.java:67)
at tests.AlertTest.CloseBrowser(AlertTest.java:67)
at tests.AlertTest.CloseBrowser(AlertTest.java:67)
at tests.AlertTest.CloseBrowser(AlertTest.java:67)
at tests.AlertTest.CloseBrowser(AlertTest.java:67)
at tests.AlertTest.CloseBrowser(AlertTest.java:67)
at tests.AlertTest.CloseBrowser(AlertTest.java:67)
at tests.AlertTest.CloseBrowser(AlertTest.java:67)
at tests.AlertTest.CloseBrowser(AlertTest.java:67)
at tests.AlertTest.CloseBrowser(AlertTest.java:67)
at tests.AlertTest.CloseBrowser(AlertTest.java:67)
at tests.AlertTest.CloseBrowser(AlertTest.java:67)
at tests.AlertTest.CloseBrowser(AlertTest.java:67)
at tests.AlertTest.CloseBrowser(AlertTest.java:67)
at tests.AlertTest.CloseBrowser(AlertTest.java:67)
at tests.AlertTest.CloseBrowser(AlertTest.java:67)
at tests.AlertTest.CloseBrowser(AlertTest.java:67)
at tests.AlertTest.CloseBrowser(AlertTest.java:67)
at tests.AlertTest.CloseBrowser(AlertTest.java:67)
at tests.AlertTest.CloseBrowser(AlertTest.java:67)
at tests.AlertTest.CloseBrowser(AlertTest.java:67)
at tests.AlertTest.CloseBrowser(AlertTest.java:67)
at tests.AlertTest.CloseBrowser(AlertTest.java:67)
at tests.AlertTest.CloseBrowser(AlertTest.java:67)
at tests.AlertTest.CloseBrowser(AlertTest.java:67)
at tests.AlertTest.CloseBrowser(AlertTest.java:67)
at tests.AlertTest.CloseBrowser(AlertTest.java:67)
at tests.AlertTest.CloseBrowser(AlertTest.java:67)
at tests.AlertTest.CloseBrowser(AlertTest.java:67)
at tests.AlertTest.CloseBrowser(AlertTest.java:67)
at tests.AlertTest.CloseBrowser(AlertTest.java:67)
at tests.AlertTest.CloseBrowser(AlertTest.java:67)
at tests.AlertTest.CloseBrowser(AlertTest.java:67)
at tests.AlertTest.CloseBrowser(AlertTest.java:67)
at tests.AlertTest.CloseBrowser(AlertTest.java:67)
at tests.AlertTest.CloseBrowser(AlertTest.java:67)
at tests.AlertTest.CloseBrowser(AlertTest.java:67)
at tests.AlertTest.CloseBrowser(AlertTest.java:67)
at tests.AlertTest.CloseBrowser(AlertTest.java:67)
at tests.AlertTest.CloseBrowser(AlertTest.java:67)
at tests.AlertTest.CloseBrowser(AlertTest.java:67)
at tests.AlertTest.CloseBrowser(AlertTest.java:67)
at tests.AlertTest.CloseBrowser(AlertTest.java:67)
at tests.AlertTest.CloseBrowser(AlertTest.java:67)
at tests.AlertTest.CloseBrowser(AlertTest.java:67)
at tests.AlertTest.CloseBrowser(AlertTest.java:67)
at tests.AlertTest.CloseBrowser(AlertTest.java:67)
at tests.AlertTest.CloseBrowser(AlertTest.java:67)
at tests.AlertTest.CloseBrowser(AlertTest.java:67)
at tests.AlertTest.CloseBrowser(AlertTest.java:67)
at tests.AlertTest.CloseBrowser(AlertTest.java:67)
at tests.AlertTest.CloseBrowser(AlertTest.java:67)
at tests.AlertTest.CloseBrowser(AlertTest.java:67)
at tests.AlertTest.CloseBrowser(AlertTest.java:67)
at tests.AlertTest.CloseBrowser(AlertTest.java:67)
at tests.AlertTest.CloseBrowser(AlertTest.java:67)
at tests.AlertTest.CloseBrowser(AlertTest.java:67)
at tests.AlertTest.CloseBrowser(AlertTest.java:67)
at tests.AlertTest.CloseBrowser(AlertTest.java:67)
at tests.AlertTest.CloseBrowser(AlertTest.java:67)
at tests.AlertTest.CloseBrowser(AlertTest.java:67)
at tests.AlertTest.CloseBrowser(AlertTest.java:67)
at tests.AlertTest.CloseBrowser(AlertTest.java:67)
at tests.AlertTest.CloseBrowser(AlertTest.java:67)
at tests.AlertTest.CloseBrowser(AlertTest.java:67)
at tests.AlertTest.CloseBrowser(AlertTest.java:67)
at tests.AlertTest.CloseBrowser(AlertTest.java:67)
at tests.AlertTest.CloseBrowser(AlertTest.java:67)
at tests.AlertTest.CloseBrowser(AlertTest.java:67)
at tests.AlertTest.CloseBrowser(AlertTest.java:67)
at tests.AlertTest.CloseBrowser(AlertTest.java:67)
at tests.AlertTest.CloseBrowser(AlertTest.java:67)
at tests.AlertTest.CloseBrowser(AlertTest.java:67)
at tests.AlertTest.CloseBrowser(AlertTest.java:67)
at tests.AlertTest.CloseBrowser(AlertTest.java:67)
at tests.AlertTest.CloseBrowser(AlertTest.java:67)
at tests.AlertTest.CloseBrowser(AlertTest.java:67)
at tests.AlertTest.CloseBrowser(AlertTest.java:67)
at tests.AlertTest.CloseBrowser(AlertTest.java:67)
at tests.AlertTest.CloseBrowser(AlertTest.java:67)
at tests.AlertTest.CloseBrowser(AlertTest.java:67)
at tests.AlertTest.CloseBrowser(AlertTest.java:67)
at tests.AlertTest.CloseBrowser(AlertTest.java:67)
at tests.AlertTest.CloseBrowser(AlertTest.java:67)
at tests.AlertTest.CloseBrowser(AlertTest.java:67)
at tests.AlertTest.CloseBrowser(AlertTest.java:67)
at tests.AlertTest.CloseBrowser(AlertTest.java:67)
at tests.AlertTest.CloseBrowser(AlertTest.java:67)
at tests.AlertTest.CloseBrowser(AlertTest.java:67)
at tests.AlertTest.CloseBrowser(AlertTest.java:67)
at tests.AlertTest.CloseBrowser(AlertTest.java:67)
at tests.AlertTest.CloseBrowser(AlertTest.java:67)
at tests.AlertTest.CloseBrowser(AlertTest.java:67)
at tests.AlertTest.CloseBrowser(AlertTest.java:67)
at tests.AlertTest.CloseBrowser(AlertTest.java:67)
at tests.AlertTest.CloseBrowser(AlertTest.java:67)
at tests.AlertTest.CloseBrowser(AlertTest.java:67)
at tests.AlertTest.CloseBrowser(AlertTest.java:67)
at tests.AlertTest.CloseBrowser(AlertTest.java:67)
at tests.AlertTest.CloseBrowser(AlertTest.java:67)
at tests.AlertTest.CloseBrowser(AlertTest.java:67)
at tests.AlertTest.CloseBrowser(AlertTest.java:67)
at tests.AlertTest.CloseBrowser(AlertTest.java:67)
at tests.AlertTest.CloseBrowser(AlertTest.java:67)
at tests.AlertTest.CloseBrowser(AlertTest.java:67)
at tests.AlertTest.CloseBrowser(AlertTest.java:67)
at tests.AlertTest.CloseBrowser(AlertTest.java:67)
at tests.AlertTest.CloseBrowser(AlertTest.java:67)
at tests.AlertTest.CloseBrowser(AlertTest.java:67)
at tests.AlertTest.CloseBrowser(AlertTest.java:67)
at tests.AlertTest.CloseBrowser(AlertTest.java:67)
at tests.AlertTest.CloseBrowser(AlertTest.java:67)
at tests.AlertTest.CloseBrowser(AlertTest.java:67)
at tests.AlertTest.CloseBrowser(AlertTest.java:67)
at tests.AlertTest.CloseBrowser(AlertTest.java:67)
at tests.AlertTest.CloseBrowser(AlertTest.java:67)
at tests.AlertTest.CloseBrowser(AlertTest.java:67)
at tests.AlertTest.CloseBrowser(AlertTest.java:67)
at tests.AlertTest.CloseBrowser(AlertTest.java:67)
at tests.AlertTest.CloseBrowser(AlertTest.java:67)
at tests.AlertTest.CloseBrowser(AlertTest.java:67)
at tests.AlertTest.CloseBrowser(AlertTest.java:67)
at tests.AlertTest.CloseBrowser(AlertTest.java:67)
at tests.AlertTest.CloseBrowser(AlertTest.java:67)
at tests.AlertTest.CloseBrowser(AlertTest.java:67)
at tests.AlertTest.CloseBrowser(AlertTest.java:67)
at tests.AlertTest.CloseBrowser(AlertTest.java:67)
at tests.AlertTest.CloseBrowser(AlertTest.java:67)
at tests.AlertTest.CloseBrowser(AlertTest.java:67)
at tests.AlertTest.CloseBrowser(AlertTest.java:67)
at tests.AlertTest.CloseBrowser(AlertTest.java:67)
at tests.AlertTest.CloseBrowser(AlertTest.java:67)
at tests.AlertTest.CloseBrowser(AlertTest.java:67)
at tests.AlertTest.CloseBrowser(AlertTest.java:67)
at tests.AlertTest.CloseBrowser(AlertTest.java:67)
at tests.AlertTest.CloseBrowser(AlertTest.java:67)
at tests.AlertTest.CloseBrowser(AlertTest.java:67)
at tests.AlertTest.CloseBrowser(AlertTest.java:67)
at tests.AlertTest.CloseBrowser(AlertTest.java:67)
at tests.AlertTest.CloseBrowser(AlertTest.java:67)
at tests.AlertTest.CloseBrowser(AlertTest.java:67)
at tests.AlertTest.CloseBrowser(AlertTest.java:67)
at tests.AlertTest.CloseBrowser(AlertTest.java:67)
at tests.AlertTest.CloseBrowser(AlertTest.java:67)
at tests.AlertTest.CloseBrowser(AlertTest.java:67)
at tests.AlertTest.CloseBrowser(AlertTest.java:67)
at tests.AlertTest.CloseBrowser(AlertTest.java:67)
at tests.AlertTest.CloseBrowser(AlertTest.java:67)
at tests.AlertTest.CloseBrowser(AlertTest.java:67)
at tests.AlertTest.CloseBrowser(AlertTest.java:67)
at tests.AlertTest.CloseBrowser(AlertTest.java:67)
at tests.AlertTest.CloseBrowser(AlertTest.java:67)
at tests.AlertTest.CloseBrowser(AlertTest.java:67)
at tests.AlertTest.CloseBrowser(AlertTest.java:67)
at tests.AlertTest.CloseBrowser(AlertTest.java:67)
at tests.AlertTest.CloseBrowser(AlertTest.java:67)
at tests.AlertTest.CloseBrowser(AlertTest.java:67)
at tests.AlertTest.CloseBrowser(AlertTest.java:67)
at tests.AlertTest.CloseBrowser(AlertTest.java:67)
at tests.AlertTest.CloseBrowser(AlertTest.java:67)
at tests.AlertTest.CloseBrowser(AlertTest.java:67)
at tests.AlertTest.CloseBrowser(AlertTest.java:67)
at tests.AlertTest.CloseBrowser(AlertTest.java:67)
at tests.AlertTest.CloseBrowser(AlertTest.java:67)
at tests.AlertTest.CloseBrowser(AlertTest.java:67)
at tests.AlertTest.CloseBrowser(AlertTest.java:67)
at tests.AlertTest.CloseBrowser(AlertTest.java:67)
at tests.AlertTest.CloseBrowser(AlertTest.java:67)
at tests.AlertTest.CloseBrowser(AlertTest.java:67)
at tests.AlertTest.CloseBrowser(AlertTest.java:67)
at tests.AlertTest.CloseBrowser(AlertTest.java:67)
at tests.AlertTest.CloseBrowser(AlertTest.java:67)
at tests.AlertTest.CloseBrowser(AlertTest.java:67)
at tests.AlertTest.CloseBrowser(AlertTest.java:67)
at tests.AlertTest.CloseBrowser(AlertTest.java:67)
at tests.AlertTest.CloseBrowser(AlertTest.java:67)
at tests.AlertTest.CloseBrowser(AlertTest.java:67)
at tests.AlertTest.CloseBrowser(AlertTest.java:67)
at tests.AlertTest.CloseBrowser(AlertTest.java:67)
at tests.AlertTest.CloseBrowser(AlertTest.java:67)
at tests.AlertTest.CloseBrowser(AlertTest.java:67)
at tests.AlertTest.CloseBrowser(AlertTest.java:67)
at tests.AlertTest.CloseBrowser(AlertTest.java:67)
at tests.AlertTest.CloseBrowser(AlertTest.java:67)
at tests.AlertTest.CloseBrowser(AlertTest.java:67)
at tests.AlertTest.CloseBrowser(AlertTest.java:67)
at tests.AlertTest.CloseBrowser(AlertTest.java:67)
at tests.AlertTest.CloseBrowser(AlertTest.java:67)
at tests.AlertTest.CloseBrowser(AlertTest.java:67)
at tests.AlertTest.CloseBrowser(AlertTest.java:67)
at tests.AlertTest.CloseBrowser(AlertTest.java:67)
at tests.AlertTest.CloseBrowser(AlertTest.java:67)
at tests.AlertTest.CloseBrowser(AlertTest.java:67)
at tests.AlertTest.CloseBrowser(AlertTest.java:67)
at tests.AlertTest.CloseBrowser(AlertTest.java:67)
at tests.AlertTest.CloseBrowser(AlertTest.java:67)
at tests.AlertTest.CloseBrowser(AlertTest.java:67)
at tests.AlertTest.CloseBrowser(AlertTest.java:67)
at tests.AlertTest.CloseBrowser(AlertTest.java:67)
at tests.AlertTest.CloseBrowser(AlertTest.java:67)
at tests.AlertTest.CloseBrowser(AlertTest.java:67)
at tests.AlertTest.CloseBrowser(AlertTest.java:67)
at tests.AlertTest.CloseBrowser(AlertTest.java:67)
at tests.AlertTest.CloseBrowser(AlertTest.java:67)
at tests.AlertTest.CloseBrowser(AlertTest.java:67)
at tests.AlertTest.CloseBrowser(AlertTest.java:67)
at tests.AlertTest.CloseBrowser(AlertTest.java:67)
at tests.AlertTest.CloseBrowser(AlertTest.java:67)
at tests.AlertTest.CloseBrowser(AlertTest.java:67)
at tests.AlertTest.CloseBrowser(AlertTest.java:67)
at tests.AlertTest.CloseBrowser(AlertTest.java:67)
at tests.AlertTest.CloseBrowser(AlertTest.java:67)
at tests.AlertTest.CloseBrowser(AlertTest.java:67)
at tests.AlertTest.CloseBrowser(AlertTest.java:67)
at tests.AlertTest.CloseBrowser(AlertTest.java:67)
at tests.AlertTest.CloseBrowser(AlertTest.java:67)
at tests.AlertTest.CloseBrowser(AlertTest.java:67)
at tests.AlertTest.CloseBrowser(AlertTest.java:67)
at tests.AlertTest.CloseBrowser(AlertTest.java:67)
at tests.AlertTest.CloseBrowser(AlertTest.java:67)
at tests.AlertTest.CloseBrowser(AlertTest.java:67)
at tests.AlertTest.CloseBrowser(AlertTest.java:67)
at tests.AlertTest.CloseBrowser(AlertTest.java:67)
at tests.AlertTest.CloseBrowser(AlertTest.java:67)
at tests.AlertTest.CloseBrowser(AlertTest.java:67)
at tests.AlertTest.CloseBrowser(AlertTest.java:67)
at tests.AlertTest.CloseBrowser(AlertTest.java:67)
at tests.AlertTest.CloseBrowser(AlertTest.java:67)
at tests.AlertTest.CloseBrowser(AlertTest.java:67)
at tests.AlertTest.CloseBrowser(AlertTest.java:67)
at tests.AlertTest.CloseBrowser(AlertTest.java:67)
at tests.AlertTest.CloseBrowser(AlertTest.java:67)
at tests.AlertTest.CloseBrowser(AlertTest.java:67)
at tests.AlertTest.CloseBrowser(AlertTest.java:67)
at tests.AlertTest.CloseBrowser(AlertTest.java:67)
at tests.AlertTest.CloseBrowser(AlertTest.java:67)
at tests.AlertTest.CloseBrowser(AlertTest.java:67)
at tests.AlertTest.CloseBrowser(AlertTest.java:67)
at tests.AlertTest.CloseBrowser(AlertTest.java:67)
at tests.AlertTest.CloseBrowser(AlertTest.java:67)
at tests.AlertTest.CloseBrowser(AlertTest.java:67)
at tests.AlertTest.CloseBrowser(AlertTest.java:67)
at tests.AlertTest.CloseBrowser(AlertTest.java:67)
at tests.AlertTest.CloseBrowser(AlertTest.java:67)
at tests.AlertTest.CloseBrowser(AlertTest.java:67)
at tests.AlertTest.CloseBrowser(AlertTest.java:67)
at tests.AlertTest.CloseBrowser(AlertTest.java:67)
at tests.AlertTest.CloseBrowser(AlertTest.java:67)
at tests.AlertTest.CloseBrowser(AlertTest.java:67)
at tests.AlertTest.CloseBrowser(AlertTest.java:67)
at tests.AlertTest.CloseBrowser(AlertTest.java:67)
at tests.AlertTest.CloseBrowser(AlertTest.java:67)
at tests.AlertTest.CloseBrowser(AlertTest.java:67)
at tests.AlertTest.CloseBrowser(AlertTest.java:67)
at tests.AlertTest.CloseBrowser(AlertTest.java:67)
at tests.AlertTest.CloseBrowser(AlertTest.java:67)
at tests.AlertTest.CloseBrowser(AlertTest.java:67)
at tests.AlertTest.CloseBrowser(AlertTest.java:67)
at tests.AlertTest.CloseBrowser(AlertTest.java:67)
at tests.AlertTest.CloseBrowser(AlertTest.java:67)
at tests.AlertTest.CloseBrowser(AlertTest.java:67)
at tests.AlertTest.CloseBrowser(AlertTest.java:67)
at tests.AlertTest.CloseBrowser(AlertTest.java:67)
at tests.AlertTest.CloseBrowser(AlertTest.java:67)
at tests.AlertTest.CloseBrowser(AlertTest.java:67)
at tests.AlertTest.CloseBrowser(AlertTest.java:67)
at tests.AlertTest.CloseBrowser(AlertTest.java:67)
at tests.AlertTest.CloseBrowser(AlertTest.java:67)
at tests.AlertTest.CloseBrowser(AlertTest.java:67)
at tests.AlertTest.CloseBrowser(AlertTest.java:67)
at tests.AlertTest.CloseBrowser(AlertTest.java:67)
at tests.AlertTest.CloseBrowser(AlertTest.java:67)
at tests.AlertTest.CloseBrowser(AlertTest.java:67)
at tests.AlertTest.CloseBrowser(AlertTest.java:67)
at tests.AlertTest.CloseBrowser(AlertTest.java:67)
at tests.AlertTest.CloseBrowser(AlertTest.java:67)
at tests.AlertTest.CloseBrowser(AlertTest.java:67)
at tests.AlertTest.CloseBrowser(AlertTest.java:67)
at tests.AlertTest.CloseBrowser(AlertTest.java:67)
at tests.AlertTest.CloseBrowser(AlertTest.java:67)
at tests.AlertTest.CloseBrowser(AlertTest.java:67)
at tests.AlertTest.CloseBrowser(AlertTest.java:67)
at tests.AlertTest.CloseBrowser(AlertTest.java:67)
at tests.AlertTest.CloseBrowser(AlertTest.java:67)
at tests.AlertTest.CloseBrowser(AlertTest.java:67)
at tests.AlertTest.CloseBrowser(AlertTest.java:67)
at tests.AlertTest.CloseBrowser(AlertTest.java:67)
at tests.AlertTest.CloseBrowser(AlertTest.java:67)
at tests.AlertTest.CloseBrowser(AlertTest.java:67)
at tests.AlertTest.CloseBrowser(AlertTest.java:67)
at tests.AlertTest.CloseBrowser(AlertTest.java:67)
at tests.AlertTest.CloseBrowser(AlertTest.java:67)
at tests.AlertTest.CloseBrowser(AlertTest.java:67)
at tests.AlertTest.CloseBrowser(AlertTest.java:67)
at tests.AlertTest.CloseBrowser(AlertTest.java:67)
at tests.AlertTest.CloseBrowser(AlertTest.java:67)
at tests.AlertTest.CloseBrowser(AlertTest.java:67)
at tests.AlertTest.CloseBrowser(AlertTest.java:67)
at tests.AlertTest.CloseBrowser(AlertTest.java:67)
at tests.AlertTest.CloseBrowser(AlertTest.java:67)
at tests.AlertTest.CloseBrowser(AlertTest.java:67)
at tests.AlertTest.CloseBrowser(AlertTest.java:67)
at tests.AlertTest.CloseBrowser(AlertTest.java:67)
at tests.AlertTest.CloseBrowser(AlertTest.java:67)
at tests.AlertTest.CloseBrowser(AlertTest.java:67)
at tests.AlertTest.CloseBrowser(AlertTest.java:67)
at tests.AlertTest.CloseBrowser(AlertTest.java:67)
at tests.AlertTest.CloseBrowser(AlertTest.java:67)
at tests.AlertTest.CloseBrowser(AlertTest.java:67)
at tests.AlertTest.CloseBrowser(AlertTest.java:67)
at tests.AlertTest.CloseBrowser(AlertTest.java:67)
at tests.AlertTest.CloseBrowser(AlertTest.java:67)
at tests.AlertTest.CloseBrowser(AlertTest.java:67)
at tests.AlertTest.CloseBrowser(AlertTest.java:67)
at tests.AlertTest.CloseBrowser(AlertTest.java:67)
at tests.AlertTest.CloseBrowser(AlertTest.java:67)
at tests.AlertTest.CloseBrowser(AlertTest.java:67)
at tests.AlertTest.CloseBrowser(AlertTest.java:67)
at tests.AlertTest.CloseBrowser(AlertTest.java:67)
at tests.AlertTest.CloseBrowser(AlertTest.java:67)
at tests.AlertTest.CloseBrowser(AlertTest.java:67)
at tests.AlertTest.CloseBrowser(AlertTest.java:67)
at tests.AlertTest.CloseBrowser(AlertTest.java:67)
at tests.AlertTest.CloseBrowser(AlertTest.java:67)
at tests.AlertTest.CloseBrowser(AlertTest.java:67)
at tests.AlertTest.CloseBrowser(AlertTest.java:67)
at tests.AlertTest.CloseBrowser(AlertTest.java:67)
at tests.AlertTest.CloseBrowser(AlertTest.java:67)
at tests.AlertTest.CloseBrowser(AlertTest.java:67)
at tests.AlertTest.CloseBrowser(AlertTest.java:67)
at tests.AlertTest.CloseBrowser(AlertTest.java:67)
at tests.AlertTest.CloseBrowser(AlertTest.java:67)
at tests.AlertTest.CloseBrowser(AlertTest.java:67)
at tests.AlertTest.CloseBrowser(AlertTest.java:67)
at tests.AlertTest.CloseBrowser(AlertTest.java:67)
at tests.AlertTest.CloseBrowser(AlertTest.java:67)
at tests.AlertTest.CloseBrowser(AlertTest.java:67)
at tests.AlertTest.CloseBrowser(AlertTest.java:67)
at tests.AlertTest.CloseBrowser(AlertTest.java:67)
at tests.AlertTest.CloseBrowser(AlertTest.java:67)
at tests.AlertTest.CloseBrowser(AlertTest.java:67)
at tests.AlertTest.CloseBrowser(AlertTest.java:67)
at tests.AlertTest.CloseBrowser(AlertTest.java:67)
at tests.AlertTest.CloseBrowser(AlertTest.java:67)
at tests.AlertTest.CloseBrowser(AlertTest.java:67)
at tests.AlertTest.CloseBrowser(AlertTest.java:67)
at tests.AlertTest.CloseBrowser(AlertTest.java:67)
at tests.AlertTest.CloseBrowser(AlertTest.java:67)
at tests.AlertTest.CloseBrowser(AlertTest.java:67)
at tests.AlertTest.CloseBrowser(AlertTest.java:67)
at tests.AlertTest.CloseBrowser(AlertTest.java:67)
at tests.AlertTest.CloseBrowser(AlertTest.java:67)
at tests.AlertTest.CloseBrowser(AlertTest.java:67)
at tests.AlertTest.CloseBrowser(AlertTest.java:67)
at tests.AlertTest.CloseBrowser(AlertTest.java:67)
at tests.AlertTest.CloseBrowser(AlertTest.java:67)
at tests.AlertTest.CloseBrowser(AlertTest.java:67)
at tests.AlertTest.CloseBrowser(AlertTest.java:67)
at tests.AlertTest.CloseBrowser(AlertTest.java:67)
at tests.AlertTest.CloseBrowser(AlertTest.java:67)
at tests.AlertTest.CloseBrowser(AlertTest.java:67)
at tests.AlertTest.CloseBrowser(AlertTest.java:67)
at tests.AlertTest.CloseBrowser(AlertTest.java:67)
at tests.AlertTest.CloseBrowser(AlertTest.java:67)
at tests.AlertTest.CloseBrowser(AlertTest.java:67)
at tests.AlertTest.CloseBrowser(AlertTest.java:67)
at tests.AlertTest.CloseBrowser(AlertTest.java:67)
at tests.AlertTest.CloseBrowser(AlertTest.java:67)
at tests.AlertTest.CloseBrowser(AlertTest.java:67)
at tests.AlertTest.CloseBrowser(AlertTest.java:67)
at tests.AlertTest.CloseBrowser(AlertTest.java:67)
at tests.AlertTest.CloseBrowser(AlertTest.java:67)
at tests.AlertTest.CloseBrowser(AlertTest.java:67)
at tests.AlertTest.CloseBrowser(AlertTest.java:67)
at tests.AlertTest.CloseBrowser(AlertTest.java:67)
at tests.AlertTest.CloseBrowser(AlertTest.java:67)
at tests.AlertTest.CloseBrowser(AlertTest.java:67)
at tests.AlertTest.CloseBrowser(AlertTest.java:67)
at tests.AlertTest.CloseBrowser(AlertTest.java:67)
at tests.AlertTest.CloseBrowser(AlertTest.java:67)
at tests.AlertTest.CloseBrowser(AlertTest.java:67)
at tests.AlertTest.CloseBrowser(AlertTest.java:67)
at tests.AlertTest.CloseBrowser(AlertTest.java:67)
at tests.AlertTest.CloseBrowser(AlertTest.java:67)
at tests.AlertTest.CloseBrowser(AlertTest.java:67)
at tests.AlertTest.CloseBrowser(AlertTest.java:67)
at tests.AlertTest.CloseBrowser(AlertTest.java:67)
at tests.AlertTest.CloseBrowser(AlertTest.java:67)
at tests.AlertTest.CloseBrowser(AlertTest.java:67)
at tests.AlertTest.CloseBrowser(AlertTest.java:67)
at tests.AlertTest.CloseBrowser(AlertTest.java:67)
at tests.AlertTest.CloseBrowser(AlertTest.java:67)
at tests.AlertTest.CloseBrowser(AlertTest.java:67)
at tests.AlertTest.CloseBrowser(AlertTest.java:67)
at tests.AlertTest.CloseBrowser(AlertTest.java:67)
at tests.AlertTest.CloseBrowser(AlertTest.java:67)
at tests.AlertTest.CloseBrowser(AlertTest.java:67)
at tests.AlertTest.CloseBrowser(AlertTest.java:67)
at tests.AlertTest.CloseBrowser(AlertTest.java:67)
at tests.AlertTest.CloseBrowser(AlertTest.java:67)
at tests.AlertTest.CloseBrowser(AlertTest.java:67)
at tests.AlertTest.CloseBrowser(AlertTest.java:67)
at tests.AlertTest.CloseBrowser(AlertTest.java:67)
at tests.AlertTest.CloseBrowser(AlertTest.java:67)
at tests.AlertTest.CloseBrowser(AlertTest.java:67)
at tests.AlertTest.CloseBrowser(AlertTest.java:67)
at tests.AlertTest.CloseBrowser(AlertTest.java:67)
at tests.AlertTest.CloseBrowser(AlertTest.java:67)
at tests.AlertTest.CloseBrowser(AlertTest.java:67)
at tests.AlertTest.CloseBrowser(AlertTest.java:67)
at tests.AlertTest.CloseBrowser(AlertTest.java:67)
at tests.AlertTest.CloseBrowser(AlertTest.java:67)
at tests.AlertTest.CloseBrowser(AlertTest.java:67)
at tests.AlertTest.CloseBrowser(AlertTest.java:67)
at tests.AlertTest.CloseBrowser(AlertTest.java:67)
at tests.AlertTest.CloseBrowser(AlertTest.java:67)
at tests.AlertTest.CloseBrowser(AlertTest.java:67)
at tests.AlertTest.CloseBrowser(AlertTest.java:67)
at tests.AlertTest.CloseBrowser(AlertTest.java:67)
at tests.AlertTest.CloseBrowser(AlertTest.java:67)
at tests.AlertTest.CloseBrowser(AlertTest.java:67)
at tests.AlertTest.CloseBrowser(AlertTest.java:67)
at tests.AlertTest.CloseBrowser(AlertTest.java:67)
at tests.AlertTest.CloseBrowser(AlertTest.java:67)
at tests.AlertTest.CloseBrowser(AlertTest.java:67)
at tests.AlertTest.CloseBrowser(AlertTest.java:67)
at tests.AlertTest.CloseBrowser(AlertTest.java:67)
at tests.AlertTest.CloseBrowser(AlertTest.java:67)
at tests.AlertTest.CloseBrowser(AlertTest.java:67)
at tests.AlertTest.CloseBrowser(AlertTest.java:67)
at tests.AlertTest.CloseBrowser(AlertTest.java:67)
at tests.AlertTest.CloseBrowser(AlertTest.java:67)
at tests.AlertTest.CloseBrowser(AlertTest.java:67)
at tests.AlertTest.CloseBrowser(AlertTest.java:67)
at tests.AlertTest.CloseBrowser(AlertTest.java:67)
at tests.AlertTest.CloseBrowser(AlertTest.java:67)
at tests.AlertTest.CloseBrowser(AlertTest.java:67)
at tests.AlertTest.CloseBrowser(AlertTest.java:67)
at tests.AlertTest.CloseBrowser(AlertTest.java:67)
at tests.AlertTest.CloseBrowser(AlertTest.java:67)
at tests.AlertTest.CloseBrowser(AlertTest.java:67)
at tests.AlertTest.CloseBrowser(AlertTest.java:67)
at tests.AlertTest.CloseBrowser(AlertTest.java:67)
at tests.AlertTest.CloseBrowser(AlertTest.java:67)
at tests.AlertTest.CloseBrowser(AlertTest.java:67)
at tests.AlertTest.CloseBrowser(AlertTest.java:67)
at tests.AlertTest.CloseBrowser(AlertTest.java:67)
at tests.AlertTest.CloseBrowser(AlertTest.java:67)
at tests.AlertTest.CloseBrowser(AlertTest.java:67)
at tests.AlertTest.CloseBrowser(AlertTest.java:67)
at tests.AlertTest.CloseBrowser(AlertTest.java:67)
at tests.AlertTest.CloseBrowser(AlertTest.java:67)
at tests.AlertTest.CloseBrowser(AlertTest.java:67)
at tests.AlertTest.CloseBrowser(AlertTest.java:67)
at tests.AlertTest.CloseBrowser(AlertTest.java:67)
at tests.AlertTest.CloseBrowser(AlertTest.java:67)
at tests.AlertTest.CloseBrowser(AlertTest.java:67)
at tests.AlertTest.CloseBrowser(AlertTest.java:67)
at tests.AlertTest.CloseBrowser(AlertTest.java:67)
at tests.AlertTest.CloseBrowser(AlertTest.java:67)
at tests.AlertTest.CloseBrowser(AlertTest.java:67)
at tests.AlertTest.CloseBrowser(AlertTest.java:67)
at tests.AlertTest.CloseBrowser(AlertTest.java:67)
at tests.AlertTest.CloseBrowser(AlertTest.java:67)
at tests.AlertTest.CloseBrowser(AlertTest.java:67)
at tests.AlertTest.CloseBrowser(AlertTest.java:67)
at tests.AlertTest.CloseBrowser(AlertTest.java:67)
at tests.AlertTest.CloseBrowser(AlertTest.java:67)
at tests.AlertTest.CloseBrowser(AlertTest.java:67)
at tests.AlertTest.CloseBrowser(AlertTest.java:67)
at tests.AlertTest.CloseBrowser(AlertTest.java:67)
at tests.AlertTest.CloseBrowser(AlertTest.java:67)
at tests.AlertTest.CloseBrowser(AlertTest.java:67)
at tests.AlertTest.CloseBrowser(AlertTest.java:67)
at tests.AlertTest.CloseBrowser(AlertTest.java:67)
at tests.AlertTest.CloseBrowser(AlertTest.java:67)
at tests.AlertTest.CloseBrowser(AlertTest.java:67)
at tests.AlertTest.CloseBrowser(AlertTest.java:67)
at tests.AlertTest.CloseBrowser(AlertTest.java:67)
at tests.AlertTest.CloseBrowser(AlertTest.java:67)
at tests.AlertTest.CloseBrowser(AlertTest.java:67)
at tests.AlertTest.CloseBrowser(AlertTest.java:67)
at tests.AlertTest.CloseBrowser(AlertTest.java:67)
at tests.AlertTest.CloseBrowser(AlertTest.java:67)
at tests.AlertTest.CloseBrowser(AlertTest.java:67)
at tests.AlertTest.CloseBrowser(AlertTest.java:67)
at tests.AlertTest.CloseBrowser(AlertTest.java:67)
at tests.AlertTest.CloseBrowser(AlertTest.java:67)
at tests.AlertTest.CloseBrowser(AlertTest.java:67)
at tests.AlertTest.CloseBrowser(AlertTest.java:67)
at tests.AlertTest.CloseBrowser(AlertTest.java:67)
at tests.AlertTest.CloseBrowser(AlertTest.java:67)
at tests.AlertTest.CloseBrowser(AlertTest.java:67)
at tests.AlertTest.CloseBrowser(AlertTest.java:67)
at tests.AlertTest.CloseBrowser(AlertTest.java:67)
at tests.AlertTest.CloseBrowser(AlertTest.java:67)
at tests.AlertTest.CloseBrowser(AlertTest.java:67)
at tests.AlertTest.CloseBrowser(AlertTest.java:67)
at tests.AlertTest.CloseBrowser(AlertTest.java:67)
at tests.AlertTest.CloseBrowser(AlertTest.java:67)
at tests.AlertTest.CloseBrowser(AlertTest.java:67)
at tests.AlertTest.CloseBrowser(AlertTest.java:67)
at tests.AlertTest.CloseBrowser(AlertTest.java:67)
at tests.AlertTest.CloseBrowser(AlertTest.java:67)
at tests.AlertTest.CloseBrowser(AlertTest.java:67)
at tests.AlertTest.CloseBrowser(AlertTest.java:67)
at tests.AlertTest.CloseBrowser(AlertTest.java:67)
at tests.AlertTest.CloseBrowser(AlertTest.java:67)
at tests.AlertTest.CloseBrowser(AlertTest.java:67)
at tests.AlertTest.CloseBrowser(AlertTest.java:67)
at tests.AlertTest.CloseBrowser(AlertTest.java:67)
at tests.AlertTest.CloseBrowser(AlertTest.java:67)
at tests.AlertTest.CloseBrowser(AlertTest.java:67)
at tests.AlertTest.CloseBrowser(AlertTest.java:67)
at tests.AlertTest.CloseBrowser(AlertTest.java:67)
at tests.AlertTest.CloseBrowser(AlertTest.java:67)
at tests.AlertTest.CloseBrowser(AlertTest.java:67)
at tests.AlertTest.CloseBrowser(AlertTest.java:67)
at tests.AlertTest.CloseBrowser(AlertTest.java:67)
at tests.AlertTest.CloseBrowser(AlertTest.java:67)
at tests.AlertTest.CloseBrowser(AlertTest.java:67)
at tests.AlertTest.CloseBrowser(AlertTest.java:67)
at tests.AlertTest.CloseBrowser(AlertTest.java:67)
at tests.AlertTest.CloseBrowser(AlertTest.java:67)
at tests.AlertTest.CloseBrowser(AlertTest.java:67)
at tests.AlertTest.CloseBrowser(AlertTest.java:67)
at tests.AlertTest.CloseBrowser(AlertTest.java:67)
at tests.AlertTest.CloseBrowser(AlertTest.java:67)
at tests.AlertTest.CloseBrowser(AlertTest.java:67)
at tests.AlertTest.CloseBrowser(AlertTest.java:67)
at tests.AlertTest.CloseBrowser(AlertTest.java:67)
at tests.AlertTest.CloseBrowser(AlertTest.java:67)
at tests.AlertTest.CloseBrowser(AlertTest.java:67)
at tests.AlertTest.CloseBrowser(AlertTest.java:67)
at tests.AlertTest.CloseBrowser(AlertTest.java:67)
at tests.AlertTest.CloseBrowser(AlertTest.java:67)
at tests.AlertTest.CloseBrowser(AlertTest.java:67)
at tests.AlertTest.CloseBrowser(AlertTest.java:67)
at tests.AlertTest.CloseBrowser(AlertTest.java:67)
at tests.AlertTest.CloseBrowser(AlertTest.java:67)
at tests.AlertTest.CloseBrowser(AlertTest.java:67)
at tests.AlertTest.CloseBrowser(AlertTest.java:67)
at tests.AlertTest.CloseBrowser(AlertTest.java:67)
at tests.AlertTest.CloseBrowser(AlertTest.java:67)
at tests.AlertTest.CloseBrowser(AlertTest.java:67)
at tests.AlertTest.CloseBrowser(AlertTest.java:67)
at tests.AlertTest.CloseBrowser(AlertTest.java:67)
at tests.AlertTest.CloseBrowser(AlertTest.java:67)
at tests.AlertTest.CloseBrowser(AlertTest.java:67)
at tests.AlertTest.CloseBrowser(AlertTest.java:67)
at tests.AlertTest.CloseBrowser(AlertTest.java:67)
at tests.AlertTest.CloseBrowser(AlertTest.java:67)
at tests.AlertTest.CloseBrowser(AlertTest.java:67)
at tests.AlertTest.CloseBrowser(AlertTest.java:67)
at tests.AlertTest.CloseBrowser(AlertTest.java:67)
at tests.AlertTest.CloseBrowser(AlertTest.java:67)
at tests.AlertTest.CloseBrowser(AlertTest.java:67)
at tests.AlertTest.CloseBrowser(AlertTest.java:67)
at tests.AlertTest.CloseBrowser(AlertTest.java:67)
at tests.AlertTest.CloseBrowser(AlertTest.java:67)
at tests.AlertTest.CloseBrowser(AlertTest.java:67)
at tests.AlertTest.CloseBrowser(AlertTest.java:67)
at tests.AlertTest.CloseBrowser(AlertTest.java:67)
at tests.AlertTest.CloseBrowser(AlertTest.java:67)
at tests.AlertTest.CloseBrowser(AlertTest.java:67)
at tests.AlertTest.CloseBrowser(AlertTest.java:67)
at tests.AlertTest.CloseBrowser(AlertTest.java:67)
at tests.AlertTest.CloseBrowser(AlertTest.java:67)
at tests.AlertTest.CloseBrowser(AlertTest.java:67)
at tests.AlertTest.CloseBrowser(AlertTest.java:67)
at tests.AlertTest.CloseBrowser(AlertTest.java:67)
at tests.AlertTest.CloseBrowser(AlertTest.java:67)
at tests.AlertTest.CloseBrowser(AlertTest.java:67)
at tests.AlertTest.CloseBrowser(AlertTest.java:67)
at tests.AlertTest.CloseBrowser(AlertTest.java:67)
at tests.AlertTest.CloseBrowser(AlertTest.java:67)
at tests.AlertTest.CloseBrowser(AlertTest.java:67)
at tests.AlertTest.CloseBrowser(AlertTest.java:67)
at tests.AlertTest.CloseBrowser(AlertTest.java:67)
at tests.AlertTest.CloseBrowser(AlertTest.java:67)
at tests.AlertTest.CloseBrowser(AlertTest.java:67)
at tests.AlertTest.CloseBrowser(AlertTest.java:67)
at tests.AlertTest.CloseBrowser(AlertTest.java:67)
at tests.AlertTest.CloseBrowser(AlertTest.java:67)
at tests.AlertTest.CloseBrowser(AlertTest.java:67)
at tests.AlertTest.CloseBrowser(AlertTest.java:67)
at tests.AlertTest.CloseBrowser(AlertTest.java:67)
at tests.AlertTest.CloseBrowser(AlertTest.java:67)
at tests.AlertTest.CloseBrowser(AlertTest.java:67)
at tests.AlertTest.CloseBrowser(AlertTest.java:67)
at tests.AlertTest.CloseBrowser(AlertTest.java:67)
at tests.AlertTest.CloseBrowser(AlertTest.java:67)
at tests.AlertTest.CloseBrowser(AlertTest.java:67)
at tests.AlertTest.CloseBrowser(AlertTest.java:67)
at tests.AlertTest.CloseBrowser(AlertTest.java:67)
at tests.AlertTest.CloseBrowser(AlertTest.java:67)
at tests.AlertTest.CloseBrowser(AlertTest.java:67)
at tests.AlertTest.CloseBrowser(AlertTest.java:67)
at tests.AlertTest.CloseBrowser(AlertTest.java:67)
at tests.AlertTest.CloseBrowser(AlertTest.java:67)
at tests.AlertTest.CloseBrowser(AlertTest.java:67)
at tests.AlertTest.CloseBrowser(AlertTest.java:67)
at tests.AlertTest.CloseBrowser(AlertTest.java:67)
at tests.AlertTest.CloseBrowser(AlertTest.java:67)
at tests.AlertTest.CloseBrowser(AlertTest.java:67)
at tests.AlertTest.CloseBrowser(AlertTest.java:67)
at tests.AlertTest.CloseBrowser(AlertTest.java:67)
at tests.AlertTest.CloseBrowser(AlertTest.java:67)
at tests.AlertTest.CloseBrowser(AlertTest.java:67)
at tests.AlertTest.CloseBrowser(AlertTest.java:67)
at tests.AlertTest.CloseBrowser(AlertTest.java:67)
at tests.AlertTest.CloseBrowser(AlertTest.java:67)
at tests.AlertTest.CloseBrowser(AlertTest.java:67)
at tests.AlertTest.CloseBrowser(AlertTest.java:67)
at tests.AlertTest.CloseBrowser(AlertTest.java:67)
at tests.AlertTest.CloseBrowser(AlertTest.java:67)
at tests.AlertTest.CloseBrowser(AlertTest.java:67)
at tests.AlertTest.CloseBrowser(AlertTest.java:67)
at tests.AlertTest.CloseBrowser(AlertTest.java:67)
at tests.AlertTest.CloseBrowser(AlertTest.java:67)
at tests.AlertTest.CloseBrowser(AlertTest.java:67)
at tests.AlertTest.CloseBrowser(AlertTest.java:67)
at tests.AlertTest.CloseBrowser(AlertTest.java:67)
at tests.AlertTest.CloseBrowser(AlertTest.java:67)
at tests.AlertTest.CloseBrowser(AlertTest.java:67)
at tests.AlertTest.CloseBrowser(AlertTest.java:67)
at tests.AlertTest.CloseBrowser(AlertTest.java:67)
at tests.AlertTest.CloseBrowser(AlertTest.java:67)
at tests.AlertTest.CloseBrowser(AlertTest.java:67)
at tests.AlertTest.CloseBrowser(AlertTest.java:67)
at tests.AlertTest.CloseBrowser(AlertTest.java:67)
at tests.AlertTest.CloseBrowser(AlertTest.java:67)
at tests.AlertTest.CloseBrowser(AlertTest.java:67)
at tests.AlertTest.CloseBrowser(AlertTest.java:67)
at tests.AlertTest.CloseBrowser(AlertTest.java:67)
at tests.AlertTest.CloseBrowser(AlertTest.java:67)
at tests.AlertTest.CloseBrowser(AlertTest.java:67)
at tests.AlertTest.CloseBrowser(AlertTest.java:67)
at tests.AlertTest.CloseBrowser(AlertTest.java:67)
at tests.AlertTest.CloseBrowser(AlertTest.java:67)
at tests.AlertTest.CloseBrowser(AlertTest.java:67)
at tests.AlertTest.CloseBrowser(AlertTest.java:67)
at tests.AlertTest.CloseBrowser(AlertTest.java:67)
at tests.AlertTest.CloseBrowser(AlertTest.java:67)
at tests.AlertTest.CloseBrowser(AlertTest.java:67)
at tests.AlertTest.CloseBrowser(AlertTest.java:67)
at tests.AlertTest.CloseBrowser(AlertTest.java:67)
at tests.AlertTest.CloseBrowser(AlertTest.java:67)
at tests.AlertTest.CloseBrowser(AlertTest.java:67)
at tests.AlertTest.CloseBrowser(AlertTest.java:67)
at tests.AlertTest.CloseBrowser(AlertTest.java:67)
at tests.AlertTest.CloseBrowser(AlertTest.java:67)
at tests.AlertTest.CloseBrowser(AlertTest.java:67)
at tests.AlertTest.CloseBrowser(AlertTest.java:67)
at tests.AlertTest.CloseBrowser(AlertTest.java:67)
at tests.AlertTest.CloseBrowser(AlertTest.java:67)
at tests.AlertTest.CloseBrowser(AlertTest.java:67)
at tests.AlertTest.CloseBrowser(AlertTest.java:67)
at tests.AlertTest.CloseBrowser(AlertTest.java:67)
at tests.AlertTest.CloseBrowser(AlertTest.java:67)
at tests.AlertTest.CloseBrowser(AlertTest.java:67)
at tests.AlertTest.CloseBrowser(AlertTest.java:67)
at tests.AlertTest.CloseBrowser(AlertTest.java:67)
at tests.AlertTest.CloseBrowser(AlertTest.java:67)
at tests.AlertTest.CloseBrowser(AlertTest.java:67)
at tests.AlertTest.CloseBrowser(AlertTest.java:67)
at tests.AlertTest.CloseBrowser(AlertTest.java:67)
at tests.AlertTest.CloseBrowser(AlertTest.java:67)
at tests.AlertTest.CloseBrowser(AlertTest.java:67)
at tests.AlertTest.CloseBrowser(AlertTest.java:67)
at tests.AlertTest.CloseBrowser(AlertTest.java:67)
at tests.AlertTest.CloseBrowser(AlertTest.java:67)
at tests.AlertTest.CloseBrowser(AlertTest.java:67)
at tests.AlertTest.CloseBrowser(AlertTest.java:67)
at tests.AlertTest.CloseBrowser(AlertTest.java:67)
at tests.AlertTest.CloseBrowser(AlertTest.java:67)
at tests.AlertTest.CloseBrowser(AlertTest.java:67)
at tests.AlertTest.CloseBrowser(AlertTest.java:67)
at tests.AlertTest.CloseBrowser(AlertTest.java:67)
at tests.AlertTest.CloseBrowser(AlertTest.java:67)
at tests.AlertTest.CloseBrowser(AlertTest.java:67)
at tests.AlertTest.CloseBrowser(AlertTest.java:67)
at tests.AlertTest.CloseBrowser(AlertTest.java:67)
at tests.AlertTest.CloseBrowser(AlertTest.java:67)
at tests.AlertTest.CloseBrowser(AlertTest.java:67)
at tests.AlertTest.CloseBrowser(AlertTest.java:67)
at tests.AlertTest.CloseBrowser(AlertTest.java:67)
at tests.AlertTest.CloseBrowser(AlertTest.java:67)
at tests.AlertTest.CloseBrowser(AlertTest.java:67)
at tests.AlertTest.CloseBrowser(AlertTest.java:67)
at tests.AlertTest.CloseBrowser(AlertTest.java:67)
at tests.AlertTest.CloseBrowser(AlertTest.java:67)
at tests.AlertTest.CloseBrowser(AlertTest.java:67)
at tests.AlertTest.CloseBrowser(AlertTest.java:67)
at tests.AlertTest.CloseBrowser(AlertTest.java:67)
at tests.AlertTest.CloseBrowser(AlertTest.java:67)
at tests.AlertTest.CloseBrowser(AlertTest.java:67)
at tests.AlertTest.CloseBrowser(AlertTest.java:67)
at tests.AlertTest.CloseBrowser(AlertTest.java:67)
at tests.AlertTest.CloseBrowser(AlertTest.java:67)
at tests.AlertTest.CloseBrowser(AlertTest.java:67)
at tests.AlertTest.CloseBrowser(AlertTest.java:67)
at tests.AlertTest.CloseBrowser(AlertTest.java:67)
at tests.AlertTest.CloseBrowser(AlertTest.java:67)
at tests.AlertTest.CloseBrowser(AlertTest.java:67)
at tests.AlertTest.CloseBrowser(AlertTest.java:67)
at tests.AlertTest.CloseBrowser(AlertTest.java:67)
at tests.AlertTest.CloseBrowser(AlertTest.java:67)
at tests.AlertTest.CloseBrowser(AlertTest.java:67)
at tests.AlertTest.CloseBrowser(AlertTest.java:67)
at tests.AlertTest.CloseBrowser(AlertTest.java:67)
at tests.AlertTest.CloseBrowser(AlertTest.java:67)
at tests.AlertTest.CloseBrowser(AlertTest.java:67)
at tests.AlertTest.CloseBrowser(AlertTest.java:67)
at tests.AlertTest.CloseBrowser(AlertTest.java:67)
at tests.AlertTest.CloseBrowser(AlertTest.java:67)
at tests.AlertTest.CloseBrowser(AlertTest.java:67)
at tests.AlertTest.CloseBrowser(AlertTest.java:67)
at tests.AlertTest.CloseBrowser(AlertTest.java:67)
at tests.AlertTest.CloseBrowser(AlertTest.java:67)
at tests.AlertTest.CloseBrowser(AlertTest.java:67)
at tests.AlertTest.CloseBrowser(AlertTest.java:67)
at tests.AlertTest.CloseBrowser(AlertTest.java:67)
at tests.AlertTest.CloseBrowser(AlertTest.java:67)
at tests.AlertTest.CloseBrowser(AlertTest.java:67)
at tests.AlertTest.CloseBrowser(AlertTest.java:67)
at tests.AlertTest.CloseBrowser(AlertTest.java:67)
at tests.AlertTest.CloseBrowser(AlertTest.java:67)
at tests.AlertTest.CloseBrowser(AlertTest.java:67)
at tests.AlertTest.CloseBrowser(AlertTest.java:67)
at tests.AlertTest.CloseBrowser(AlertTest.java:67)
at tests.AlertTest.CloseBrowser(AlertTest.java:67)
at tests.AlertTest.CloseBrowser(AlertTest.java:67)
at tests.AlertTest.CloseBrowser(AlertTest.java:67)
at tests.AlertTest.CloseBrowser(AlertTest.java:67)
at tests.AlertTest.CloseBrowser(AlertTest.java:67)
at tests.AlertTest.CloseBrowser(AlertTest.java:67)
at tests.AlertTest.CloseBrowser(AlertTest.java:67)
at tests.AlertTest.CloseBrowser(AlertTest.java:67)
at tests.AlertTest.CloseBrowser(AlertTest.java:67)
at tests.AlertTest.CloseBrowser(AlertTest.java:67)
at tests.AlertTest.CloseBrowser(AlertTest.java:67)
at tests.AlertTest.CloseBrowser(AlertTest.java:67)
at tests.AlertTest.CloseBrowser(AlertTest.java:67)
at tests.AlertTest.CloseBrowser(AlertTest.java:67)
at tests.AlertTest.CloseBrowser(AlertTest.java:67)
at tests.AlertTest.CloseBrowser(AlertTest.java:67)
at tests.AlertTest.CloseBrowser(AlertTest.java:67)
at tests.AlertTest.CloseBrowser(AlertTest.java:67)
at tests.AlertTest.CloseBrowser(AlertTest.java:67)
at tests.AlertTest.CloseBrowser(AlertTest.java:67)
at tests.AlertTest.CloseBrowser(AlertTest.java:67)
at tests.AlertTest.CloseBrowser(AlertTest.java:67)
at tests.AlertTest.CloseBrowser(AlertTest.java:67)
at tests.AlertTest.CloseBrowser(AlertTest.java:67)
at tests.AlertTest.CloseBrowser(AlertTest.java:67)
at tests.AlertTest.CloseBrowser(AlertTest.java:67)
at tests.AlertTest.CloseBrowser(AlertTest.java:67)
at tests.AlertTest.CloseBrowser(AlertTest.java:67)
at tests.AlertTest.CloseBrowser(AlertTest.java:67)
at tests.AlertTest.CloseBrowser(AlertTest.java:67)
at tests.AlertTest.CloseBrowser(AlertTest.java:67)
at tests.AlertTest.CloseBrowser(AlertTest.java:67)
at tests.AlertTest.CloseBrowser(AlertTest.java:67)
at tests.AlertTest.CloseBrowser(AlertTest.java:67)
at tests.AlertTest.CloseBrowser(AlertTest.java:67)
at tests.AlertTest.CloseBrowser(AlertTest.java:67)
at tests.AlertTest.CloseBrowser(AlertTest.java:67)
at tests.AlertTest.CloseBrowser(AlertTest.java:67)
at tests.AlertTest.CloseBrowser(AlertTest.java:67)
at tests.AlertTest.CloseBrowser(AlertTest.java:67)
at tests.AlertTest.CloseBrowser(AlertTest.java:67)
at tests.AlertTest.CloseBrowser(AlertTest.java:67)
at tests.AlertTest.CloseBrowser(AlertTest.java:67)
at tests.AlertTest.CloseBrowser(AlertTest.java:67)
at tests.AlertTest.CloseBrowser(AlertTest.java:67)
at tests.AlertTest.CloseBrowser(AlertTest.java:67)
at tests.AlertTest.CloseBrowser(AlertTest.java:67)
at tests.AlertTest.CloseBrowser(AlertTest.java:67)
at tests.AlertTest.CloseBrowser(AlertTest.java:67)
at tests.AlertTest.CloseBrowser(AlertTest.java:67)
at tests.AlertTest.CloseBrowser(AlertTest.java:67)
at tests.AlertTest.CloseBrowser(AlertTest.java:67)
at tests.AlertTest.CloseBrowser(AlertTest.java:67)
at tests.AlertTest.CloseBrowser(AlertTest.java:67)
at tests.AlertTest.CloseBrowser(AlertTest.java:67)
at tests.AlertTest.CloseBrowser(AlertTest.java:67)
at tests.AlertTest.CloseBrowser(AlertTest.java:67)
at tests.AlertTest.CloseBrowser(AlertTest.java:67)
at tests.AlertTest.CloseBrowser(AlertTest.java:67)
at tests.AlertTest.CloseBrowser(AlertTest.java:67)
at tests.AlertTest.CloseBrowser(AlertTest.java:67)
at tests.AlertTest.CloseBrowser(AlertTest.java:67)
at tests.AlertTest.CloseBrowser(AlertTest.java:67)
at tests.AlertTest.CloseBrowser(AlertTest.java:67)
at tests.AlertTest.CloseBrowser(AlertTest.java:67)
at tests.AlertTest.CloseBrowser(AlertTest.java:67)
at tests.AlertTest.CloseBrowser(AlertTest.java:67)
at tests.AlertTest.CloseBrowser(AlertTest.java:67)
at tests.AlertTest.CloseBrowser(AlertTest.java:67)
at tests.AlertTest.CloseBrowser(AlertTest.java:67)
at tests.AlertTest.CloseBrowser(AlertTest.java:67)
at tests.AlertTest.CloseBrowser(AlertTest.java:67)
at tests.AlertTest.CloseBrowser(AlertTest.java:67)
at tests.AlertTest.CloseBrowser(AlertTest.java:67)
at tests.AlertTest.CloseBrowser(AlertTest.java:67)
at tests.AlertTest.CloseBrowser(AlertTest.java:67)
at tests.AlertTest.CloseBrowser(AlertTest.java:67)
at tests.AlertTest.CloseBrowser(AlertTest.java:67)
at tests.AlertTest.CloseBrowser(AlertTest.java:67)
at tests.AlertTest.CloseBrowser(AlertTest.java:67)
at tests.AlertTest.CloseBrowser(AlertTest.java:67)
at tests.AlertTest.CloseBrowser(AlertTest.java:67)
at tests.AlertTest.CloseBrowser(AlertTest.java:67)
at tests.AlertTest.CloseBrowser(AlertTest.java:67)
at tests.AlertTest.CloseBrowser(AlertTest.java:67)
at tests.AlertTest.CloseBrowser(AlertTest.java:67)
at tests.AlertTest.CloseBrowser(AlertTest.java:67)
at tests.AlertTest.CloseBrowser(AlertTest.java:67)
at tests.AlertTest.CloseBrowser(AlertTest.java:67)
at tests.AlertTest.CloseBrowser(AlertTest.java:67)
at tests.AlertTest.CloseBrowser(AlertTest.java:67)
at tests.AlertTest.CloseBrowser(AlertTest.java:67)
at tests.AlertTest.CloseBrowser(AlertTest.java:67)
at tests.AlertTest.CloseBrowser(AlertTest.java:67)
at tests.AlertTest.CloseBrowser(AlertTest.java:67)
at tests.AlertTest.CloseBrowser(AlertTest.java:67)
at tests.AlertTest.CloseBrowser(AlertTest.java:67)
at tests.AlertTest.CloseBrowser(AlertTest.java:67)
at tests.AlertTest.CloseBrowser(AlertTest.java:67)
at tests.AlertTest.CloseBrowser(AlertTest.java:67)
at tests.AlertTest.CloseBrowser(AlertTest.java:67)
at tests.AlertTest.CloseBrowser(AlertTest.java:67)
at tests.AlertTest.CloseBrowser(AlertTest.java:67)
at tests.AlertTest.CloseBrowser(AlertTest.java:67)
at tests.AlertTest.CloseBrowser(AlertTest.java:67)
at tests.AlertTest.CloseBrowser(AlertTest.java:67)
at tests.AlertTest.CloseBrowser(AlertTest.java:67)
at tests.AlertTest.CloseBrowser(AlertTest.java:67)
at tests.AlertTest.CloseBrowser(AlertTest.java:67)
at tests.AlertTest.CloseBrowser(AlertTest.java:67)
at tests.AlertTest.CloseBrowser(AlertTest.java:67)
at tests.AlertTest.CloseBrowser(AlertTest.java:67)
at tests.AlertTest.CloseBrowser(AlertTest.java:67)
at tests.AlertTest.CloseBrowser(AlertTest.java:67)
at tests.AlertTest.CloseBrowser(AlertTest.java:67)
at tests.AlertTest.CloseBrowser(AlertTest.java:67)
at tests.AlertTest.CloseBrowser(AlertTest.java:67)
at tests.AlertTest.CloseBrowser(AlertTest.java:67)
at tests.AlertTest.CloseBrowser(AlertTest.java:67)
at tests.AlertTest.CloseBrowser(AlertTest.java:67)
at tests.AlertTest.CloseBrowser(AlertTest.java:67)
at tests.AlertTest.CloseBrowser(AlertTest.java:67)
at tests.AlertTest.CloseBrowser(AlertTest.java:67)
at tests.AlertTest.CloseBrowser(AlertTest.java:67)
at tests.AlertTest.CloseBrowser(AlertTest.java:67)
at tests.AlertTest.CloseBrowser(AlertTest.java:67)
at tests.AlertTest.CloseBrowser(AlertTest.java:67)
at tests.AlertTest.CloseBrowser(AlertTest.java:67)
at tests.AlertTest.CloseBrowser(AlertTest.java:67)
at tests.AlertTest.CloseBrowser(AlertTest.java:67)
at tests.AlertTest.CloseBrowser(AlertTest.java:67)
at tests.AlertTest.CloseBrowser(AlertTest.java:67)
at tests.AlertTest.CloseBrowser(AlertTest.java:67)
at tests.AlertTest.CloseBrowser(AlertTest.java:67)
at tests.AlertTest.CloseBrowser(AlertTest.java:67)
at tests.AlertTest.CloseBrowser(AlertTest.java:67)
at tests.AlertTest.CloseBrowser(AlertTest.java:67)
at tests.AlertTest.CloseBrowser(AlertTest.java:67)
at tests.AlertTest.CloseBrowser(AlertTest.java:67)
at tests.AlertTest.CloseBrowser(AlertTest.java:67)
at tests.AlertTest.CloseBrowser(AlertTest.java:67)
at tests.AlertTest.CloseBrowser(AlertTest.java:67)
at tests.AlertTest.CloseBrowser(AlertTest.java:67)
at tests.AlertTest.CloseBrowser(AlertTest.java:67)
at tests.AlertTest.CloseBrowser(AlertTest.java:67)
at tests.AlertTest.CloseBrowser(AlertTest.java:67)
at tests.AlertTest.CloseBrowser(AlertTest.java:67)
at tests.AlertTest.CloseBrowser(AlertTest.java:67)
at tests.AlertTest.CloseBrowser(AlertTest.java:67)
at tests.AlertTest.CloseBrowser(AlertTest.java:67)
at tests.AlertTest.CloseBrowser(AlertTest.java:67)
at tests.AlertTest.CloseBrowser(AlertTest.java:67)
at tests.AlertTest.CloseBrowser(AlertTest.java:67)
at tests.AlertTest.CloseBrowser(AlertTest.java:67)
at tests.AlertTest.CloseBrowser(AlertTest.java:67)
at tests.AlertTest.CloseBrowser(AlertTest.java:67)
at tests.AlertTest.CloseBrowser(AlertTest.java:67)
at tests.AlertTest.CloseBrowser(AlertTest.java:67)
at tests.AlertTest.CloseBrowser(AlertTest.java:67)
at tests.AlertTest.CloseBrowser(AlertTest.java:67)
at tests.AlertTest.CloseBrowser(AlertTest.java:67)
at tests.AlertTest.CloseBrowser(AlertTest.java:67)
at tests.AlertTest.CloseBrowser(AlertTest.java:67)
at tests.AlertTest.CloseBrowser(AlertTest.java:67)
at tests.AlertTest.CloseBrowser(AlertTest.java:67)
at tests.AlertTest.CloseBrowser(AlertTest.java:67)
at tests.AlertTest.CloseBrowser(AlertTest.java:67)
at tests.AlertTest.CloseBrowser(AlertTest.java:67)
at tests.AlertTest.CloseBrowser(AlertTest.java:67)
at tests.AlertTest.CloseBrowser(AlertTest.java:67)
at tests.AlertTest.CloseBrowser(AlertTest.java:67)
at tests.AlertTest.CloseBrowser(AlertTest.java:67)
at tests.AlertTest.CloseBrowser(AlertTest.java:67)
at tests.AlertTest.CloseBrowser(AlertTest.java:67)
at tests.AlertTest.CloseBrowser(AlertTest.java:67)
at tests.AlertTest.CloseBrowser(AlertTest.java:67)
at tests.AlertTest.CloseBrowser(AlertTest.java:67)
at tests.AlertTest.CloseBrowser(AlertTest.java:67)
at tests.AlertTest.CloseBrowser(AlertTest.java:67)
at tests.AlertTest.CloseBrowser(AlertTest.java:67)
at tests.AlertTest.CloseBrowser(AlertTest.java:67)
at tests.AlertTest.CloseBrowser(AlertTest.java:67)
at tests.AlertTest.CloseBrowser(AlertTest.java:67)
at tests.AlertTest.CloseBrowser(AlertTest.java:67)
at tests.AlertTest.CloseBrowser(AlertTest.java:67)
at tests.AlertTest.CloseBrowser(AlertTest.java:67)
at tests.AlertTest.CloseBrowser(AlertTest.java:67)
at tests.AlertTest.CloseBrowser(AlertTest.java:67)
at tests.AlertTest.CloseBrowser(AlertTest.java:67)
at tests.AlertTest.CloseBrowser(AlertTest.java:67)
at tests.AlertTest.CloseBrowser(AlertTest.java:67)
at tests.AlertTest.CloseBrowser(AlertTest.java:67)
at tests.AlertTest.CloseBrowser(AlertTest.java:67)
at tests.AlertTest.CloseBrowser(AlertTest.java:67)
at tests.AlertTest.CloseBrowser(AlertTest.java:67)
at tests.AlertTest.CloseBrowser(AlertTest.java:67)
at tests.AlertTest.CloseBrowser(AlertTest.java:67)
at tests.AlertTest.CloseBrowser(AlertTest.java:67)
at tests.AlertTest.CloseBrowser(AlertTest.java:67)
at tests.AlertTest.CloseBrowser(AlertTest.java:67)
at tests.AlertTest.CloseBrowser(AlertTest.java:67)
at tests.AlertTest.CloseBrowser(AlertTest.java:67)
at tests.AlertTest.CloseBrowser(AlertTest.java:67)
at tests.AlertTest.CloseBrowser(AlertTest.java:67)
at tests.AlertTest.CloseBrowser(AlertTest.java:67)
at tests.AlertTest.CloseBrowser(AlertTest.java:67)
at tests.AlertTest.CloseBrowser(AlertTest.java:67)
at tests.AlertTest.CloseBrowser(AlertTest.java:67)
at tests.AlertTest.CloseBrowser(AlertTest.java:67)
at tests.AlertTest.CloseBrowser(AlertTest.java:67)
at tests.AlertTest.CloseBrowser(AlertTest.java:67)
at tests.AlertTest.CloseBrowser(AlertTest.java:67)
at tests.AlertTest.CloseBrowser(AlertTest.java:67)
at tests.AlertTest.CloseBrowser(AlertTest.java:67)
at tests.AlertTest.CloseBrowser(AlertTest.java:67)
at tests.AlertTest.CloseBrowser(AlertTest.java:67)
at tests.AlertTest.CloseBrowser(AlertTest.java:67)
at tests.AlertTest.CloseBrowser(AlertTest.java:67)
at tests.AlertTest.CloseBrowser(AlertTest.java:67)
at tests.AlertTest.CloseBrowser(AlertTest.java:67)
at tests.AlertTest.CloseBrowser(AlertTest.java:67)
at tests.AlertTest.CloseBrowser(AlertTest.java:67)
at tests.AlertTest.CloseBrowser(AlertTest.java:67)
at tests.AlertTest.CloseBrowser(AlertTest.java:67)
at tests.AlertTest.CloseBrowser(AlertTest.java:67)
at tests.AlertTest.CloseBrowser(AlertTest.java:67)
at tests.AlertTest.CloseBrowser(AlertTest.java:67)
at tests.AlertTest.CloseBrowser(AlertTest.java:67)
at tests.AlertTest.CloseBrowser(AlertTest.java:67)
at tests.AlertTest.CloseBrowser(AlertTest.java:67)
at tests.AlertTest.CloseBrowser(AlertTest.java:67)
at tests.AlertTest.CloseBrowser(AlertTest.java:67)
at tests.AlertTest.CloseBrowser(AlertTest.java:67)
at tests.AlertTest.CloseBrowser(AlertTest.java:67)
at tests.AlertTest.CloseBrowser(AlertTest.java:67)
at tests.AlertTest.CloseBrowser(AlertTest.java:67)
at tests.AlertTest.CloseBrowser(AlertTest.java:67)
at tests.AlertTest.CloseBrowser(AlertTest.java:67)
at tests.AlertTest.CloseBrowser(AlertTest.java:67)
at tests.AlertTest.CloseBrowser(AlertTest.java:67)
at tests.AlertTest.CloseBrowser(AlertTest.java:67)
at tests.AlertTest.CloseBrowser(AlertTest.java:67)
at tests.AlertTest.CloseBrowser(AlertTest.java:67)
at tests.AlertTest.CloseBrowser(AlertTest.java:67)
at tests.AlertTest.CloseBrowser(AlertTest.java:67)
at tests.AlertTest.CloseBrowser(AlertTest.java:67)
at tests.AlertTest.CloseBrowser(AlertTest.java:67)
at tests.AlertTest.CloseBrowser(AlertTest.java:67)
at tests.AlertTest.CloseBrowser(AlertTest.java:67)
at tests.AlertTest.CloseBrowser(AlertTest.java:67)
at tests.AlertTest.CloseBrowser(AlertTest.java:67)
at tests.AlertTest.CloseBrowser(AlertTest.java:67)
at tests.AlertTest.CloseBrowser(AlertTest.java:67)
at tests.AlertTest.CloseBrowser(AlertTest.java:67)
at tests.AlertTest.CloseBrowser(AlertTest.java:67)
at tests.AlertTest.CloseBrowser(AlertTest.java:67)
at tests.AlertTest.CloseBrowser(AlertTest.java:67)
at tests.AlertTest.CloseBrowser(AlertTest.java:67)
at tests.AlertTest.CloseBrowser(AlertTest.java:67)
at tests.AlertTest.CloseBrowser(AlertTest.java:67)
at tests.AlertTest.CloseBrowser(AlertTest.java:67)
at tests.AlertTest.CloseBrowser(AlertTest.java:67)
at tests.AlertTest.CloseBrowser(AlertTest.java:67)
at tests.AlertTest.CloseBrowser(AlertTest.java:67)
at tests.AlertTest.CloseBrowser(AlertTest.java:67)
at tests.AlertTest.CloseBrowser(AlertTest.java:67)
at tests.AlertTest.CloseBrowser(AlertTest.java:67)
at tests.AlertTest.CloseBrowser(AlertTest.java:67)
at tests.AlertTest.CloseBrowser(AlertTest.java:67)
at tests.AlertTest.CloseBrowser(AlertTest.java:67)
at tests.AlertTest.CloseBrowser(AlertTest.java:67)
at tests.AlertTest.CloseBrowser(AlertTest.java:67)
at tests.AlertTest.CloseBrowser(AlertTest.java:67)
at tests.AlertTest.CloseBrowser(AlertTest.java:67)
at tests.AlertTest.CloseBrowser(AlertTest.java:67)
at tests.AlertTest.CloseBrowser(AlertTest.java:67)
at tests.AlertTest.CloseBrowser(AlertTest.java:67)
at tests.AlertTest.CloseBrowser(AlertTest.java:67)
at tests.AlertTest.CloseBrowser(AlertTest.java:67)
]]>
    </error>
  </testcase> <!-- CloseBrowser -->
  <testcase classname="tests.AlertTest" name="ClickOnclose" time="10.341">
    <error message="no such window: target window already closed
from unknown error: web view not found
  (Session info: chrome=140.0.7339.80)
Build info: version: &#039;4.34.0&#039;, revision: &#039;707dcb4246*&#039;
System info: os.name: &#039;Windows 11&#039;, os.arch: &#039;amd64&#039;, os.version: &#039;10.0&#039;, java.version: &#039;21.0.7&#039;
Driver info: org.openqa.selenium.chrome.ChromeDriver
Command: [4c6256775e2cf9cbaa06e709a9f76e7c, findElement {using=xpath, value=//button[text()=&#039;&#039;]}]
Capabilities {acceptInsecureCerts: false, browserName: chrome, browserVersion: 140.0.7339.80, chrome: {chromedriverVersion: 140.0.7339.80 (670b6f192f46..., userDataDir: C:\Users\KIIT\AppData\Local...}, fedcm:accounts: true, goog:chromeOptions: {debuggerAddress: localhost:64271}, networkConnectionEnabled: false, pageLoadStrategy: normal, platformName: windows, proxy: Proxy(), se:cdp: ws://localhost:64271/devtoo..., se:cdpVersion: 140.0.7339.80, setWindowRect: true, strictFileInteractability: false, timeouts: {implicit: 0, pageLoad: 300000, script: 30000}, unhandledPromptBehavior: dismiss and notify, webauthn:extension:credBlob: true, webauthn:extension:largeBlob: true, webauthn:extension:minPinLength: true, webauthn:extension:prf: true, webauthn:virtualAuthenticators: true}
Session ID: 4c6256775e2cf9cbaa06e709a9f76e7c" type="org.openqa.selenium.NoSuchWindowException">
      <![CDATA[org.openqa.selenium.NoSuchWindowException: no such window: target window already closed
from unknown error: web view not found
  (Session info: chrome=140.0.7339.80)
Build info: version: '4.34.0', revision: '707dcb4246*'
System info: os.name: 'Windows 11', os.arch: 'amd64', os.version: '10.0', java.version: '21.0.7'
Driver info: org.openqa.selenium.chrome.ChromeDriver
Command: [4c6256775e2cf9cbaa06e709a9f76e7c, findElement {using=xpath, value=//button[text()='']}]
Capabilities {acceptInsecureCerts: false, browserName: chrome, browserVersion: 140.0.7339.80, chrome: {chromedriverVersion: 140.0.7339.80 (670b6f192f46..., userDataDir: C:\Users\KIIT\AppData\Local...}, fedcm:accounts: true, goog:chromeOptions: {debuggerAddress: localhost:64271}, networkConnectionEnabled: false, pageLoadStrategy: normal, platformName: windows, proxy: Proxy(), se:cdp: ws://localhost:64271/devtoo..., se:cdpVersion: 140.0.7339.80, setWindowRect: true, strictFileInteractability: false, timeouts: {implicit: 0, pageLoad: 300000, script: 30000}, unhandledPromptBehavior: dismiss and notify, webauthn:extension:credBlob: true, webauthn:extension:largeBlob: true, webauthn:extension:minPinLength: true, webauthn:extension:prf: true, webauthn:virtualAuthenticators: true}
Session ID: 4c6256775e2cf9cbaa06e709a9f76e7c
at java.base/jdk.internal.reflect.DirectConstructorHandleAccessor.newInstance(DirectConstructorHandleAccessor.java:62)
at java.base/java.lang.reflect.Constructor.newInstanceWithCaller(Constructor.java:502)
at java.base/java.lang.reflect.Constructor.newInstance(Constructor.java:486)
at org.openqa.selenium.remote.ErrorCodec.decode(ErrorCodec.java:167)
at org.openqa.selenium.remote.codec.w3c.W3CHttpResponseCodec.decode(W3CHttpResponseCodec.java:138)
at org.openqa.selenium.remote.codec.w3c.W3CHttpResponseCodec.decode(W3CHttpResponseCodec.java:50)
at org.openqa.selenium.remote.HttpCommandExecutor.execute(HttpCommandExecutor.java:215)
at org.openqa.selenium.remote.service.DriverCommandExecutor.invokeExecute(DriverCommandExecutor.java:216)
at org.openqa.selenium.remote.service.DriverCommandExecutor.execute(DriverCommandExecutor.java:174)
at org.openqa.selenium.remote.RemoteWebDriver.execute(RemoteWebDriver.java:544)
at org.openqa.selenium.remote.ElementLocation$ElementFinder$2.findElement(ElementLocation.java:165)
at org.openqa.selenium.remote.ElementLocation.findElement(ElementLocation.java:59)
at org.openqa.selenium.remote.RemoteWebDriver.findElement(RemoteWebDriver.java:367)
at org.openqa.selenium.remote.RemoteWebDriver.findElement(RemoteWebDriver.java:361)
at org.openqa.selenium.support.pagefactory.DefaultElementLocator.findElement(DefaultElementLocator.java:68)
at org.openqa.selenium.support.pagefactory.internal.LocatingElementHandler.invoke(LocatingElementHandler.java:38)
at jdk.proxy2/jdk.proxy2.$Proxy15.toString(Unknown Source)
at java.base/java.lang.String.valueOf(String.java:4465)
at org.openqa.selenium.support.ui.ExpectedConditions$23.toString(ExpectedConditions.java:669)
at java.base/java.lang.String.valueOf(String.java:4465)
at org.openqa.selenium.support.ui.FluentWait.until(FluentWait.java:225)
at baselibrary.BaseLibrary.waitandclick(BaseLibrary.java:75)
at pages.Alerts.clickonclose(Alerts.java:44)
at tests.AlertTest.ClickOnclose(AlertTest.java:26)
at java.base/jdk.internal.reflect.DirectMethodHandleAccessor.invoke(DirectMethodHandleAccessor.java:103)
at java.base/java.lang.reflect.Method.invoke(Method.java:580)
at org.testng.internal.invokers.MethodInvocationHelper.invokeMethod(MethodInvocationHelper.java:141)
at org.testng.internal.invokers.TestInvoker.invokeMethod(TestInvoker.java:687)
at org.testng.internal.invokers.TestInvoker.invokeTestMethod(TestInvoker.java:230)
at org.testng.internal.invokers.MethodRunner.runInSequence(MethodRunner.java:63)
at org.testng.internal.invokers.TestInvoker$MethodInvocationAgent.invoke(TestInvoker.java:995)
at org.testng.internal.invokers.TestInvoker.invokeTestMethods(TestInvoker.java:203)
at org.testng.internal.invokers.TestMethodWorker.invokeTestMethods(TestMethodWorker.java:154)
at org.testng.internal.invokers.TestMethodWorker.run(TestMethodWorker.java:134)
at java.base/java.util.ArrayList.forEach(ArrayList.java:1596)
at org.testng.TestRunner.privateRun(TestRunner.java:741)
at org.testng.TestRunner.run(TestRunner.java:616)
at org.testng.SuiteRunner.runTest(SuiteRunner.java:421)
at org.testng.SuiteRunner.runSequentially(SuiteRunner.java:413)
at org.testng.SuiteRunner.privateRun(SuiteRunner.java:373)
at org.testng.SuiteRunner.run(SuiteRunner.java:312)
at org.testng.SuiteRunnerWorker.runSuite(SuiteRunnerWorker.java:52)
at org.testng.SuiteRunnerWorker.run(SuiteRunnerWorker.java:95)
at org.testng.TestNG.runSuitesSequentially(TestNG.java:1274)
at org.testng.TestNG.runSuitesLocally(TestNG.java:1208)
at org.testng.TestNG.runSuites(TestNG.java:1112)
at org.testng.TestNG.run(TestNG.java:1079)
at org.testng.remote.AbstractRemoteTestNG.run(AbstractRemoteTestNG.java:115)
at org.testng.remote.RemoteTestNG.initAndRun(RemoteTestNG.java:293)
at org.testng.remote.RemoteTestNG.main(RemoteTestNG.java:91)
]]>
    </error>
  </testcase> <!-- ClickOnclose -->
  <testcase classname="tests.AlertTest" name="ClickOnpractice" time="10.333">
    <error message="no such window: target window already closed
from unknown error: web view not found
  (Session info: chrome=140.0.7339.80)
Build info: version: &#039;4.34.0&#039;, revision: &#039;707dcb4246*&#039;
System info: os.name: &#039;Windows 11&#039;, os.arch: &#039;amd64&#039;, os.version: &#039;10.0&#039;, java.version: &#039;21.0.7&#039;
Driver info: org.openqa.selenium.chrome.ChromeDriver
Command: [4c6256775e2cf9cbaa06e709a9f76e7c, findElement {using=xpath, value=//a[@href=&#039;newdemo.html&#039;]}]
Capabilities {acceptInsecureCerts: false, browserName: chrome, browserVersion: 140.0.7339.80, chrome: {chromedriverVersion: 140.0.7339.80 (670b6f192f46..., userDataDir: C:\Users\KIIT\AppData\Local...}, fedcm:accounts: true, goog:chromeOptions: {debuggerAddress: localhost:64271}, networkConnectionEnabled: false, pageLoadStrategy: normal, platformName: windows, proxy: Proxy(), se:cdp: ws://localhost:64271/devtoo..., se:cdpVersion: 140.0.7339.80, setWindowRect: true, strictFileInteractability: false, timeouts: {implicit: 0, pageLoad: 300000, script: 30000}, unhandledPromptBehavior: dismiss and notify, webauthn:extension:credBlob: true, webauthn:extension:largeBlob: true, webauthn:extension:minPinLength: true, webauthn:extension:prf: true, webauthn:virtualAuthenticators: true}
Session ID: 4c6256775e2cf9cbaa06e709a9f76e7c" type="org.openqa.selenium.NoSuchWindowException">
      <![CDATA[org.openqa.selenium.NoSuchWindowException: no such window: target window already closed
from unknown error: web view not found
  (Session info: chrome=140.0.7339.80)
Build info: version: '4.34.0', revision: '707dcb4246*'
System info: os.name: 'Windows 11', os.arch: 'amd64', os.version: '10.0', java.version: '21.0.7'
Driver info: org.openqa.selenium.chrome.ChromeDriver
Command: [4c6256775e2cf9cbaa06e709a9f76e7c, findElement {using=xpath, value=//a[@href='newdemo.html']}]
Capabilities {acceptInsecureCerts: false, browserName: chrome, browserVersion: 140.0.7339.80, chrome: {chromedriverVersion: 140.0.7339.80 (670b6f192f46..., userDataDir: C:\Users\KIIT\AppData\Local...}, fedcm:accounts: true, goog:chromeOptions: {debuggerAddress: localhost:64271}, networkConnectionEnabled: false, pageLoadStrategy: normal, platformName: windows, proxy: Proxy(), se:cdp: ws://localhost:64271/devtoo..., se:cdpVersion: 140.0.7339.80, setWindowRect: true, strictFileInteractability: false, timeouts: {implicit: 0, pageLoad: 300000, script: 30000}, unhandledPromptBehavior: dismiss and notify, webauthn:extension:credBlob: true, webauthn:extension:largeBlob: true, webauthn:extension:minPinLength: true, webauthn:extension:prf: true, webauthn:virtualAuthenticators: true}
Session ID: 4c6256775e2cf9cbaa06e709a9f76e7c
at java.base/jdk.internal.reflect.DirectConstructorHandleAccessor.newInstance(DirectConstructorHandleAccessor.java:62)
at java.base/java.lang.reflect.Constructor.newInstanceWithCaller(Constructor.java:502)
at java.base/java.lang.reflect.Constructor.newInstance(Constructor.java:486)
at org.openqa.selenium.remote.ErrorCodec.decode(ErrorCodec.java:167)
at org.openqa.selenium.remote.codec.w3c.W3CHttpResponseCodec.decode(W3CHttpResponseCodec.java:138)
at org.openqa.selenium.remote.codec.w3c.W3CHttpResponseCodec.decode(W3CHttpResponseCodec.java:50)
at org.openqa.selenium.remote.HttpCommandExecutor.execute(HttpCommandExecutor.java:215)
at org.openqa.selenium.remote.service.DriverCommandExecutor.invokeExecute(DriverCommandExecutor.java:216)
at org.openqa.selenium.remote.service.DriverCommandExecutor.execute(DriverCommandExecutor.java:174)
at org.openqa.selenium.remote.RemoteWebDriver.execute(RemoteWebDriver.java:544)
at org.openqa.selenium.remote.ElementLocation$ElementFinder$2.findElement(ElementLocation.java:165)
at org.openqa.selenium.remote.ElementLocation.findElement(ElementLocation.java:59)
at org.openqa.selenium.remote.RemoteWebDriver.findElement(RemoteWebDriver.java:367)
at org.openqa.selenium.remote.RemoteWebDriver.findElement(RemoteWebDriver.java:361)
at org.openqa.selenium.support.pagefactory.DefaultElementLocator.findElement(DefaultElementLocator.java:68)
at org.openqa.selenium.support.pagefactory.internal.LocatingElementHandler.invoke(LocatingElementHandler.java:38)
at jdk.proxy2/jdk.proxy2.$Proxy15.toString(Unknown Source)
at java.base/java.lang.String.valueOf(String.java:4465)
at org.openqa.selenium.support.ui.ExpectedConditions$23.toString(ExpectedConditions.java:669)
at java.base/java.lang.String.valueOf(String.java:4465)
at org.openqa.selenium.support.ui.FluentWait.until(FluentWait.java:225)
at baselibrary.BaseLibrary.waitandclick(BaseLibrary.java:75)
at pages.Alerts.clickonpractice(Alerts.java:49)
at tests.AlertTest.ClickOnpractice(AlertTest.java:31)
at java.base/jdk.internal.reflect.DirectMethodHandleAccessor.invoke(DirectMethodHandleAccessor.java:103)
at java.base/java.lang.reflect.Method.invoke(Method.java:580)
at org.testng.internal.invokers.MethodInvocationHelper.invokeMethod(MethodInvocationHelper.java:141)
at org.testng.internal.invokers.TestInvoker.invokeMethod(TestInvoker.java:687)
at org.testng.internal.invokers.TestInvoker.invokeTestMethod(TestInvoker.java:230)
at org.testng.internal.invokers.MethodRunner.runInSequence(MethodRunner.java:63)
at org.testng.internal.invokers.TestInvoker$MethodInvocationAgent.invoke(TestInvoker.java:995)
at org.testng.internal.invokers.TestInvoker.invokeTestMethods(TestInvoker.java:203)
at org.testng.internal.invokers.TestMethodWorker.invokeTestMethods(TestMethodWorker.java:154)
at org.testng.internal.invokers.TestMethodWorker.run(TestMethodWorker.java:134)
at java.base/java.util.ArrayList.forEach(ArrayList.java:1596)
at org.testng.TestRunner.privateRun(TestRunner.java:741)
at org.testng.TestRunner.run(TestRunner.java:616)
at org.testng.SuiteRunner.runTest(SuiteRunner.java:421)
at org.testng.SuiteRunner.runSequentially(SuiteRunner.java:413)
at org.testng.SuiteRunner.privateRun(SuiteRunner.java:373)
at org.testng.SuiteRunner.run(SuiteRunner.java:312)
at org.testng.SuiteRunnerWorker.runSuite(SuiteRunnerWorker.java:52)
at org.testng.SuiteRunnerWorker.run(SuiteRunnerWorker.java:95)
at org.testng.TestNG.runSuitesSequentially(TestNG.java:1274)
at org.testng.TestNG.runSuitesLocally(TestNG.java:1208)
at org.testng.TestNG.runSuites(TestNG.java:1112)
at org.testng.TestNG.run(TestNG.java:1079)
at org.testng.remote.AbstractRemoteTestNG.run(AbstractRemoteTestNG.java:115)
at org.testng.remote.RemoteTestNG.initAndRun(RemoteTestNG.java:293)
at org.testng.remote.RemoteTestNG.main(RemoteTestNG.java:91)
]]>
    </error>
  </testcase> <!-- ClickOnpractice -->
  <testcase classname="tests.AlertTest" name="ClickOnalertsandwindow" time="10.307">
    <error message="no such window: target window already closed
from unknown error: web view not found
  (Session info: chrome=140.0.7339.80)
Build info: version: &#039;4.34.0&#039;, revision: &#039;707dcb4246*&#039;
System info: os.name: &#039;Windows 11&#039;, os.arch: &#039;amd64&#039;, os.version: &#039;10.0&#039;, java.version: &#039;21.0.7&#039;
Driver info: org.openqa.selenium.chrome.ChromeDriver
Command: [4c6256775e2cf9cbaa06e709a9f76e7c, findElement {using=xpath, value=//button[@data-target=&#039;#alerts&#039;]}]
Capabilities {acceptInsecureCerts: false, browserName: chrome, browserVersion: 140.0.7339.80, chrome: {chromedriverVersion: 140.0.7339.80 (670b6f192f46..., userDataDir: C:\Users\KIIT\AppData\Local...}, fedcm:accounts: true, goog:chromeOptions: {debuggerAddress: localhost:64271}, networkConnectionEnabled: false, pageLoadStrategy: normal, platformName: windows, proxy: Proxy(), se:cdp: ws://localhost:64271/devtoo..., se:cdpVersion: 140.0.7339.80, setWindowRect: true, strictFileInteractability: false, timeouts: {implicit: 0, pageLoad: 300000, script: 30000}, unhandledPromptBehavior: dismiss and notify, webauthn:extension:credBlob: true, webauthn:extension:largeBlob: true, webauthn:extension:minPinLength: true, webauthn:extension:prf: true, webauthn:virtualAuthenticators: true}
Session ID: 4c6256775e2cf9cbaa06e709a9f76e7c" type="org.openqa.selenium.NoSuchWindowException">
      <![CDATA[org.openqa.selenium.NoSuchWindowException: no such window: target window already closed
from unknown error: web view not found
  (Session info: chrome=140.0.7339.80)
Build info: version: '4.34.0', revision: '707dcb4246*'
System info: os.name: 'Windows 11', os.arch: 'amd64', os.version: '10.0', java.version: '21.0.7'
Driver info: org.openqa.selenium.chrome.ChromeDriver
Command: [4c6256775e2cf9cbaa06e709a9f76e7c, findElement {using=xpath, value=//button[@data-target='#alerts']}]
Capabilities {acceptInsecureCerts: false, browserName: chrome, browserVersion: 140.0.7339.80, chrome: {chromedriverVersion: 140.0.7339.80 (670b6f192f46..., userDataDir: C:\Users\KIIT\AppData\Local...}, fedcm:accounts: true, goog:chromeOptions: {debuggerAddress: localhost:64271}, networkConnectionEnabled: false, pageLoadStrategy: normal, platformName: windows, proxy: Proxy(), se:cdp: ws://localhost:64271/devtoo..., se:cdpVersion: 140.0.7339.80, setWindowRect: true, strictFileInteractability: false, timeouts: {implicit: 0, pageLoad: 300000, script: 30000}, unhandledPromptBehavior: dismiss and notify, webauthn:extension:credBlob: true, webauthn:extension:largeBlob: true, webauthn:extension:minPinLength: true, webauthn:extension:prf: true, webauthn:virtualAuthenticators: true}
Session ID: 4c6256775e2cf9cbaa06e709a9f76e7c
at java.base/jdk.internal.reflect.DirectConstructorHandleAccessor.newInstance(DirectConstructorHandleAccessor.java:62)
at java.base/java.lang.reflect.Constructor.newInstanceWithCaller(Constructor.java:502)
at java.base/java.lang.reflect.Constructor.newInstance(Constructor.java:486)
at org.openqa.selenium.remote.ErrorCodec.decode(ErrorCodec.java:167)
at org.openqa.selenium.remote.codec.w3c.W3CHttpResponseCodec.decode(W3CHttpResponseCodec.java:138)
at org.openqa.selenium.remote.codec.w3c.W3CHttpResponseCodec.decode(W3CHttpResponseCodec.java:50)
at org.openqa.selenium.remote.HttpCommandExecutor.execute(HttpCommandExecutor.java:215)
at org.openqa.selenium.remote.service.DriverCommandExecutor.invokeExecute(DriverCommandExecutor.java:216)
at org.openqa.selenium.remote.service.DriverCommandExecutor.execute(DriverCommandExecutor.java:174)
at org.openqa.selenium.remote.RemoteWebDriver.execute(RemoteWebDriver.java:544)
at org.openqa.selenium.remote.ElementLocation$ElementFinder$2.findElement(ElementLocation.java:165)
at org.openqa.selenium.remote.ElementLocation.findElement(ElementLocation.java:59)
at org.openqa.selenium.remote.RemoteWebDriver.findElement(RemoteWebDriver.java:367)
at org.openqa.selenium.remote.RemoteWebDriver.findElement(RemoteWebDriver.java:361)
at org.openqa.selenium.support.pagefactory.DefaultElementLocator.findElement(DefaultElementLocator.java:68)
at org.openqa.selenium.support.pagefactory.internal.LocatingElementHandler.invoke(LocatingElementHandler.java:38)
at jdk.proxy2/jdk.proxy2.$Proxy15.toString(Unknown Source)
at java.base/java.lang.String.valueOf(String.java:4465)
at org.openqa.selenium.support.ui.ExpectedConditions$23.toString(ExpectedConditions.java:669)
at java.base/java.lang.String.valueOf(String.java:4465)
at org.openqa.selenium.support.ui.FluentWait.until(FluentWait.java:225)
at baselibrary.BaseLibrary.waitandclick(BaseLibrary.java:75)
at pages.Alerts.clickonalertsandwindow(Alerts.java:54)
at tests.AlertTest.ClickOnalertsandwindow(AlertTest.java:36)
at java.base/jdk.internal.reflect.DirectMethodHandleAccessor.invoke(DirectMethodHandleAccessor.java:103)
at java.base/java.lang.reflect.Method.invoke(Method.java:580)
at org.testng.internal.invokers.MethodInvocationHelper.invokeMethod(MethodInvocationHelper.java:141)
at org.testng.internal.invokers.TestInvoker.invokeMethod(TestInvoker.java:687)
at org.testng.internal.invokers.TestInvoker.invokeTestMethod(TestInvoker.java:230)
at org.testng.internal.invokers.MethodRunner.runInSequence(MethodRunner.java:63)
at org.testng.internal.invokers.TestInvoker$MethodInvocationAgent.invoke(TestInvoker.java:995)
at org.testng.internal.invokers.TestInvoker.invokeTestMethods(TestInvoker.java:203)
at org.testng.internal.invokers.TestMethodWorker.invokeTestMethods(TestMethodWorker.java:154)
at org.testng.internal.invokers.TestMethodWorker.run(TestMethodWorker.java:134)
at java.base/java.util.ArrayList.forEach(ArrayList.java:1596)
at org.testng.TestRunner.privateRun(TestRunner.java:741)
at org.testng.TestRunner.run(TestRunner.java:616)
at org.testng.SuiteRunner.runTest(SuiteRunner.java:421)
at org.testng.SuiteRunner.runSequentially(SuiteRunner.java:413)
at org.testng.SuiteRunner.privateRun(SuiteRunner.java:373)
at org.testng.SuiteRunner.run(SuiteRunner.java:312)
at org.testng.SuiteRunnerWorker.runSuite(SuiteRunnerWorker.java:52)
at org.testng.SuiteRunnerWorker.run(SuiteRunnerWorker.java:95)
at org.testng.TestNG.runSuitesSequentially(TestNG.java:1274)
at org.testng.TestNG.runSuitesLocally(TestNG.java:1208)
at org.testng.TestNG.runSuites(TestNG.java:1112)
at org.testng.TestNG.run(TestNG.java:1079)
at org.testng.remote.AbstractRemoteTestNG.run(AbstractRemoteTestNG.java:115)
at org.testng.remote.RemoteTestNG.initAndRun(RemoteTestNG.java:293)
at org.testng.remote.RemoteTestNG.main(RemoteTestNG.java:91)
]]>
    </error>
  </testcase> <!-- ClickOnalertsandwindow -->
  <testcase classname="tests.AlertTest" name="ClickOnalerts" time="10.316">
    <error message="no such window: target window already closed
from unknown error: web view not found
  (Session info: chrome=140.0.7339.80)
Build info: version: &#039;4.34.0&#039;, revision: &#039;707dcb4246*&#039;
System info: os.name: &#039;Windows 11&#039;, os.arch: &#039;amd64&#039;, os.version: &#039;10.0&#039;, java.version: &#039;21.0.7&#039;
Driver info: org.openqa.selenium.chrome.ChromeDriver
Command: [4c6256775e2cf9cbaa06e709a9f76e7c, findElement {using=xpath, value=//a[@href=&#039;#tab_12&#039;]}]
Capabilities {acceptInsecureCerts: false, browserName: chrome, browserVersion: 140.0.7339.80, chrome: {chromedriverVersion: 140.0.7339.80 (670b6f192f46..., userDataDir: C:\Users\KIIT\AppData\Local...}, fedcm:accounts: true, goog:chromeOptions: {debuggerAddress: localhost:64271}, networkConnectionEnabled: false, pageLoadStrategy: normal, platformName: windows, proxy: Proxy(), se:cdp: ws://localhost:64271/devtoo..., se:cdpVersion: 140.0.7339.80, setWindowRect: true, strictFileInteractability: false, timeouts: {implicit: 0, pageLoad: 300000, script: 30000}, unhandledPromptBehavior: dismiss and notify, webauthn:extension:credBlob: true, webauthn:extension:largeBlob: true, webauthn:extension:minPinLength: true, webauthn:extension:prf: true, webauthn:virtualAuthenticators: true}
Session ID: 4c6256775e2cf9cbaa06e709a9f76e7c" type="org.openqa.selenium.NoSuchWindowException">
      <![CDATA[org.openqa.selenium.NoSuchWindowException: no such window: target window already closed
from unknown error: web view not found
  (Session info: chrome=140.0.7339.80)
Build info: version: '4.34.0', revision: '707dcb4246*'
System info: os.name: 'Windows 11', os.arch: 'amd64', os.version: '10.0', java.version: '21.0.7'
Driver info: org.openqa.selenium.chrome.ChromeDriver
Command: [4c6256775e2cf9cbaa06e709a9f76e7c, findElement {using=xpath, value=//a[@href='#tab_12']}]
Capabilities {acceptInsecureCerts: false, browserName: chrome, browserVersion: 140.0.7339.80, chrome: {chromedriverVersion: 140.0.7339.80 (670b6f192f46..., userDataDir: C:\Users\KIIT\AppData\Local...}, fedcm:accounts: true, goog:chromeOptions: {debuggerAddress: localhost:64271}, networkConnectionEnabled: false, pageLoadStrategy: normal, platformName: windows, proxy: Proxy(), se:cdp: ws://localhost:64271/devtoo..., se:cdpVersion: 140.0.7339.80, setWindowRect: true, strictFileInteractability: false, timeouts: {implicit: 0, pageLoad: 300000, script: 30000}, unhandledPromptBehavior: dismiss and notify, webauthn:extension:credBlob: true, webauthn:extension:largeBlob: true, webauthn:extension:minPinLength: true, webauthn:extension:prf: true, webauthn:virtualAuthenticators: true}
Session ID: 4c6256775e2cf9cbaa06e709a9f76e7c
at java.base/jdk.internal.reflect.DirectConstructorHandleAccessor.newInstance(DirectConstructorHandleAccessor.java:62)
at java.base/java.lang.reflect.Constructor.newInstanceWithCaller(Constructor.java:502)
at java.base/java.lang.reflect.Constructor.newInstance(Constructor.java:486)
at org.openqa.selenium.remote.ErrorCodec.decode(ErrorCodec.java:167)
at org.openqa.selenium.remote.codec.w3c.W3CHttpResponseCodec.decode(W3CHttpResponseCodec.java:138)
at org.openqa.selenium.remote.codec.w3c.W3CHttpResponseCodec.decode(W3CHttpResponseCodec.java:50)
at org.openqa.selenium.remote.HttpCommandExecutor.execute(HttpCommandExecutor.java:215)
at org.openqa.selenium.remote.service.DriverCommandExecutor.invokeExecute(DriverCommandExecutor.java:216)
at org.openqa.selenium.remote.service.DriverCommandExecutor.execute(DriverCommandExecutor.java:174)
at org.openqa.selenium.remote.RemoteWebDriver.execute(RemoteWebDriver.java:544)
at org.openqa.selenium.remote.ElementLocation$ElementFinder$2.findElement(ElementLocation.java:165)
at org.openqa.selenium.remote.ElementLocation.findElement(ElementLocation.java:59)
at org.openqa.selenium.remote.RemoteWebDriver.findElement(RemoteWebDriver.java:367)
at org.openqa.selenium.remote.RemoteWebDriver.findElement(RemoteWebDriver.java:361)
at org.openqa.selenium.support.pagefactory.DefaultElementLocator.findElement(DefaultElementLocator.java:68)
at org.openqa.selenium.support.pagefactory.internal.LocatingElementHandler.invoke(LocatingElementHandler.java:38)
at jdk.proxy2/jdk.proxy2.$Proxy15.toString(Unknown Source)
at java.base/java.lang.String.valueOf(String.java:4465)
at org.openqa.selenium.support.ui.ExpectedConditions$23.toString(ExpectedConditions.java:669)
at java.base/java.lang.String.valueOf(String.java:4465)
at org.openqa.selenium.support.ui.FluentWait.until(FluentWait.java:225)
at baselibrary.BaseLibrary.waitandclick(BaseLibrary.java:75)
at pages.Alerts.cliconalerts(Alerts.java:59)
at tests.AlertTest.ClickOnalerts(AlertTest.java:41)
at java.base/jdk.internal.reflect.DirectMethodHandleAccessor.invoke(DirectMethodHandleAccessor.java:103)
at java.base/java.lang.reflect.Method.invoke(Method.java:580)
at org.testng.internal.invokers.MethodInvocationHelper.invokeMethod(MethodInvocationHelper.java:141)
at org.testng.internal.invokers.TestInvoker.invokeMethod(TestInvoker.java:687)
at org.testng.internal.invokers.TestInvoker.invokeTestMethod(TestInvoker.java:230)
at org.testng.internal.invokers.MethodRunner.runInSequence(MethodRunner.java:63)
at org.testng.internal.invokers.TestInvoker$MethodInvocationAgent.invoke(TestInvoker.java:995)
at org.testng.internal.invokers.TestInvoker.invokeTestMethods(TestInvoker.java:203)
at org.testng.internal.invokers.TestMethodWorker.invokeTestMethods(TestMethodWorker.java:154)
at org.testng.internal.invokers.TestMethodWorker.run(TestMethodWorker.java:134)
at java.base/java.util.ArrayList.forEach(ArrayList.java:1596)
at org.testng.TestRunner.privateRun(TestRunner.java:741)
at org.testng.TestRunner.run(TestRunner.java:616)
at org.testng.SuiteRunner.runTest(SuiteRunner.java:421)
at org.testng.SuiteRunner.runSequentially(SuiteRunner.java:413)
at org.testng.SuiteRunner.privateRun(SuiteRunner.java:373)
at org.testng.SuiteRunner.run(SuiteRunner.java:312)
at org.testng.SuiteRunnerWorker.runSuite(SuiteRunnerWorker.java:52)
at org.testng.SuiteRunnerWorker.run(SuiteRunnerWorker.java:95)
at org.testng.TestNG.runSuitesSequentially(TestNG.java:1274)
at org.testng.TestNG.runSuitesLocally(TestNG.java:1208)
at org.testng.TestNG.runSuites(TestNG.java:1112)
at org.testng.TestNG.run(TestNG.java:1079)
at org.testng.remote.AbstractRemoteTestNG.run(AbstractRemoteTestNG.java:115)
at org.testng.remote.RemoteTestNG.initAndRun(RemoteTestNG.java:293)
at org.testng.remote.RemoteTestNG.main(RemoteTestNG.java:91)
]]>
    </error>
  </testcase> <!-- ClickOnalerts -->
  <testcase classname="tests.AlertTest" name="ClickOnSeeAlerts" time="0.022">
    <error message="no such window: target window already closed
from unknown error: web view not found
  (Session info: chrome=140.0.7339.80)
Build info: version: &#039;4.34.0&#039;, revision: &#039;707dcb4246*&#039;
System info: os.name: &#039;Windows 11&#039;, os.arch: &#039;amd64&#039;, os.version: &#039;10.0&#039;, java.version: &#039;21.0.7&#039;
Driver info: org.openqa.selenium.chrome.ChromeDriver
Command: [4c6256775e2cf9cbaa06e709a9f76e7c, findElement {using=xpath, value=//button[@onclick=&#039;myalert()&#039;]}]
Capabilities {acceptInsecureCerts: false, browserName: chrome, browserVersion: 140.0.7339.80, chrome: {chromedriverVersion: 140.0.7339.80 (670b6f192f46..., userDataDir: C:\Users\KIIT\AppData\Local...}, fedcm:accounts: true, goog:chromeOptions: {debuggerAddress: localhost:64271}, networkConnectionEnabled: false, pageLoadStrategy: normal, platformName: windows, proxy: Proxy(), se:cdp: ws://localhost:64271/devtoo..., se:cdpVersion: 140.0.7339.80, setWindowRect: true, strictFileInteractability: false, timeouts: {implicit: 0, pageLoad: 300000, script: 30000}, unhandledPromptBehavior: dismiss and notify, webauthn:extension:credBlob: true, webauthn:extension:largeBlob: true, webauthn:extension:minPinLength: true, webauthn:extension:prf: true, webauthn:virtualAuthenticators: true}
Session ID: 4c6256775e2cf9cbaa06e709a9f76e7c" type="org.openqa.selenium.NoSuchWindowException">
      <![CDATA[org.openqa.selenium.NoSuchWindowException: no such window: target window already closed
from unknown error: web view not found
  (Session info: chrome=140.0.7339.80)
Build info: version: '4.34.0', revision: '707dcb4246*'
System info: os.name: 'Windows 11', os.arch: 'amd64', os.version: '10.0', java.version: '21.0.7'
Driver info: org.openqa.selenium.chrome.ChromeDriver
Command: [4c6256775e2cf9cbaa06e709a9f76e7c, findElement {using=xpath, value=//button[@onclick='myalert()']}]
Capabilities {acceptInsecureCerts: false, browserName: chrome, browserVersion: 140.0.7339.80, chrome: {chromedriverVersion: 140.0.7339.80 (670b6f192f46..., userDataDir: C:\Users\KIIT\AppData\Local...}, fedcm:accounts: true, goog:chromeOptions: {debuggerAddress: localhost:64271}, networkConnectionEnabled: false, pageLoadStrategy: normal, platformName: windows, proxy: Proxy(), se:cdp: ws://localhost:64271/devtoo..., se:cdpVersion: 140.0.7339.80, setWindowRect: true, strictFileInteractability: false, timeouts: {implicit: 0, pageLoad: 300000, script: 30000}, unhandledPromptBehavior: dismiss and notify, webauthn:extension:credBlob: true, webauthn:extension:largeBlob: true, webauthn:extension:minPinLength: true, webauthn:extension:prf: true, webauthn:virtualAuthenticators: true}
Session ID: 4c6256775e2cf9cbaa06e709a9f76e7c
at java.base/jdk.internal.reflect.DirectConstructorHandleAccessor.newInstance(DirectConstructorHandleAccessor.java:62)
at java.base/java.lang.reflect.Constructor.newInstanceWithCaller(Constructor.java:502)
at java.base/java.lang.reflect.Constructor.newInstance(Constructor.java:486)
at org.openqa.selenium.remote.ErrorCodec.decode(ErrorCodec.java:167)
at org.openqa.selenium.remote.codec.w3c.W3CHttpResponseCodec.decode(W3CHttpResponseCodec.java:138)
at org.openqa.selenium.remote.codec.w3c.W3CHttpResponseCodec.decode(W3CHttpResponseCodec.java:50)
at org.openqa.selenium.remote.HttpCommandExecutor.execute(HttpCommandExecutor.java:215)
at org.openqa.selenium.remote.service.DriverCommandExecutor.invokeExecute(DriverCommandExecutor.java:216)
at org.openqa.selenium.remote.service.DriverCommandExecutor.execute(DriverCommandExecutor.java:174)
at org.openqa.selenium.remote.RemoteWebDriver.execute(RemoteWebDriver.java:544)
at org.openqa.selenium.remote.ElementLocation$ElementFinder$2.findElement(ElementLocation.java:165)
at org.openqa.selenium.remote.ElementLocation.findElement(ElementLocation.java:59)
at org.openqa.selenium.remote.RemoteWebDriver.findElement(RemoteWebDriver.java:367)
at org.openqa.selenium.remote.RemoteWebDriver.findElement(RemoteWebDriver.java:361)
at org.openqa.selenium.support.pagefactory.DefaultElementLocator.findElement(DefaultElementLocator.java:68)
at org.openqa.selenium.support.pagefactory.internal.LocatingElementHandler.invoke(LocatingElementHandler.java:38)
at jdk.proxy2/jdk.proxy2.$Proxy15.click(Unknown Source)
at pages.Alerts.cliconseealerts(Alerts.java:64)
at tests.AlertTest.ClickOnSeeAlerts(AlertTest.java:47)
at java.base/jdk.internal.reflect.DirectMethodHandleAccessor.invoke(DirectMethodHandleAccessor.java:103)
at java.base/java.lang.reflect.Method.invoke(Method.java:580)
at org.testng.internal.invokers.MethodInvocationHelper.invokeMethod(MethodInvocationHelper.java:141)
at org.testng.internal.invokers.TestInvoker.invokeMethod(TestInvoker.java:687)
at org.testng.internal.invokers.TestInvoker.invokeTestMethod(TestInvoker.java:230)
at org.testng.internal.invokers.MethodRunner.runInSequence(MethodRunner.java:63)
at org.testng.internal.invokers.TestInvoker$MethodInvocationAgent.invoke(TestInvoker.java:995)
at org.testng.internal.invokers.TestInvoker.invokeTestMethods(TestInvoker.java:203)
at org.testng.internal.invokers.TestMethodWorker.invokeTestMethods(TestMethodWorker.java:154)
at org.testng.internal.invokers.TestMethodWorker.run(TestMethodWorker.java:134)
at java.base/java.util.ArrayList.forEach(ArrayList.java:1596)
at org.testng.TestRunner.privateRun(TestRunner.java:741)
at org.testng.TestRunner.run(TestRunner.java:616)
at org.testng.SuiteRunner.runTest(SuiteRunner.java:421)
at org.testng.SuiteRunner.runSequentially(SuiteRunner.java:413)
at org.testng.SuiteRunner.privateRun(SuiteRunner.java:373)
at org.testng.SuiteRunner.run(SuiteRunner.java:312)
at org.testng.SuiteRunnerWorker.runSuite(SuiteRunnerWorker.java:52)
at org.testng.SuiteRunnerWorker.run(SuiteRunnerWorker.java:95)
at org.testng.TestNG.runSuitesSequentially(TestNG.java:1274)
at org.testng.TestNG.runSuitesLocally(TestNG.java:1208)
at org.testng.TestNG.runSuites(TestNG.java:1112)
at org.testng.TestNG.run(TestNG.java:1079)
at org.testng.remote.AbstractRemoteTestNG.run(AbstractRemoteTestNG.java:115)
at org.testng.remote.RemoteTestNG.initAndRun(RemoteTestNG.java:293)
at org.testng.remote.RemoteTestNG.main(RemoteTestNG.java:91)
]]>
    </error>
  </testcase> <!-- ClickOnSeeAlerts -->
  <testcase classname="tests.AlertTest" name="ClickOnwaitfor5alert" time="10.327">
    <error message="no such window: target window already closed
from unknown error: web view not found
  (Session info: chrome=140.0.7339.80)
Build info: version: &#039;4.34.0&#039;, revision: &#039;707dcb4246*&#039;
System info: os.name: &#039;Windows 11&#039;, os.arch: &#039;amd64&#039;, os.version: &#039;10.0&#039;, java.version: &#039;21.0.7&#039;
Driver info: org.openqa.selenium.chrome.ChromeDriver
Command: [4c6256775e2cf9cbaa06e709a9f76e7c, findElement {using=xpath, value=//button[@onclick=&quot;aftersec5()&quot;]}]
Capabilities {acceptInsecureCerts: false, browserName: chrome, browserVersion: 140.0.7339.80, chrome: {chromedriverVersion: 140.0.7339.80 (670b6f192f46..., userDataDir: C:\Users\KIIT\AppData\Local...}, fedcm:accounts: true, goog:chromeOptions: {debuggerAddress: localhost:64271}, networkConnectionEnabled: false, pageLoadStrategy: normal, platformName: windows, proxy: Proxy(), se:cdp: ws://localhost:64271/devtoo..., se:cdpVersion: 140.0.7339.80, setWindowRect: true, strictFileInteractability: false, timeouts: {implicit: 0, pageLoad: 300000, script: 30000}, unhandledPromptBehavior: dismiss and notify, webauthn:extension:credBlob: true, webauthn:extension:largeBlob: true, webauthn:extension:minPinLength: true, webauthn:extension:prf: true, webauthn:virtualAuthenticators: true}
Session ID: 4c6256775e2cf9cbaa06e709a9f76e7c" type="org.openqa.selenium.NoSuchWindowException">
      <![CDATA[org.openqa.selenium.NoSuchWindowException: no such window: target window already closed
from unknown error: web view not found
  (Session info: chrome=140.0.7339.80)
Build info: version: '4.34.0', revision: '707dcb4246*'
System info: os.name: 'Windows 11', os.arch: 'amd64', os.version: '10.0', java.version: '21.0.7'
Driver info: org.openqa.selenium.chrome.ChromeDriver
Command: [4c6256775e2cf9cbaa06e709a9f76e7c, findElement {using=xpath, value=//button[@onclick="aftersec5()"]}]
Capabilities {acceptInsecureCerts: false, browserName: chrome, browserVersion: 140.0.7339.80, chrome: {chromedriverVersion: 140.0.7339.80 (670b6f192f46..., userDataDir: C:\Users\KIIT\AppData\Local...}, fedcm:accounts: true, goog:chromeOptions: {debuggerAddress: localhost:64271}, networkConnectionEnabled: false, pageLoadStrategy: normal, platformName: windows, proxy: Proxy(), se:cdp: ws://localhost:64271/devtoo..., se:cdpVersion: 140.0.7339.80, setWindowRect: true, strictFileInteractability: false, timeouts: {implicit: 0, pageLoad: 300000, script: 30000}, unhandledPromptBehavior: dismiss and notify, webauthn:extension:credBlob: true, webauthn:extension:largeBlob: true, webauthn:extension:minPinLength: true, webauthn:extension:prf: true, webauthn:virtualAuthenticators: true}
Session ID: 4c6256775e2cf9cbaa06e709a9f76e7c
at java.base/jdk.internal.reflect.DirectConstructorHandleAccessor.newInstance(DirectConstructorHandleAccessor.java:62)
at java.base/java.lang.reflect.Constructor.newInstanceWithCaller(Constructor.java:502)
at java.base/java.lang.reflect.Constructor.newInstance(Constructor.java:486)
at org.openqa.selenium.remote.ErrorCodec.decode(ErrorCodec.java:167)
at org.openqa.selenium.remote.codec.w3c.W3CHttpResponseCodec.decode(W3CHttpResponseCodec.java:138)
at org.openqa.selenium.remote.codec.w3c.W3CHttpResponseCodec.decode(W3CHttpResponseCodec.java:50)
at org.openqa.selenium.remote.HttpCommandExecutor.execute(HttpCommandExecutor.java:215)
at org.openqa.selenium.remote.service.DriverCommandExecutor.invokeExecute(DriverCommandExecutor.java:216)
at org.openqa.selenium.remote.service.DriverCommandExecutor.execute(DriverCommandExecutor.java:174)
at org.openqa.selenium.remote.RemoteWebDriver.execute(RemoteWebDriver.java:544)
at org.openqa.selenium.remote.ElementLocation$ElementFinder$2.findElement(ElementLocation.java:165)
at org.openqa.selenium.remote.ElementLocation.findElement(ElementLocation.java:59)
at org.openqa.selenium.remote.RemoteWebDriver.findElement(RemoteWebDriver.java:367)
at org.openqa.selenium.remote.RemoteWebDriver.findElement(RemoteWebDriver.java:361)
at org.openqa.selenium.support.pagefactory.DefaultElementLocator.findElement(DefaultElementLocator.java:68)
at org.openqa.selenium.support.pagefactory.internal.LocatingElementHandler.invoke(LocatingElementHandler.java:38)
at jdk.proxy2/jdk.proxy2.$Proxy15.toString(Unknown Source)
at java.base/java.lang.String.valueOf(String.java:4465)
at org.openqa.selenium.support.ui.ExpectedConditions$23.toString(ExpectedConditions.java:669)
at java.base/java.lang.String.valueOf(String.java:4465)
at org.openqa.selenium.support.ui.FluentWait.until(FluentWait.java:225)
at baselibrary.BaseLibrary.waitandclick(BaseLibrary.java:75)
at pages.Alerts.cliconwaitfor5alert(Alerts.java:71)
at tests.AlertTest.ClickOnwaitfor5alert(AlertTest.java:52)
at java.base/jdk.internal.reflect.DirectMethodHandleAccessor.invoke(DirectMethodHandleAccessor.java:103)
at java.base/java.lang.reflect.Method.invoke(Method.java:580)
at org.testng.internal.invokers.MethodInvocationHelper.invokeMethod(MethodInvocationHelper.java:141)
at org.testng.internal.invokers.TestInvoker.invokeMethod(TestInvoker.java:687)
at org.testng.internal.invokers.TestInvoker.invokeTestMethod(TestInvoker.java:230)
at org.testng.internal.invokers.MethodRunner.runInSequence(MethodRunner.java:63)
at org.testng.internal.invokers.TestInvoker$MethodInvocationAgent.invoke(TestInvoker.java:995)
at org.testng.internal.invokers.TestInvoker.invokeTestMethods(TestInvoker.java:203)
at org.testng.internal.invokers.TestMethodWorker.invokeTestMethods(TestMethodWorker.java:154)
at org.testng.internal.invokers.TestMethodWorker.run(TestMethodWorker.java:134)
at java.base/java.util.ArrayList.forEach(ArrayList.java:1596)
at org.testng.TestRunner.privateRun(TestRunner.java:741)
at org.testng.TestRunner.run(TestRunner.java:616)
at org.testng.SuiteRunner.runTest(SuiteRunner.java:421)
at org.testng.SuiteRunner.runSequentially(SuiteRunner.java:413)
at org.testng.SuiteRunner.privateRun(SuiteRunner.java:373)
at org.testng.SuiteRunner.run(SuiteRunner.java:312)
at org.testng.SuiteRunnerWorker.runSuite(SuiteRunnerWorker.java:52)
at org.testng.SuiteRunnerWorker.run(SuiteRunnerWorker.java:95)
at org.testng.TestNG.runSuitesSequentially(TestNG.java:1274)
at org.testng.TestNG.runSuitesLocally(TestNG.java:1208)
at org.testng.TestNG.runSuites(TestNG.java:1112)
at org.testng.TestNG.run(TestNG.java:1079)
at org.testng.remote.AbstractRemoteTestNG.run(AbstractRemoteTestNG.java:115)
at org.testng.remote.RemoteTestNG.initAndRun(RemoteTestNG.java:293)
at org.testng.remote.RemoteTestNG.main(RemoteTestNG.java:91)
]]>
    </error>
  </testcase> <!-- ClickOnwaitfor5alert -->
  <testcase classname="tests.AlertTest" name="ClickOnConfirmAlert" time="10.404">
    <error message="no such window: target window already closed
from unknown error: web view not found
  (Session info: chrome=140.0.7339.80)
Build info: version: &#039;4.34.0&#039;, revision: &#039;707dcb4246*&#039;
System info: os.name: &#039;Windows 11&#039;, os.arch: &#039;amd64&#039;, os.version: &#039;10.0&#039;, java.version: &#039;21.0.7&#039;
Driver info: org.openqa.selenium.chrome.ChromeDriver
Command: [4c6256775e2cf9cbaa06e709a9f76e7c, findElement {using=xpath, value=//button[@onclick=&#039;myconfirm()&#039;]}]
Capabilities {acceptInsecureCerts: false, browserName: chrome, browserVersion: 140.0.7339.80, chrome: {chromedriverVersion: 140.0.7339.80 (670b6f192f46..., userDataDir: C:\Users\KIIT\AppData\Local...}, fedcm:accounts: true, goog:chromeOptions: {debuggerAddress: localhost:64271}, networkConnectionEnabled: false, pageLoadStrategy: normal, platformName: windows, proxy: Proxy(), se:cdp: ws://localhost:64271/devtoo..., se:cdpVersion: 140.0.7339.80, setWindowRect: true, strictFileInteractability: false, timeouts: {implicit: 0, pageLoad: 300000, script: 30000}, unhandledPromptBehavior: dismiss and notify, webauthn:extension:credBlob: true, webauthn:extension:largeBlob: true, webauthn:extension:minPinLength: true, webauthn:extension:prf: true, webauthn:virtualAuthenticators: true}
Session ID: 4c6256775e2cf9cbaa06e709a9f76e7c" type="org.openqa.selenium.NoSuchWindowException">
      <![CDATA[org.openqa.selenium.NoSuchWindowException: no such window: target window already closed
from unknown error: web view not found
  (Session info: chrome=140.0.7339.80)
Build info: version: '4.34.0', revision: '707dcb4246*'
System info: os.name: 'Windows 11', os.arch: 'amd64', os.version: '10.0', java.version: '21.0.7'
Driver info: org.openqa.selenium.chrome.ChromeDriver
Command: [4c6256775e2cf9cbaa06e709a9f76e7c, findElement {using=xpath, value=//button[@onclick='myconfirm()']}]
Capabilities {acceptInsecureCerts: false, browserName: chrome, browserVersion: 140.0.7339.80, chrome: {chromedriverVersion: 140.0.7339.80 (670b6f192f46..., userDataDir: C:\Users\KIIT\AppData\Local...}, fedcm:accounts: true, goog:chromeOptions: {debuggerAddress: localhost:64271}, networkConnectionEnabled: false, pageLoadStrategy: normal, platformName: windows, proxy: Proxy(), se:cdp: ws://localhost:64271/devtoo..., se:cdpVersion: 140.0.7339.80, setWindowRect: true, strictFileInteractability: false, timeouts: {implicit: 0, pageLoad: 300000, script: 30000}, unhandledPromptBehavior: dismiss and notify, webauthn:extension:credBlob: true, webauthn:extension:largeBlob: true, webauthn:extension:minPinLength: true, webauthn:extension:prf: true, webauthn:virtualAuthenticators: true}
Session ID: 4c6256775e2cf9cbaa06e709a9f76e7c
at java.base/jdk.internal.reflect.DirectConstructorHandleAccessor.newInstance(DirectConstructorHandleAccessor.java:62)
at java.base/java.lang.reflect.Constructor.newInstanceWithCaller(Constructor.java:502)
at java.base/java.lang.reflect.Constructor.newInstance(Constructor.java:486)
at org.openqa.selenium.remote.ErrorCodec.decode(ErrorCodec.java:167)
at org.openqa.selenium.remote.codec.w3c.W3CHttpResponseCodec.decode(W3CHttpResponseCodec.java:138)
at org.openqa.selenium.remote.codec.w3c.W3CHttpResponseCodec.decode(W3CHttpResponseCodec.java:50)
at org.openqa.selenium.remote.HttpCommandExecutor.execute(HttpCommandExecutor.java:215)
at org.openqa.selenium.remote.service.DriverCommandExecutor.invokeExecute(DriverCommandExecutor.java:216)
at org.openqa.selenium.remote.service.DriverCommandExecutor.execute(DriverCommandExecutor.java:174)
at org.openqa.selenium.remote.RemoteWebDriver.execute(RemoteWebDriver.java:544)
at org.openqa.selenium.remote.ElementLocation$ElementFinder$2.findElement(ElementLocation.java:165)
at org.openqa.selenium.remote.ElementLocation.findElement(ElementLocation.java:59)
at org.openqa.selenium.remote.RemoteWebDriver.findElement(RemoteWebDriver.java:367)
at org.openqa.selenium.remote.RemoteWebDriver.findElement(RemoteWebDriver.java:361)
at org.openqa.selenium.support.pagefactory.DefaultElementLocator.findElement(DefaultElementLocator.java:68)
at org.openqa.selenium.support.pagefactory.internal.LocatingElementHandler.invoke(LocatingElementHandler.java:38)
at jdk.proxy2/jdk.proxy2.$Proxy15.toString(Unknown Source)
at java.base/java.lang.String.valueOf(String.java:4465)
at org.openqa.selenium.support.ui.ExpectedConditions$23.toString(ExpectedConditions.java:669)
at java.base/java.lang.String.valueOf(String.java:4465)
at org.openqa.selenium.support.ui.FluentWait.until(FluentWait.java:225)
at baselibrary.BaseLibrary.waitandclick(BaseLibrary.java:75)
at pages.Alerts.cliconconfirmalert(Alerts.java:78)
at tests.AlertTest.ClickOnConfirmAlert(AlertTest.java:57)
at java.base/jdk.internal.reflect.DirectMethodHandleAccessor.invoke(DirectMethodHandleAccessor.java:103)
at java.base/java.lang.reflect.Method.invoke(Method.java:580)
at org.testng.internal.invokers.MethodInvocationHelper.invokeMethod(MethodInvocationHelper.java:141)
at org.testng.internal.invokers.TestInvoker.invokeMethod(TestInvoker.java:687)
at org.testng.internal.invokers.TestInvoker.invokeTestMethod(TestInvoker.java:230)
at org.testng.internal.invokers.MethodRunner.runInSequence(MethodRunner.java:63)
at org.testng.internal.invokers.TestInvoker$MethodInvocationAgent.invoke(TestInvoker.java:995)
at org.testng.internal.invokers.TestInvoker.invokeTestMethods(TestInvoker.java:203)
at org.testng.internal.invokers.TestMethodWorker.invokeTestMethods(TestMethodWorker.java:154)
at org.testng.internal.invokers.TestMethodWorker.run(TestMethodWorker.java:134)
at java.base/java.util.ArrayList.forEach(ArrayList.java:1596)
at org.testng.TestRunner.privateRun(TestRunner.java:741)
at org.testng.TestRunner.run(TestRunner.java:616)
at org.testng.SuiteRunner.runTest(SuiteRunner.java:421)
at org.testng.SuiteRunner.runSequentially(SuiteRunner.java:413)
at org.testng.SuiteRunner.privateRun(SuiteRunner.java:373)
at org.testng.SuiteRunner.run(SuiteRunner.java:312)
at org.testng.SuiteRunnerWorker.runSuite(SuiteRunnerWorker.java:52)
at org.testng.SuiteRunnerWorker.run(SuiteRunnerWorker.java:95)
at org.testng.TestNG.runSuitesSequentially(TestNG.java:1274)
at org.testng.TestNG.runSuitesLocally(TestNG.java:1208)
at org.testng.TestNG.runSuites(TestNG.java:1112)
at org.testng.TestNG.run(TestNG.java:1079)
at org.testng.remote.AbstractRemoteTestNG.run(AbstractRemoteTestNG.java:115)
at org.testng.remote.RemoteTestNG.initAndRun(RemoteTestNG.java:293)
at org.testng.remote.RemoteTestNG.main(RemoteTestNG.java:91)
]]>
    </error>
  </testcase> <!-- ClickOnConfirmAlert -->
  <testcase classname="tests.AlertTest" name="ClickOnPromptBox" time="10.289">
    <error message="no such window: target window already closed
from unknown error: web view not found
  (Session info: chrome=140.0.7339.80)
Build info: version: &#039;4.34.0&#039;, revision: &#039;707dcb4246*&#039;
System info: os.name: &#039;Windows 11&#039;, os.arch: &#039;amd64&#039;, os.version: &#039;10.0&#039;, java.version: &#039;21.0.7&#039;
Driver info: org.openqa.selenium.chrome.ChromeDriver
Command: [4c6256775e2cf9cbaa06e709a9f76e7c, findElement {using=xpath, value=//button[@onclick=&#039;myprompt()&#039;]}]
Capabilities {acceptInsecureCerts: false, browserName: chrome, browserVersion: 140.0.7339.80, chrome: {chromedriverVersion: 140.0.7339.80 (670b6f192f46..., userDataDir: C:\Users\KIIT\AppData\Local...}, fedcm:accounts: true, goog:chromeOptions: {debuggerAddress: localhost:64271}, networkConnectionEnabled: false, pageLoadStrategy: normal, platformName: windows, proxy: Proxy(), se:cdp: ws://localhost:64271/devtoo..., se:cdpVersion: 140.0.7339.80, setWindowRect: true, strictFileInteractability: false, timeouts: {implicit: 0, pageLoad: 300000, script: 30000}, unhandledPromptBehavior: dismiss and notify, webauthn:extension:credBlob: true, webauthn:extension:largeBlob: true, webauthn:extension:minPinLength: true, webauthn:extension:prf: true, webauthn:virtualAuthenticators: true}
Session ID: 4c6256775e2cf9cbaa06e709a9f76e7c" type="org.openqa.selenium.NoSuchWindowException">
      <![CDATA[org.openqa.selenium.NoSuchWindowException: no such window: target window already closed
from unknown error: web view not found
  (Session info: chrome=140.0.7339.80)
Build info: version: '4.34.0', revision: '707dcb4246*'
System info: os.name: 'Windows 11', os.arch: 'amd64', os.version: '10.0', java.version: '21.0.7'
Driver info: org.openqa.selenium.chrome.ChromeDriver
Command: [4c6256775e2cf9cbaa06e709a9f76e7c, findElement {using=xpath, value=//button[@onclick='myprompt()']}]
Capabilities {acceptInsecureCerts: false, browserName: chrome, browserVersion: 140.0.7339.80, chrome: {chromedriverVersion: 140.0.7339.80 (670b6f192f46..., userDataDir: C:\Users\KIIT\AppData\Local...}, fedcm:accounts: true, goog:chromeOptions: {debuggerAddress: localhost:64271}, networkConnectionEnabled: false, pageLoadStrategy: normal, platformName: windows, proxy: Proxy(), se:cdp: ws://localhost:64271/devtoo..., se:cdpVersion: 140.0.7339.80, setWindowRect: true, strictFileInteractability: false, timeouts: {implicit: 0, pageLoad: 300000, script: 30000}, unhandledPromptBehavior: dismiss and notify, webauthn:extension:credBlob: true, webauthn:extension:largeBlob: true, webauthn:extension:minPinLength: true, webauthn:extension:prf: true, webauthn:virtualAuthenticators: true}
Session ID: 4c6256775e2cf9cbaa06e709a9f76e7c
at java.base/jdk.internal.reflect.DirectConstructorHandleAccessor.newInstance(DirectConstructorHandleAccessor.java:62)
at java.base/java.lang.reflect.Constructor.newInstanceWithCaller(Constructor.java:502)
at java.base/java.lang.reflect.Constructor.newInstance(Constructor.java:486)
at org.openqa.selenium.remote.ErrorCodec.decode(ErrorCodec.java:167)
at org.openqa.selenium.remote.codec.w3c.W3CHttpResponseCodec.decode(W3CHttpResponseCodec.java:138)
at org.openqa.selenium.remote.codec.w3c.W3CHttpResponseCodec.decode(W3CHttpResponseCodec.java:50)
at org.openqa.selenium.remote.HttpCommandExecutor.execute(HttpCommandExecutor.java:215)
at org.openqa.selenium.remote.service.DriverCommandExecutor.invokeExecute(DriverCommandExecutor.java:216)
at org.openqa.selenium.remote.service.DriverCommandExecutor.execute(DriverCommandExecutor.java:174)
at org.openqa.selenium.remote.RemoteWebDriver.execute(RemoteWebDriver.java:544)
at org.openqa.selenium.remote.ElementLocation$ElementFinder$2.findElement(ElementLocation.java:165)
at org.openqa.selenium.remote.ElementLocation.findElement(ElementLocation.java:59)
at org.openqa.selenium.remote.RemoteWebDriver.findElement(RemoteWebDriver.java:367)
at org.openqa.selenium.remote.RemoteWebDriver.findElement(RemoteWebDriver.java:361)
at org.openqa.selenium.support.pagefactory.DefaultElementLocator.findElement(DefaultElementLocator.java:68)
at org.openqa.selenium.support.pagefactory.internal.LocatingElementHandler.invoke(LocatingElementHandler.java:38)
at jdk.proxy2/jdk.proxy2.$Proxy15.toString(Unknown Source)
at java.base/java.lang.String.valueOf(String.java:4465)
at org.openqa.selenium.support.ui.ExpectedConditions$23.toString(ExpectedConditions.java:669)
at java.base/java.lang.String.valueOf(String.java:4465)
at org.openqa.selenium.support.ui.FluentWait.until(FluentWait.java:225)
at baselibrary.BaseLibrary.waitandclick(BaseLibrary.java:75)
at pages.Alerts.cliconconpromptbox(Alerts.java:85)
at tests.AlertTest.ClickOnPromptBox(AlertTest.java:62)
at java.base/jdk.internal.reflect.DirectMethodHandleAccessor.invoke(DirectMethodHandleAccessor.java:103)
at java.base/java.lang.reflect.Method.invoke(Method.java:580)
at org.testng.internal.invokers.MethodInvocationHelper.invokeMethod(MethodInvocationHelper.java:141)
at org.testng.internal.invokers.TestInvoker.invokeMethod(TestInvoker.java:687)
at org.testng.internal.invokers.TestInvoker.invokeTestMethod(TestInvoker.java:230)
at org.testng.internal.invokers.MethodRunner.runInSequence(MethodRunner.java:63)
at org.testng.internal.invokers.TestInvoker$MethodInvocationAgent.invoke(TestInvoker.java:995)
at org.testng.internal.invokers.TestInvoker.invokeTestMethods(TestInvoker.java:203)
at org.testng.internal.invokers.TestMethodWorker.invokeTestMethods(TestMethodWorker.java:154)
at org.testng.internal.invokers.TestMethodWorker.run(TestMethodWorker.java:134)
at java.base/java.util.ArrayList.forEach(ArrayList.java:1596)
at org.testng.TestRunner.privateRun(TestRunner.java:741)
at org.testng.TestRunner.run(TestRunner.java:616)
at org.testng.SuiteRunner.runTest(SuiteRunner.java:421)
at org.testng.SuiteRunner.runSequentially(SuiteRunner.java:413)
at org.testng.SuiteRunner.privateRun(SuiteRunner.java:373)
at org.testng.SuiteRunner.run(SuiteRunner.java:312)
at org.testng.SuiteRunnerWorker.runSuite(SuiteRunnerWorker.java:52)
at org.testng.SuiteRunnerWorker.run(SuiteRunnerWorker.java:95)
at org.testng.TestNG.runSuitesSequentially(TestNG.java:1274)
at org.testng.TestNG.runSuitesLocally(TestNG.java:1208)
at org.testng.TestNG.runSuites(TestNG.java:1112)
at org.testng.TestNG.run(TestNG.java:1079)
at org.testng.remote.AbstractRemoteTestNG.run(AbstractRemoteTestNG.java:115)
at org.testng.remote.RemoteTestNG.initAndRun(RemoteTestNG.java:293)
at org.testng.remote.RemoteTestNG.main(RemoteTestNG.java:91)
]]>
    </error>
  </testcase> <!-- ClickOnPromptBox -->
</testsuite> <!-- tests.AlertTest -->
