-------------------------------------------------------------------------------
Test set: TestSuite
-------------------------------------------------------------------------------
Tests run: 9, Failures: 9, Errors: 0, Skipped: 0, Time elapsed: 139.8 s <<< FAILURE! -- in TestSuite
tests.AlertTest.ClickOnclose -- Time elapsed: 10.38 s <<< FAILURE!
org.openqa.selenium.NoSuchWindowException: 
no such window: target window already closed
from unknown error: web view not found
  (Session info: chrome=140.0.7339.80)
Build info: version: '4.34.0', revision: '707dcb4246*'
System info: os.name: 'Windows 11', os.arch: 'amd64', os.version: '10.0', java.version: '21.0.7'
Driver info: org.openqa.selenium.chrome.ChromeDriver
Command: [1d321ec6c3763d152b7c812d810f30de, findElement {value=//button[text()='×'], using=xpath}]
Capabilities {acceptInsecureCerts: false, browserName: chrome, browserVersion: 140.0.7339.80, chrome: {chromedriverVersion: 140.0.7339.80 (670b6f192f46..., userDataDir: C:\Users\KIIT\AppData\Local...}, fedcm:accounts: true, goog:chromeOptions: {debuggerAddress: localhost:56177}, networkConnectionEnabled: false, pageLoadStrategy: normal, platformName: windows, proxy: Proxy(), se:cdp: ws://localhost:56177/devtoo..., se:cdpVersion: 140.0.7339.80, setWindowRect: true, strictFileInteractability: false, timeouts: {implicit: 0, pageLoad: 300000, script: 30000}, unhandledPromptBehavior: dismiss and notify, webauthn:extension:credBlob: true, webauthn:extension:largeBlob: true, webauthn:extension:minPinLength: true, webauthn:extension:prf: true, webauthn:virtualAuthenticators: true}
Session ID: 1d321ec6c3763d152b7c812d810f30de
	at java.base/jdk.internal.reflect.DirectConstructorHandleAccessor.newInstance(DirectConstructorHandleAccessor.java:62)
	at java.base/java.lang.reflect.Constructor.newInstanceWithCaller(Constructor.java:502)
	at java.base/java.lang.reflect.Constructor.newInstance(Constructor.java:486)
	at org.openqa.selenium.remote.ErrorCodec.decode(ErrorCodec.java:167)
	at org.openqa.selenium.remote.codec.w3c.W3CHttpResponseCodec.decode(W3CHttpResponseCodec.java:138)
	at org.openqa.selenium.remote.codec.w3c.W3CHttpResponseCodec.decode(W3CHttpResponseCodec.java:50)
	at org.openqa.selenium.remote.HttpCommandExecutor.execute(HttpCommandExecutor.java:215)
	at org.openqa.selenium.remote.service.DriverCommandExecutor.invokeExecute(DriverCommandExecutor.java:216)
	at org.openqa.selenium.remote.service.DriverCommandExecutor.execute(DriverCommandExecutor.java:174)
	at org.openqa.selenium.remote.RemoteWebDriver.execute(RemoteWebDriver.java:544)
	at org.openqa.selenium.remote.ElementLocation$ElementFinder$2.findElement(ElementLocation.java:165)
	at org.openqa.selenium.remote.ElementLocation.findElement(ElementLocation.java:59)
	at org.openqa.selenium.remote.RemoteWebDriver.findElement(RemoteWebDriver.java:367)
	at org.openqa.selenium.remote.RemoteWebDriver.findElement(RemoteWebDriver.java:361)
	at org.openqa.selenium.support.pagefactory.DefaultElementLocator.findElement(DefaultElementLocator.java:68)
	at org.openqa.selenium.support.pagefactory.internal.LocatingElementHandler.invoke(LocatingElementHandler.java:38)
	at jdk.proxy2/jdk.proxy2.$Proxy12.toString(Unknown Source)
	at java.base/java.lang.String.valueOf(String.java:4465)
	at org.openqa.selenium.support.ui.ExpectedConditions$23.toString(ExpectedConditions.java:669)
	at java.base/java.lang.String.valueOf(String.java:4465)
	at org.openqa.selenium.support.ui.FluentWait.until(FluentWait.java:225)
	at baselibrary.BaseLibrary.waitandclick(BaseLibrary.java:75)
	at pages.Alerts.clickonclose(Alerts.java:44)
	at tests.AlertTest.ClickOnclose(AlertTest.java:26)
	at java.base/jdk.internal.reflect.DirectMethodHandleAccessor.invoke(DirectMethodHandleAccessor.java:103)
	at java.base/java.lang.reflect.Method.invoke(Method.java:580)
	at org.testng.internal.invokers.MethodInvocationHelper.invokeMethod(MethodInvocationHelper.java:141)
	at org.testng.internal.invokers.TestInvoker.invokeMethod(TestInvoker.java:686)
	at org.testng.internal.invokers.TestInvoker.invokeTestMethod(TestInvoker.java:230)
	at org.testng.internal.invokers.MethodRunner.runInSequence(MethodRunner.java:63)
	at org.testng.internal.invokers.TestInvoker$MethodInvocationAgent.invoke(TestInvoker.java:992)
	at org.testng.internal.invokers.TestInvoker.invokeTestMethods(TestInvoker.java:203)
	at org.testng.internal.invokers.TestMethodWorker.invokeTestMethods(TestMethodWorker.java:154)
	at org.testng.internal.invokers.TestMethodWorker.run(TestMethodWorker.java:134)
	at java.base/java.util.ArrayList.forEach(ArrayList.java:1596)
	at org.testng.TestRunner.privateRun(TestRunner.java:739)
	at org.testng.TestRunner.run(TestRunner.java:614)
	at org.testng.SuiteRunner.runTest(SuiteRunner.java:421)
	at org.testng.SuiteRunner.runSequentially(SuiteRunner.java:413)
	at org.testng.SuiteRunner.privateRun(SuiteRunner.java:373)
	at org.testng.SuiteRunner.run(SuiteRunner.java:312)
	at org.testng.SuiteRunnerWorker.runSuite(SuiteRunnerWorker.java:52)
	at org.testng.SuiteRunnerWorker.run(SuiteRunnerWorker.java:95)
	at org.testng.TestNG.runSuitesSequentially(TestNG.java:1274)
	at org.testng.TestNG.runSuitesLocally(TestNG.java:1208)
	at org.testng.TestNG.runSuites(TestNG.java:1112)
	at org.testng.TestNG.run(TestNG.java:1079)
	at org.apache.maven.surefire.testng.TestNGExecutor.run(TestNGExecutor.java:308)
	at org.apache.maven.surefire.testng.TestNGXmlTestSuite.execute(TestNGXmlTestSuite.java:71)
	at org.apache.maven.surefire.testng.TestNGProvider.invoke(TestNGProvider.java:113)
	at org.apache.maven.surefire.booter.ForkedBooter.runSuitesInProcess(ForkedBooter.java:385)
	at org.apache.maven.surefire.booter.ForkedBooter.execute(ForkedBooter.java:162)
	at org.apache.maven.surefire.booter.ForkedBooter.run(ForkedBooter.java:507)
	at org.apache.maven.surefire.booter.ForkedBooter.main(ForkedBooter.java:495)

tests.AlertTest.ClickOnpractice -- Time elapsed: 10.36 s <<< FAILURE!
org.openqa.selenium.NoSuchWindowException: 
no such window: target window already closed
from unknown error: web view not found
  (Session info: chrome=140.0.7339.80)
Build info: version: '4.34.0', revision: '707dcb4246*'
System info: os.name: 'Windows 11', os.arch: 'amd64', os.version: '10.0', java.version: '21.0.7'
Driver info: org.openqa.selenium.chrome.ChromeDriver
Command: [1d321ec6c3763d152b7c812d810f30de, findElement {value=//a[@href='newdemo.html'], using=xpath}]
Capabilities {acceptInsecureCerts: false, browserName: chrome, browserVersion: 140.0.7339.80, chrome: {chromedriverVersion: 140.0.7339.80 (670b6f192f46..., userDataDir: C:\Users\KIIT\AppData\Local...}, fedcm:accounts: true, goog:chromeOptions: {debuggerAddress: localhost:56177}, networkConnectionEnabled: false, pageLoadStrategy: normal, platformName: windows, proxy: Proxy(), se:cdp: ws://localhost:56177/devtoo..., se:cdpVersion: 140.0.7339.80, setWindowRect: true, strictFileInteractability: false, timeouts: {implicit: 0, pageLoad: 300000, script: 30000}, unhandledPromptBehavior: dismiss and notify, webauthn:extension:credBlob: true, webauthn:extension:largeBlob: true, webauthn:extension:minPinLength: true, webauthn:extension:prf: true, webauthn:virtualAuthenticators: true}
Session ID: 1d321ec6c3763d152b7c812d810f30de
	at java.base/jdk.internal.reflect.DirectConstructorHandleAccessor.newInstance(DirectConstructorHandleAccessor.java:62)
	at java.base/java.lang.reflect.Constructor.newInstanceWithCaller(Constructor.java:502)
	at java.base/java.lang.reflect.Constructor.newInstance(Constructor.java:486)
	at org.openqa.selenium.remote.ErrorCodec.decode(ErrorCodec.java:167)
	at org.openqa.selenium.remote.codec.w3c.W3CHttpResponseCodec.decode(W3CHttpResponseCodec.java:138)
	at org.openqa.selenium.remote.codec.w3c.W3CHttpResponseCodec.decode(W3CHttpResponseCodec.java:50)
	at org.openqa.selenium.remote.HttpCommandExecutor.execute(HttpCommandExecutor.java:215)
	at org.openqa.selenium.remote.service.DriverCommandExecutor.invokeExecute(DriverCommandExecutor.java:216)
	at org.openqa.selenium.remote.service.DriverCommandExecutor.execute(DriverCommandExecutor.java:174)
	at org.openqa.selenium.remote.RemoteWebDriver.execute(RemoteWebDriver.java:544)
	at org.openqa.selenium.remote.ElementLocation$ElementFinder$2.findElement(ElementLocation.java:165)
	at org.openqa.selenium.remote.ElementLocation.findElement(ElementLocation.java:59)
	at org.openqa.selenium.remote.RemoteWebDriver.findElement(RemoteWebDriver.java:367)
	at org.openqa.selenium.remote.RemoteWebDriver.findElement(RemoteWebDriver.java:361)
	at org.openqa.selenium.support.pagefactory.DefaultElementLocator.findElement(DefaultElementLocator.java:68)
	at org.openqa.selenium.support.pagefactory.internal.LocatingElementHandler.invoke(LocatingElementHandler.java:38)
	at jdk.proxy2/jdk.proxy2.$Proxy12.toString(Unknown Source)
	at java.base/java.lang.String.valueOf(String.java:4465)
	at org.openqa.selenium.support.ui.ExpectedConditions$23.toString(ExpectedConditions.java:669)
	at java.base/java.lang.String.valueOf(String.java:4465)
	at org.openqa.selenium.support.ui.FluentWait.until(FluentWait.java:225)
	at baselibrary.BaseLibrary.waitandclick(BaseLibrary.java:75)
	at pages.Alerts.clickonpractice(Alerts.java:49)
	at tests.AlertTest.ClickOnpractice(AlertTest.java:31)
	at java.base/jdk.internal.reflect.DirectMethodHandleAccessor.invoke(DirectMethodHandleAccessor.java:103)
	at java.base/java.lang.reflect.Method.invoke(Method.java:580)
	at org.testng.internal.invokers.MethodInvocationHelper.invokeMethod(MethodInvocationHelper.java:141)
	at org.testng.internal.invokers.TestInvoker.invokeMethod(TestInvoker.java:686)
	at org.testng.internal.invokers.TestInvoker.invokeTestMethod(TestInvoker.java:230)
	at org.testng.internal.invokers.MethodRunner.runInSequence(MethodRunner.java:63)
	at org.testng.internal.invokers.TestInvoker$MethodInvocationAgent.invoke(TestInvoker.java:992)
	at org.testng.internal.invokers.TestInvoker.invokeTestMethods(TestInvoker.java:203)
	at org.testng.internal.invokers.TestMethodWorker.invokeTestMethods(TestMethodWorker.java:154)
	at org.testng.internal.invokers.TestMethodWorker.run(TestMethodWorker.java:134)
	at java.base/java.util.ArrayList.forEach(ArrayList.java:1596)
	at org.testng.TestRunner.privateRun(TestRunner.java:739)
	at org.testng.TestRunner.run(TestRunner.java:614)
	at org.testng.SuiteRunner.runTest(SuiteRunner.java:421)
	at org.testng.SuiteRunner.runSequentially(SuiteRunner.java:413)
	at org.testng.SuiteRunner.privateRun(SuiteRunner.java:373)
	at org.testng.SuiteRunner.run(SuiteRunner.java:312)
	at org.testng.SuiteRunnerWorker.runSuite(SuiteRunnerWorker.java:52)
	at org.testng.SuiteRunnerWorker.run(SuiteRunnerWorker.java:95)
	at org.testng.TestNG.runSuitesSequentially(TestNG.java:1274)
	at org.testng.TestNG.runSuitesLocally(TestNG.java:1208)
	at org.testng.TestNG.runSuites(TestNG.java:1112)
	at org.testng.TestNG.run(TestNG.java:1079)
	at org.apache.maven.surefire.testng.TestNGExecutor.run(TestNGExecutor.java:308)
	at org.apache.maven.surefire.testng.TestNGXmlTestSuite.execute(TestNGXmlTestSuite.java:71)
	at org.apache.maven.surefire.testng.TestNGProvider.invoke(TestNGProvider.java:113)
	at org.apache.maven.surefire.booter.ForkedBooter.runSuitesInProcess(ForkedBooter.java:385)
	at org.apache.maven.surefire.booter.ForkedBooter.execute(ForkedBooter.java:162)
	at org.apache.maven.surefire.booter.ForkedBooter.run(ForkedBooter.java:507)
	at org.apache.maven.surefire.booter.ForkedBooter.main(ForkedBooter.java:495)

tests.AlertTest.ClickOnalertsandwindow -- Time elapsed: 10.32 s <<< FAILURE!
org.openqa.selenium.NoSuchWindowException: 
no such window: target window already closed
from unknown error: web view not found
  (Session info: chrome=140.0.7339.80)
Build info: version: '4.34.0', revision: '707dcb4246*'
System info: os.name: 'Windows 11', os.arch: 'amd64', os.version: '10.0', java.version: '21.0.7'
Driver info: org.openqa.selenium.chrome.ChromeDriver
Command: [1d321ec6c3763d152b7c812d810f30de, findElement {value=//button[@data-target='#alerts'], using=xpath}]
Capabilities {acceptInsecureCerts: false, browserName: chrome, browserVersion: 140.0.7339.80, chrome: {chromedriverVersion: 140.0.7339.80 (670b6f192f46..., userDataDir: C:\Users\KIIT\AppData\Local...}, fedcm:accounts: true, goog:chromeOptions: {debuggerAddress: localhost:56177}, networkConnectionEnabled: false, pageLoadStrategy: normal, platformName: windows, proxy: Proxy(), se:cdp: ws://localhost:56177/devtoo..., se:cdpVersion: 140.0.7339.80, setWindowRect: true, strictFileInteractability: false, timeouts: {implicit: 0, pageLoad: 300000, script: 30000}, unhandledPromptBehavior: dismiss and notify, webauthn:extension:credBlob: true, webauthn:extension:largeBlob: true, webauthn:extension:minPinLength: true, webauthn:extension:prf: true, webauthn:virtualAuthenticators: true}
Session ID: 1d321ec6c3763d152b7c812d810f30de
	at java.base/jdk.internal.reflect.DirectConstructorHandleAccessor.newInstance(DirectConstructorHandleAccessor.java:62)
	at java.base/java.lang.reflect.Constructor.newInstanceWithCaller(Constructor.java:502)
	at java.base/java.lang.reflect.Constructor.newInstance(Constructor.java:486)
	at org.openqa.selenium.remote.ErrorCodec.decode(ErrorCodec.java:167)
	at org.openqa.selenium.remote.codec.w3c.W3CHttpResponseCodec.decode(W3CHttpResponseCodec.java:138)
	at org.openqa.selenium.remote.codec.w3c.W3CHttpResponseCodec.decode(W3CHttpResponseCodec.java:50)
	at org.openqa.selenium.remote.HttpCommandExecutor.execute(HttpCommandExecutor.java:215)
	at org.openqa.selenium.remote.service.DriverCommandExecutor.invokeExecute(DriverCommandExecutor.java:216)
	at org.openqa.selenium.remote.service.DriverCommandExecutor.execute(DriverCommandExecutor.java:174)
	at org.openqa.selenium.remote.RemoteWebDriver.execute(RemoteWebDriver.java:544)
	at org.openqa.selenium.remote.ElementLocation$ElementFinder$2.findElement(ElementLocation.java:165)
	at org.openqa.selenium.remote.ElementLocation.findElement(ElementLocation.java:59)
	at org.openqa.selenium.remote.RemoteWebDriver.findElement(RemoteWebDriver.java:367)
	at org.openqa.selenium.remote.RemoteWebDriver.findElement(RemoteWebDriver.java:361)
	at org.openqa.selenium.support.pagefactory.DefaultElementLocator.findElement(DefaultElementLocator.java:68)
	at org.openqa.selenium.support.pagefactory.internal.LocatingElementHandler.invoke(LocatingElementHandler.java:38)
	at jdk.proxy2/jdk.proxy2.$Proxy12.toString(Unknown Source)
	at java.base/java.lang.String.valueOf(String.java:4465)
	at org.openqa.selenium.support.ui.ExpectedConditions$23.toString(ExpectedConditions.java:669)
	at java.base/java.lang.String.valueOf(String.java:4465)
	at org.openqa.selenium.support.ui.FluentWait.until(FluentWait.java:225)
	at baselibrary.BaseLibrary.waitandclick(BaseLibrary.java:75)
	at pages.Alerts.clickonalertsandwindow(Alerts.java:54)
	at tests.AlertTest.ClickOnalertsandwindow(AlertTest.java:36)
	at java.base/jdk.internal.reflect.DirectMethodHandleAccessor.invoke(DirectMethodHandleAccessor.java:103)
	at java.base/java.lang.reflect.Method.invoke(Method.java:580)
	at org.testng.internal.invokers.MethodInvocationHelper.invokeMethod(MethodInvocationHelper.java:141)
	at org.testng.internal.invokers.TestInvoker.invokeMethod(TestInvoker.java:686)
	at org.testng.internal.invokers.TestInvoker.invokeTestMethod(TestInvoker.java:230)
	at org.testng.internal.invokers.MethodRunner.runInSequence(MethodRunner.java:63)
	at org.testng.internal.invokers.TestInvoker$MethodInvocationAgent.invoke(TestInvoker.java:992)
	at org.testng.internal.invokers.TestInvoker.invokeTestMethods(TestInvoker.java:203)
	at org.testng.internal.invokers.TestMethodWorker.invokeTestMethods(TestMethodWorker.java:154)
	at org.testng.internal.invokers.TestMethodWorker.run(TestMethodWorker.java:134)
	at java.base/java.util.ArrayList.forEach(ArrayList.java:1596)
	at org.testng.TestRunner.privateRun(TestRunner.java:739)
	at org.testng.TestRunner.run(TestRunner.java:614)
	at org.testng.SuiteRunner.runTest(SuiteRunner.java:421)
	at org.testng.SuiteRunner.runSequentially(SuiteRunner.java:413)
	at org.testng.SuiteRunner.privateRun(SuiteRunner.java:373)
	at org.testng.SuiteRunner.run(SuiteRunner.java:312)
	at org.testng.SuiteRunnerWorker.runSuite(SuiteRunnerWorker.java:52)
	at org.testng.SuiteRunnerWorker.run(SuiteRunnerWorker.java:95)
	at org.testng.TestNG.runSuitesSequentially(TestNG.java:1274)
	at org.testng.TestNG.runSuitesLocally(TestNG.java:1208)
	at org.testng.TestNG.runSuites(TestNG.java:1112)
	at org.testng.TestNG.run(TestNG.java:1079)
	at org.apache.maven.surefire.testng.TestNGExecutor.run(TestNGExecutor.java:308)
	at org.apache.maven.surefire.testng.TestNGXmlTestSuite.execute(TestNGXmlTestSuite.java:71)
	at org.apache.maven.surefire.testng.TestNGProvider.invoke(TestNGProvider.java:113)
	at org.apache.maven.surefire.booter.ForkedBooter.runSuitesInProcess(ForkedBooter.java:385)
	at org.apache.maven.surefire.booter.ForkedBooter.execute(ForkedBooter.java:162)
	at org.apache.maven.surefire.booter.ForkedBooter.run(ForkedBooter.java:507)
	at org.apache.maven.surefire.booter.ForkedBooter.main(ForkedBooter.java:495)

tests.AlertTest.ClickOnalerts -- Time elapsed: 10.32 s <<< FAILURE!
org.openqa.selenium.NoSuchWindowException: 
no such window: target window already closed
from unknown error: web view not found
  (Session info: chrome=140.0.7339.80)
Build info: version: '4.34.0', revision: '707dcb4246*'
System info: os.name: 'Windows 11', os.arch: 'amd64', os.version: '10.0', java.version: '21.0.7'
Driver info: org.openqa.selenium.chrome.ChromeDriver
Command: [1d321ec6c3763d152b7c812d810f30de, findElement {value=//a[@href='#tab_12'], using=xpath}]
Capabilities {acceptInsecureCerts: false, browserName: chrome, browserVersion: 140.0.7339.80, chrome: {chromedriverVersion: 140.0.7339.80 (670b6f192f46..., userDataDir: C:\Users\KIIT\AppData\Local...}, fedcm:accounts: true, goog:chromeOptions: {debuggerAddress: localhost:56177}, networkConnectionEnabled: false, pageLoadStrategy: normal, platformName: windows, proxy: Proxy(), se:cdp: ws://localhost:56177/devtoo..., se:cdpVersion: 140.0.7339.80, setWindowRect: true, strictFileInteractability: false, timeouts: {implicit: 0, pageLoad: 300000, script: 30000}, unhandledPromptBehavior: dismiss and notify, webauthn:extension:credBlob: true, webauthn:extension:largeBlob: true, webauthn:extension:minPinLength: true, webauthn:extension:prf: true, webauthn:virtualAuthenticators: true}
Session ID: 1d321ec6c3763d152b7c812d810f30de
	at java.base/jdk.internal.reflect.DirectConstructorHandleAccessor.newInstance(DirectConstructorHandleAccessor.java:62)
	at java.base/java.lang.reflect.Constructor.newInstanceWithCaller(Constructor.java:502)
	at java.base/java.lang.reflect.Constructor.newInstance(Constructor.java:486)
	at org.openqa.selenium.remote.ErrorCodec.decode(ErrorCodec.java:167)
	at org.openqa.selenium.remote.codec.w3c.W3CHttpResponseCodec.decode(W3CHttpResponseCodec.java:138)
	at org.openqa.selenium.remote.codec.w3c.W3CHttpResponseCodec.decode(W3CHttpResponseCodec.java:50)
	at org.openqa.selenium.remote.HttpCommandExecutor.execute(HttpCommandExecutor.java:215)
	at org.openqa.selenium.remote.service.DriverCommandExecutor.invokeExecute(DriverCommandExecutor.java:216)
	at org.openqa.selenium.remote.service.DriverCommandExecutor.execute(DriverCommandExecutor.java:174)
	at org.openqa.selenium.remote.RemoteWebDriver.execute(RemoteWebDriver.java:544)
	at org.openqa.selenium.remote.ElementLocation$ElementFinder$2.findElement(ElementLocation.java:165)
	at org.openqa.selenium.remote.ElementLocation.findElement(ElementLocation.java:59)
	at org.openqa.selenium.remote.RemoteWebDriver.findElement(RemoteWebDriver.java:367)
	at org.openqa.selenium.remote.RemoteWebDriver.findElement(RemoteWebDriver.java:361)
	at org.openqa.selenium.support.pagefactory.DefaultElementLocator.findElement(DefaultElementLocator.java:68)
	at org.openqa.selenium.support.pagefactory.internal.LocatingElementHandler.invoke(LocatingElementHandler.java:38)
	at jdk.proxy2/jdk.proxy2.$Proxy12.toString(Unknown Source)
	at java.base/java.lang.String.valueOf(String.java:4465)
	at org.openqa.selenium.support.ui.ExpectedConditions$23.toString(ExpectedConditions.java:669)
	at java.base/java.lang.String.valueOf(String.java:4465)
	at org.openqa.selenium.support.ui.FluentWait.until(FluentWait.java:225)
	at baselibrary.BaseLibrary.waitandclick(BaseLibrary.java:75)
	at pages.Alerts.cliconalerts(Alerts.java:59)
	at tests.AlertTest.ClickOnalerts(AlertTest.java:41)
	at java.base/jdk.internal.reflect.DirectMethodHandleAccessor.invoke(DirectMethodHandleAccessor.java:103)
	at java.base/java.lang.reflect.Method.invoke(Method.java:580)
	at org.testng.internal.invokers.MethodInvocationHelper.invokeMethod(MethodInvocationHelper.java:141)
	at org.testng.internal.invokers.TestInvoker.invokeMethod(TestInvoker.java:686)
	at org.testng.internal.invokers.TestInvoker.invokeTestMethod(TestInvoker.java:230)
	at org.testng.internal.invokers.MethodRunner.runInSequence(MethodRunner.java:63)
	at org.testng.internal.invokers.TestInvoker$MethodInvocationAgent.invoke(TestInvoker.java:992)
	at org.testng.internal.invokers.TestInvoker.invokeTestMethods(TestInvoker.java:203)
	at org.testng.internal.invokers.TestMethodWorker.invokeTestMethods(TestMethodWorker.java:154)
	at org.testng.internal.invokers.TestMethodWorker.run(TestMethodWorker.java:134)
	at java.base/java.util.ArrayList.forEach(ArrayList.java:1596)
	at org.testng.TestRunner.privateRun(TestRunner.java:739)
	at org.testng.TestRunner.run(TestRunner.java:614)
	at org.testng.SuiteRunner.runTest(SuiteRunner.java:421)
	at org.testng.SuiteRunner.runSequentially(SuiteRunner.java:413)
	at org.testng.SuiteRunner.privateRun(SuiteRunner.java:373)
	at org.testng.SuiteRunner.run(SuiteRunner.java:312)
	at org.testng.SuiteRunnerWorker.runSuite(SuiteRunnerWorker.java:52)
	at org.testng.SuiteRunnerWorker.run(SuiteRunnerWorker.java:95)
	at org.testng.TestNG.runSuitesSequentially(TestNG.java:1274)
	at org.testng.TestNG.runSuitesLocally(TestNG.java:1208)
	at org.testng.TestNG.runSuites(TestNG.java:1112)
	at org.testng.TestNG.run(TestNG.java:1079)
	at org.apache.maven.surefire.testng.TestNGExecutor.run(TestNGExecutor.java:308)
	at org.apache.maven.surefire.testng.TestNGXmlTestSuite.execute(TestNGXmlTestSuite.java:71)
	at org.apache.maven.surefire.testng.TestNGProvider.invoke(TestNGProvider.java:113)
	at org.apache.maven.surefire.booter.ForkedBooter.runSuitesInProcess(ForkedBooter.java:385)
	at org.apache.maven.surefire.booter.ForkedBooter.execute(ForkedBooter.java:162)
	at org.apache.maven.surefire.booter.ForkedBooter.run(ForkedBooter.java:507)
	at org.apache.maven.surefire.booter.ForkedBooter.main(ForkedBooter.java:495)

tests.AlertTest.ClickOnSeeAlerts -- Time elapsed: 0.008 s <<< FAILURE!
org.openqa.selenium.NoSuchWindowException: 
no such window: target window already closed
from unknown error: web view not found
  (Session info: chrome=140.0.7339.80)
Build info: version: '4.34.0', revision: '707dcb4246*'
System info: os.name: 'Windows 11', os.arch: 'amd64', os.version: '10.0', java.version: '21.0.7'
Driver info: org.openqa.selenium.chrome.ChromeDriver
Command: [1d321ec6c3763d152b7c812d810f30de, findElement {value=//button[@onclick='myalert()'], using=xpath}]
Capabilities {acceptInsecureCerts: false, browserName: chrome, browserVersion: 140.0.7339.80, chrome: {chromedriverVersion: 140.0.7339.80 (670b6f192f46..., userDataDir: C:\Users\KIIT\AppData\Local...}, fedcm:accounts: true, goog:chromeOptions: {debuggerAddress: localhost:56177}, networkConnectionEnabled: false, pageLoadStrategy: normal, platformName: windows, proxy: Proxy(), se:cdp: ws://localhost:56177/devtoo..., se:cdpVersion: 140.0.7339.80, setWindowRect: true, strictFileInteractability: false, timeouts: {implicit: 0, pageLoad: 300000, script: 30000}, unhandledPromptBehavior: dismiss and notify, webauthn:extension:credBlob: true, webauthn:extension:largeBlob: true, webauthn:extension:minPinLength: true, webauthn:extension:prf: true, webauthn:virtualAuthenticators: true}
Session ID: 1d321ec6c3763d152b7c812d810f30de
	at java.base/jdk.internal.reflect.DirectConstructorHandleAccessor.newInstance(DirectConstructorHandleAccessor.java:62)
	at java.base/java.lang.reflect.Constructor.newInstanceWithCaller(Constructor.java:502)
	at java.base/java.lang.reflect.Constructor.newInstance(Constructor.java:486)
	at org.openqa.selenium.remote.ErrorCodec.decode(ErrorCodec.java:167)
	at org.openqa.selenium.remote.codec.w3c.W3CHttpResponseCodec.decode(W3CHttpResponseCodec.java:138)
	at org.openqa.selenium.remote.codec.w3c.W3CHttpResponseCodec.decode(W3CHttpResponseCodec.java:50)
	at org.openqa.selenium.remote.HttpCommandExecutor.execute(HttpCommandExecutor.java:215)
	at org.openqa.selenium.remote.service.DriverCommandExecutor.invokeExecute(DriverCommandExecutor.java:216)
	at org.openqa.selenium.remote.service.DriverCommandExecutor.execute(DriverCommandExecutor.java:174)
	at org.openqa.selenium.remote.RemoteWebDriver.execute(RemoteWebDriver.java:544)
	at org.openqa.selenium.remote.ElementLocation$ElementFinder$2.findElement(ElementLocation.java:165)
	at org.openqa.selenium.remote.ElementLocation.findElement(ElementLocation.java:59)
	at org.openqa.selenium.remote.RemoteWebDriver.findElement(RemoteWebDriver.java:367)
	at org.openqa.selenium.remote.RemoteWebDriver.findElement(RemoteWebDriver.java:361)
	at org.openqa.selenium.support.pagefactory.DefaultElementLocator.findElement(DefaultElementLocator.java:68)
	at org.openqa.selenium.support.pagefactory.internal.LocatingElementHandler.invoke(LocatingElementHandler.java:38)
	at jdk.proxy2/jdk.proxy2.$Proxy12.click(Unknown Source)
	at pages.Alerts.cliconseealerts(Alerts.java:64)
	at tests.AlertTest.ClickOnSeeAlerts(AlertTest.java:47)
	at java.base/jdk.internal.reflect.DirectMethodHandleAccessor.invoke(DirectMethodHandleAccessor.java:103)
	at java.base/java.lang.reflect.Method.invoke(Method.java:580)
	at org.testng.internal.invokers.MethodInvocationHelper.invokeMethod(MethodInvocationHelper.java:141)
	at org.testng.internal.invokers.TestInvoker.invokeMethod(TestInvoker.java:686)
	at org.testng.internal.invokers.TestInvoker.invokeTestMethod(TestInvoker.java:230)
	at org.testng.internal.invokers.MethodRunner.runInSequence(MethodRunner.java:63)
	at org.testng.internal.invokers.TestInvoker$MethodInvocationAgent.invoke(TestInvoker.java:992)
	at org.testng.internal.invokers.TestInvoker.invokeTestMethods(TestInvoker.java:203)
	at org.testng.internal.invokers.TestMethodWorker.invokeTestMethods(TestMethodWorker.java:154)
	at org.testng.internal.invokers.TestMethodWorker.run(TestMethodWorker.java:134)
	at java.base/java.util.ArrayList.forEach(ArrayList.java:1596)
	at org.testng.TestRunner.privateRun(TestRunner.java:739)
	at org.testng.TestRunner.run(TestRunner.java:614)
	at org.testng.SuiteRunner.runTest(SuiteRunner.java:421)
	at org.testng.SuiteRunner.runSequentially(SuiteRunner.java:413)
	at org.testng.SuiteRunner.privateRun(SuiteRunner.java:373)
	at org.testng.SuiteRunner.run(SuiteRunner.java:312)
	at org.testng.SuiteRunnerWorker.runSuite(SuiteRunnerWorker.java:52)
	at org.testng.SuiteRunnerWorker.run(SuiteRunnerWorker.java:95)
	at org.testng.TestNG.runSuitesSequentially(TestNG.java:1274)
	at org.testng.TestNG.runSuitesLocally(TestNG.java:1208)
	at org.testng.TestNG.runSuites(TestNG.java:1112)
	at org.testng.TestNG.run(TestNG.java:1079)
	at org.apache.maven.surefire.testng.TestNGExecutor.run(TestNGExecutor.java:308)
	at org.apache.maven.surefire.testng.TestNGXmlTestSuite.execute(TestNGXmlTestSuite.java:71)
	at org.apache.maven.surefire.testng.TestNGProvider.invoke(TestNGProvider.java:113)
	at org.apache.maven.surefire.booter.ForkedBooter.runSuitesInProcess(ForkedBooter.java:385)
	at org.apache.maven.surefire.booter.ForkedBooter.execute(ForkedBooter.java:162)
	at org.apache.maven.surefire.booter.ForkedBooter.run(ForkedBooter.java:507)
	at org.apache.maven.surefire.booter.ForkedBooter.main(ForkedBooter.java:495)

tests.AlertTest.ClickOnwaitfor5alert -- Time elapsed: 10.30 s <<< FAILURE!
org.openqa.selenium.NoSuchWindowException: 
no such window: target window already closed
from unknown error: web view not found
  (Session info: chrome=140.0.7339.80)
Build info: version: '4.34.0', revision: '707dcb4246*'
System info: os.name: 'Windows 11', os.arch: 'amd64', os.version: '10.0', java.version: '21.0.7'
Driver info: org.openqa.selenium.chrome.ChromeDriver
Command: [1d321ec6c3763d152b7c812d810f30de, findElement {value=//button[@onclick="aftersec5()"], using=xpath}]
Capabilities {acceptInsecureCerts: false, browserName: chrome, browserVersion: 140.0.7339.80, chrome: {chromedriverVersion: 140.0.7339.80 (670b6f192f46..., userDataDir: C:\Users\KIIT\AppData\Local...}, fedcm:accounts: true, goog:chromeOptions: {debuggerAddress: localhost:56177}, networkConnectionEnabled: false, pageLoadStrategy: normal, platformName: windows, proxy: Proxy(), se:cdp: ws://localhost:56177/devtoo..., se:cdpVersion: 140.0.7339.80, setWindowRect: true, strictFileInteractability: false, timeouts: {implicit: 0, pageLoad: 300000, script: 30000}, unhandledPromptBehavior: dismiss and notify, webauthn:extension:credBlob: true, webauthn:extension:largeBlob: true, webauthn:extension:minPinLength: true, webauthn:extension:prf: true, webauthn:virtualAuthenticators: true}
Session ID: 1d321ec6c3763d152b7c812d810f30de
	at java.base/jdk.internal.reflect.DirectConstructorHandleAccessor.newInstance(DirectConstructorHandleAccessor.java:62)
	at java.base/java.lang.reflect.Constructor.newInstanceWithCaller(Constructor.java:502)
	at java.base/java.lang.reflect.Constructor.newInstance(Constructor.java:486)
	at org.openqa.selenium.remote.ErrorCodec.decode(ErrorCodec.java:167)
	at org.openqa.selenium.remote.codec.w3c.W3CHttpResponseCodec.decode(W3CHttpResponseCodec.java:138)
	at org.openqa.selenium.remote.codec.w3c.W3CHttpResponseCodec.decode(W3CHttpResponseCodec.java:50)
	at org.openqa.selenium.remote.HttpCommandExecutor.execute(HttpCommandExecutor.java:215)
	at org.openqa.selenium.remote.service.DriverCommandExecutor.invokeExecute(DriverCommandExecutor.java:216)
	at org.openqa.selenium.remote.service.DriverCommandExecutor.execute(DriverCommandExecutor.java:174)
	at org.openqa.selenium.remote.RemoteWebDriver.execute(RemoteWebDriver.java:544)
	at org.openqa.selenium.remote.ElementLocation$ElementFinder$2.findElement(ElementLocation.java:165)
	at org.openqa.selenium.remote.ElementLocation.findElement(ElementLocation.java:59)
	at org.openqa.selenium.remote.RemoteWebDriver.findElement(RemoteWebDriver.java:367)
	at org.openqa.selenium.remote.RemoteWebDriver.findElement(RemoteWebDriver.java:361)
	at org.openqa.selenium.support.pagefactory.DefaultElementLocator.findElement(DefaultElementLocator.java:68)
	at org.openqa.selenium.support.pagefactory.internal.LocatingElementHandler.invoke(LocatingElementHandler.java:38)
	at jdk.proxy2/jdk.proxy2.$Proxy12.toString(Unknown Source)
	at java.base/java.lang.String.valueOf(String.java:4465)
	at org.openqa.selenium.support.ui.ExpectedConditions$23.toString(ExpectedConditions.java:669)
	at java.base/java.lang.String.valueOf(String.java:4465)
	at org.openqa.selenium.support.ui.FluentWait.until(FluentWait.java:225)
	at baselibrary.BaseLibrary.waitandclick(BaseLibrary.java:75)
	at pages.Alerts.cliconwaitfor5alert(Alerts.java:71)
	at tests.AlertTest.ClickOnwaitfor5alert(AlertTest.java:52)
	at java.base/jdk.internal.reflect.DirectMethodHandleAccessor.invoke(DirectMethodHandleAccessor.java:103)
	at java.base/java.lang.reflect.Method.invoke(Method.java:580)
	at org.testng.internal.invokers.MethodInvocationHelper.invokeMethod(MethodInvocationHelper.java:141)
	at org.testng.internal.invokers.TestInvoker.invokeMethod(TestInvoker.java:686)
	at org.testng.internal.invokers.TestInvoker.invokeTestMethod(TestInvoker.java:230)
	at org.testng.internal.invokers.MethodRunner.runInSequence(MethodRunner.java:63)
	at org.testng.internal.invokers.TestInvoker$MethodInvocationAgent.invoke(TestInvoker.java:992)
	at org.testng.internal.invokers.TestInvoker.invokeTestMethods(TestInvoker.java:203)
	at org.testng.internal.invokers.TestMethodWorker.invokeTestMethods(TestMethodWorker.java:154)
	at org.testng.internal.invokers.TestMethodWorker.run(TestMethodWorker.java:134)
	at java.base/java.util.ArrayList.forEach(ArrayList.java:1596)
	at org.testng.TestRunner.privateRun(TestRunner.java:739)
	at org.testng.TestRunner.run(TestRunner.java:614)
	at org.testng.SuiteRunner.runTest(SuiteRunner.java:421)
	at org.testng.SuiteRunner.runSequentially(SuiteRunner.java:413)
	at org.testng.SuiteRunner.privateRun(SuiteRunner.java:373)
	at org.testng.SuiteRunner.run(SuiteRunner.java:312)
	at org.testng.SuiteRunnerWorker.runSuite(SuiteRunnerWorker.java:52)
	at org.testng.SuiteRunnerWorker.run(SuiteRunnerWorker.java:95)
	at org.testng.TestNG.runSuitesSequentially(TestNG.java:1274)
	at org.testng.TestNG.runSuitesLocally(TestNG.java:1208)
	at org.testng.TestNG.runSuites(TestNG.java:1112)
	at org.testng.TestNG.run(TestNG.java:1079)
	at org.apache.maven.surefire.testng.TestNGExecutor.run(TestNGExecutor.java:308)
	at org.apache.maven.surefire.testng.TestNGXmlTestSuite.execute(TestNGXmlTestSuite.java:71)
	at org.apache.maven.surefire.testng.TestNGProvider.invoke(TestNGProvider.java:113)
	at org.apache.maven.surefire.booter.ForkedBooter.runSuitesInProcess(ForkedBooter.java:385)
	at org.apache.maven.surefire.booter.ForkedBooter.execute(ForkedBooter.java:162)
	at org.apache.maven.surefire.booter.ForkedBooter.run(ForkedBooter.java:507)
	at org.apache.maven.surefire.booter.ForkedBooter.main(ForkedBooter.java:495)

tests.AlertTest.ClickOnConfirmAlert -- Time elapsed: 10.28 s <<< FAILURE!
org.openqa.selenium.NoSuchWindowException: 
no such window: target window already closed
from unknown error: web view not found
  (Session info: chrome=140.0.7339.80)
Build info: version: '4.34.0', revision: '707dcb4246*'
System info: os.name: 'Windows 11', os.arch: 'amd64', os.version: '10.0', java.version: '21.0.7'
Driver info: org.openqa.selenium.chrome.ChromeDriver
Command: [1d321ec6c3763d152b7c812d810f30de, findElement {value=//button[@onclick='myconfirm()'], using=xpath}]
Capabilities {acceptInsecureCerts: false, browserName: chrome, browserVersion: 140.0.7339.80, chrome: {chromedriverVersion: 140.0.7339.80 (670b6f192f46..., userDataDir: C:\Users\KIIT\AppData\Local...}, fedcm:accounts: true, goog:chromeOptions: {debuggerAddress: localhost:56177}, networkConnectionEnabled: false, pageLoadStrategy: normal, platformName: windows, proxy: Proxy(), se:cdp: ws://localhost:56177/devtoo..., se:cdpVersion: 140.0.7339.80, setWindowRect: true, strictFileInteractability: false, timeouts: {implicit: 0, pageLoad: 300000, script: 30000}, unhandledPromptBehavior: dismiss and notify, webauthn:extension:credBlob: true, webauthn:extension:largeBlob: true, webauthn:extension:minPinLength: true, webauthn:extension:prf: true, webauthn:virtualAuthenticators: true}
Session ID: 1d321ec6c3763d152b7c812d810f30de
	at java.base/jdk.internal.reflect.DirectConstructorHandleAccessor.newInstance(DirectConstructorHandleAccessor.java:62)
	at java.base/java.lang.reflect.Constructor.newInstanceWithCaller(Constructor.java:502)
	at java.base/java.lang.reflect.Constructor.newInstance(Constructor.java:486)
	at org.openqa.selenium.remote.ErrorCodec.decode(ErrorCodec.java:167)
	at org.openqa.selenium.remote.codec.w3c.W3CHttpResponseCodec.decode(W3CHttpResponseCodec.java:138)
	at org.openqa.selenium.remote.codec.w3c.W3CHttpResponseCodec.decode(W3CHttpResponseCodec.java:50)
	at org.openqa.selenium.remote.HttpCommandExecutor.execute(HttpCommandExecutor.java:215)
	at org.openqa.selenium.remote.service.DriverCommandExecutor.invokeExecute(DriverCommandExecutor.java:216)
	at org.openqa.selenium.remote.service.DriverCommandExecutor.execute(DriverCommandExecutor.java:174)
	at org.openqa.selenium.remote.RemoteWebDriver.execute(RemoteWebDriver.java:544)
	at org.openqa.selenium.remote.ElementLocation$ElementFinder$2.findElement(ElementLocation.java:165)
	at org.openqa.selenium.remote.ElementLocation.findElement(ElementLocation.java:59)
	at org.openqa.selenium.remote.RemoteWebDriver.findElement(RemoteWebDriver.java:367)
	at org.openqa.selenium.remote.RemoteWebDriver.findElement(RemoteWebDriver.java:361)
	at org.openqa.selenium.support.pagefactory.DefaultElementLocator.findElement(DefaultElementLocator.java:68)
	at org.openqa.selenium.support.pagefactory.internal.LocatingElementHandler.invoke(LocatingElementHandler.java:38)
	at jdk.proxy2/jdk.proxy2.$Proxy12.toString(Unknown Source)
	at java.base/java.lang.String.valueOf(String.java:4465)
	at org.openqa.selenium.support.ui.ExpectedConditions$23.toString(ExpectedConditions.java:669)
	at java.base/java.lang.String.valueOf(String.java:4465)
	at org.openqa.selenium.support.ui.FluentWait.until(FluentWait.java:225)
	at baselibrary.BaseLibrary.waitandclick(BaseLibrary.java:75)
	at pages.Alerts.cliconconfirmalert(Alerts.java:78)
	at tests.AlertTest.ClickOnConfirmAlert(AlertTest.java:57)
	at java.base/jdk.internal.reflect.DirectMethodHandleAccessor.invoke(DirectMethodHandleAccessor.java:103)
	at java.base/java.lang.reflect.Method.invoke(Method.java:580)
	at org.testng.internal.invokers.MethodInvocationHelper.invokeMethod(MethodInvocationHelper.java:141)
	at org.testng.internal.invokers.TestInvoker.invokeMethod(TestInvoker.java:686)
	at org.testng.internal.invokers.TestInvoker.invokeTestMethod(TestInvoker.java:230)
	at org.testng.internal.invokers.MethodRunner.runInSequence(MethodRunner.java:63)
	at org.testng.internal.invokers.TestInvoker$MethodInvocationAgent.invoke(TestInvoker.java:992)
	at org.testng.internal.invokers.TestInvoker.invokeTestMethods(TestInvoker.java:203)
	at org.testng.internal.invokers.TestMethodWorker.invokeTestMethods(TestMethodWorker.java:154)
	at org.testng.internal.invokers.TestMethodWorker.run(TestMethodWorker.java:134)
	at java.base/java.util.ArrayList.forEach(ArrayList.java:1596)
	at org.testng.TestRunner.privateRun(TestRunner.java:739)
	at org.testng.TestRunner.run(TestRunner.java:614)
	at org.testng.SuiteRunner.runTest(SuiteRunner.java:421)
	at org.testng.SuiteRunner.runSequentially(SuiteRunner.java:413)
	at org.testng.SuiteRunner.privateRun(SuiteRunner.java:373)
	at org.testng.SuiteRunner.run(SuiteRunner.java:312)
	at org.testng.SuiteRunnerWorker.runSuite(SuiteRunnerWorker.java:52)
	at org.testng.SuiteRunnerWorker.run(SuiteRunnerWorker.java:95)
	at org.testng.TestNG.runSuitesSequentially(TestNG.java:1274)
	at org.testng.TestNG.runSuitesLocally(TestNG.java:1208)
	at org.testng.TestNG.runSuites(TestNG.java:1112)
	at org.testng.TestNG.run(TestNG.java:1079)
	at org.apache.maven.surefire.testng.TestNGExecutor.run(TestNGExecutor.java:308)
	at org.apache.maven.surefire.testng.TestNGXmlTestSuite.execute(TestNGXmlTestSuite.java:71)
	at org.apache.maven.surefire.testng.TestNGProvider.invoke(TestNGProvider.java:113)
	at org.apache.maven.surefire.booter.ForkedBooter.runSuitesInProcess(ForkedBooter.java:385)
	at org.apache.maven.surefire.booter.ForkedBooter.execute(ForkedBooter.java:162)
	at org.apache.maven.surefire.booter.ForkedBooter.run(ForkedBooter.java:507)
	at org.apache.maven.surefire.booter.ForkedBooter.main(ForkedBooter.java:495)

tests.AlertTest.ClickOnPromptBox -- Time elapsed: 10.25 s <<< FAILURE!
org.openqa.selenium.NoSuchWindowException: 
no such window: target window already closed
from unknown error: web view not found
  (Session info: chrome=140.0.7339.80)
Build info: version: '4.34.0', revision: '707dcb4246*'
System info: os.name: 'Windows 11', os.arch: 'amd64', os.version: '10.0', java.version: '21.0.7'
Driver info: org.openqa.selenium.chrome.ChromeDriver
Command: [1d321ec6c3763d152b7c812d810f30de, findElement {value=//button[@onclick='myprompt()'], using=xpath}]
Capabilities {acceptInsecureCerts: false, browserName: chrome, browserVersion: 140.0.7339.80, chrome: {chromedriverVersion: 140.0.7339.80 (670b6f192f46..., userDataDir: C:\Users\KIIT\AppData\Local...}, fedcm:accounts: true, goog:chromeOptions: {debuggerAddress: localhost:56177}, networkConnectionEnabled: false, pageLoadStrategy: normal, platformName: windows, proxy: Proxy(), se:cdp: ws://localhost:56177/devtoo..., se:cdpVersion: 140.0.7339.80, setWindowRect: true, strictFileInteractability: false, timeouts: {implicit: 0, pageLoad: 300000, script: 30000}, unhandledPromptBehavior: dismiss and notify, webauthn:extension:credBlob: true, webauthn:extension:largeBlob: true, webauthn:extension:minPinLength: true, webauthn:extension:prf: true, webauthn:virtualAuthenticators: true}
Session ID: 1d321ec6c3763d152b7c812d810f30de
	at java.base/jdk.internal.reflect.DirectConstructorHandleAccessor.newInstance(DirectConstructorHandleAccessor.java:62)
	at java.base/java.lang.reflect.Constructor.newInstanceWithCaller(Constructor.java:502)
	at java.base/java.lang.reflect.Constructor.newInstance(Constructor.java:486)
	at org.openqa.selenium.remote.ErrorCodec.decode(ErrorCodec.java:167)
	at org.openqa.selenium.remote.codec.w3c.W3CHttpResponseCodec.decode(W3CHttpResponseCodec.java:138)
	at org.openqa.selenium.remote.codec.w3c.W3CHttpResponseCodec.decode(W3CHttpResponseCodec.java:50)
	at org.openqa.selenium.remote.HttpCommandExecutor.execute(HttpCommandExecutor.java:215)
	at org.openqa.selenium.remote.service.DriverCommandExecutor.invokeExecute(DriverCommandExecutor.java:216)
	at org.openqa.selenium.remote.service.DriverCommandExecutor.execute(DriverCommandExecutor.java:174)
	at org.openqa.selenium.remote.RemoteWebDriver.execute(RemoteWebDriver.java:544)
	at org.openqa.selenium.remote.ElementLocation$ElementFinder$2.findElement(ElementLocation.java:165)
	at org.openqa.selenium.remote.ElementLocation.findElement(ElementLocation.java:59)
	at org.openqa.selenium.remote.RemoteWebDriver.findElement(RemoteWebDriver.java:367)
	at org.openqa.selenium.remote.RemoteWebDriver.findElement(RemoteWebDriver.java:361)
	at org.openqa.selenium.support.pagefactory.DefaultElementLocator.findElement(DefaultElementLocator.java:68)
	at org.openqa.selenium.support.pagefactory.internal.LocatingElementHandler.invoke(LocatingElementHandler.java:38)
	at jdk.proxy2/jdk.proxy2.$Proxy12.toString(Unknown Source)
	at java.base/java.lang.String.valueOf(String.java:4465)
	at org.openqa.selenium.support.ui.ExpectedConditions$23.toString(ExpectedConditions.java:669)
	at java.base/java.lang.String.valueOf(String.java:4465)
	at org.openqa.selenium.support.ui.FluentWait.until(FluentWait.java:225)
	at baselibrary.BaseLibrary.waitandclick(BaseLibrary.java:75)
	at pages.Alerts.cliconconpromptbox(Alerts.java:85)
	at tests.AlertTest.ClickOnPromptBox(AlertTest.java:62)
	at java.base/jdk.internal.reflect.DirectMethodHandleAccessor.invoke(DirectMethodHandleAccessor.java:103)
	at java.base/java.lang.reflect.Method.invoke(Method.java:580)
	at org.testng.internal.invokers.MethodInvocationHelper.invokeMethod(MethodInvocationHelper.java:141)
	at org.testng.internal.invokers.TestInvoker.invokeMethod(TestInvoker.java:686)
	at org.testng.internal.invokers.TestInvoker.invokeTestMethod(TestInvoker.java:230)
	at org.testng.internal.invokers.MethodRunner.runInSequence(MethodRunner.java:63)
	at org.testng.internal.invokers.TestInvoker$MethodInvocationAgent.invoke(TestInvoker.java:992)
	at org.testng.internal.invokers.TestInvoker.invokeTestMethods(TestInvoker.java:203)
	at org.testng.internal.invokers.TestMethodWorker.invokeTestMethods(TestMethodWorker.java:154)
	at org.testng.internal.invokers.TestMethodWorker.run(TestMethodWorker.java:134)
	at java.base/java.util.ArrayList.forEach(ArrayList.java:1596)
	at org.testng.TestRunner.privateRun(TestRunner.java:739)
	at org.testng.TestRunner.run(TestRunner.java:614)
	at org.testng.SuiteRunner.runTest(SuiteRunner.java:421)
	at org.testng.SuiteRunner.runSequentially(SuiteRunner.java:413)
	at org.testng.SuiteRunner.privateRun(SuiteRunner.java:373)
	at org.testng.SuiteRunner.run(SuiteRunner.java:312)
	at org.testng.SuiteRunnerWorker.runSuite(SuiteRunnerWorker.java:52)
	at org.testng.SuiteRunnerWorker.run(SuiteRunnerWorker.java:95)
	at org.testng.TestNG.runSuitesSequentially(TestNG.java:1274)
	at org.testng.TestNG.runSuitesLocally(TestNG.java:1208)
	at org.testng.TestNG.runSuites(TestNG.java:1112)
	at org.testng.TestNG.run(TestNG.java:1079)
	at org.apache.maven.surefire.testng.TestNGExecutor.run(TestNGExecutor.java:308)
	at org.apache.maven.surefire.testng.TestNGXmlTestSuite.execute(TestNGXmlTestSuite.java:71)
	at org.apache.maven.surefire.testng.TestNGProvider.invoke(TestNGProvider.java:113)
	at org.apache.maven.surefire.booter.ForkedBooter.runSuitesInProcess(ForkedBooter.java:385)
	at org.apache.maven.surefire.booter.ForkedBooter.execute(ForkedBooter.java:162)
	at org.apache.maven.surefire.booter.ForkedBooter.run(ForkedBooter.java:507)
	at org.apache.maven.surefire.booter.ForkedBooter.main(ForkedBooter.java:495)

tests.AlertTest.CloseBrowser -- Time elapsed: 10.27 s <<< FAILURE!
java.lang.StackOverflowError
	at tests.AlertTest.CloseBrowser(AlertTest.java:67)
	at tests.AlertTest.CloseBrowser(AlertTest.java:67)
	at tests.AlertTest.CloseBrowser(AlertTest.java:67)
	at tests.AlertTest.CloseBrowser(AlertTest.java:67)
	at tests.AlertTest.CloseBrowser(AlertTest.java:67)
	at tests.AlertTest.CloseBrowser(AlertTest.java:67)
	at tests.AlertTest.CloseBrowser(AlertTest.java:67)
	at tests.AlertTest.CloseBrowser(AlertTest.java:67)
	at tests.AlertTest.CloseBrowser(AlertTest.java:67)
	at tests.AlertTest.CloseBrowser(AlertTest.java:67)
	at tests.AlertTest.CloseBrowser(AlertTest.java:67)
	at tests.AlertTest.CloseBrowser(AlertTest.java:67)
	at tests.AlertTest.CloseBrowser(AlertTest.java:67)
	at tests.AlertTest.CloseBrowser(AlertTest.java:67)
	at tests.AlertTest.CloseBrowser(AlertTest.java:67)
	at tests.AlertTest.CloseBrowser(AlertTest.java:67)
	at tests.AlertTest.CloseBrowser(AlertTest.java:67)
	at tests.AlertTest.CloseBrowser(AlertTest.java:67)
	at tests.AlertTest.CloseBrowser(AlertTest.java:67)
	at tests.AlertTest.CloseBrowser(AlertTest.java:67)
	at tests.AlertTest.CloseBrowser(AlertTest.java:67)
	at tests.AlertTest.CloseBrowser(AlertTest.java:67)
	at tests.AlertTest.CloseBrowser(AlertTest.java:67)
	at tests.AlertTest.CloseBrowser(AlertTest.java:67)
	at tests.AlertTest.CloseBrowser(AlertTest.java:67)
	at tests.AlertTest.CloseBrowser(AlertTest.java:67)
	at tests.AlertTest.CloseBrowser(AlertTest.java:67)
	at tests.AlertTest.CloseBrowser(AlertTest.java:67)
	at tests.AlertTest.CloseBrowser(AlertTest.java:67)
	at tests.AlertTest.CloseBrowser(AlertTest.java:67)
	at tests.AlertTest.CloseBrowser(AlertTest.java:67)
	at tests.AlertTest.CloseBrowser(AlertTest.java:67)
	at tests.AlertTest.CloseBrowser(AlertTest.java:67)
	at tests.AlertTest.CloseBrowser(AlertTest.java:67)
	at tests.AlertTest.CloseBrowser(AlertTest.java:67)
	at tests.AlertTest.CloseBrowser(AlertTest.java:67)
	at tests.AlertTest.CloseBrowser(AlertTest.java:67)
	at tests.AlertTest.CloseBrowser(AlertTest.java:67)
	at tests.AlertTest.CloseBrowser(AlertTest.java:67)
	at tests.AlertTest.CloseBrowser(AlertTest.java:67)
	at tests.AlertTest.CloseBrowser(AlertTest.java:67)
	at tests.AlertTest.CloseBrowser(AlertTest.java:67)
	at tests.AlertTest.CloseBrowser(AlertTest.java:67)
	at tests.AlertTest.CloseBrowser(AlertTest.java:67)
	at tests.AlertTest.CloseBrowser(AlertTest.java:67)
	at tests.AlertTest.CloseBrowser(AlertTest.java:67)
	at tests.AlertTest.CloseBrowser(AlertTest.java:67)
	at tests.AlertTest.CloseBrowser(AlertTest.java:67)
	at tests.AlertTest.CloseBrowser(AlertTest.java:67)
	at tests.AlertTest.CloseBrowser(AlertTest.java:67)
	at tests.AlertTest.CloseBrowser(AlertTest.java:67)
	at tests.AlertTest.CloseBrowser(AlertTest.java:67)
	at tests.AlertTest.CloseBrowser(AlertTest.java:67)
	at tests.AlertTest.CloseBrowser(AlertTest.java:67)
	at tests.AlertTest.CloseBrowser(AlertTest.java:67)
	at tests.AlertTest.CloseBrowser(AlertTest.java:67)
	at tests.AlertTest.CloseBrowser(AlertTest.java:67)
	at tests.AlertTest.CloseBrowser(AlertTest.java:67)
	at tests.AlertTest.CloseBrowser(AlertTest.java:67)
	at tests.AlertTest.CloseBrowser(AlertTest.java:67)
	at tests.AlertTest.CloseBrowser(AlertTest.java:67)
	at tests.AlertTest.CloseBrowser(AlertTest.java:67)
	at tests.AlertTest.CloseBrowser(AlertTest.java:67)
	at tests.AlertTest.CloseBrowser(AlertTest.java:67)
	at tests.AlertTest.CloseBrowser(AlertTest.java:67)
	at tests.AlertTest.CloseBrowser(AlertTest.java:67)
	at tests.AlertTest.CloseBrowser(AlertTest.java:67)
	at tests.AlertTest.CloseBrowser(AlertTest.java:67)
	at tests.AlertTest.CloseBrowser(AlertTest.java:67)
	at tests.AlertTest.CloseBrowser(AlertTest.java:67)
	at tests.AlertTest.CloseBrowser(AlertTest.java:67)
	at tests.AlertTest.CloseBrowser(AlertTest.java:67)
	at tests.AlertTest.CloseBrowser(AlertTest.java:67)
	at tests.AlertTest.CloseBrowser(AlertTest.java:67)
	at tests.AlertTest.CloseBrowser(AlertTest.java:67)
	at tests.AlertTest.CloseBrowser(AlertTest.java:67)
	at tests.AlertTest.CloseBrowser(AlertTest.java:67)
	at tests.AlertTest.CloseBrowser(AlertTest.java:67)
	at tests.AlertTest.CloseBrowser(AlertTest.java:67)
	at tests.AlertTest.CloseBrowser(AlertTest.java:67)
	at tests.AlertTest.CloseBrowser(AlertTest.java:67)
	at tests.AlertTest.CloseBrowser(AlertTest.java:67)
	at tests.AlertTest.CloseBrowser(AlertTest.java:67)
	at tests.AlertTest.CloseBrowser(AlertTest.java:67)
	at tests.AlertTest.CloseBrowser(AlertTest.java:67)
	at tests.AlertTest.CloseBrowser(AlertTest.java:67)
	at tests.AlertTest.CloseBrowser(AlertTest.java:67)
	at tests.AlertTest.CloseBrowser(AlertTest.java:67)
	at tests.AlertTest.CloseBrowser(AlertTest.java:67)
	at tests.AlertTest.CloseBrowser(AlertTest.java:67)
	at tests.AlertTest.CloseBrowser(AlertTest.java:67)
	at tests.AlertTest.CloseBrowser(AlertTest.java:67)
	at tests.AlertTest.CloseBrowser(AlertTest.java:67)
	at tests.AlertTest.CloseBrowser(AlertTest.java:67)
	at tests.AlertTest.CloseBrowser(AlertTest.java:67)
	at tests.AlertTest.CloseBrowser(AlertTest.java:67)
	at tests.AlertTest.CloseBrowser(AlertTest.java:67)
	at tests.AlertTest.CloseBrowser(AlertTest.java:67)
	at tests.AlertTest.CloseBrowser(AlertTest.java:67)
	at tests.AlertTest.CloseBrowser(AlertTest.java:67)
	at tests.AlertTest.CloseBrowser(AlertTest.java:67)
	at tests.AlertTest.CloseBrowser(AlertTest.java:67)
	at tests.AlertTest.CloseBrowser(AlertTest.java:67)
	at tests.AlertTest.CloseBrowser(AlertTest.java:67)
	at tests.AlertTest.CloseBrowser(AlertTest.java:67)
	at tests.AlertTest.CloseBrowser(AlertTest.java:67)
	at tests.AlertTest.CloseBrowser(AlertTest.java:67)
	at tests.AlertTest.CloseBrowser(AlertTest.java:67)
	at tests.AlertTest.CloseBrowser(AlertTest.java:67)
	at tests.AlertTest.CloseBrowser(AlertTest.java:67)
	at tests.AlertTest.CloseBrowser(AlertTest.java:67)
	at tests.AlertTest.CloseBrowser(AlertTest.java:67)
	at tests.AlertTest.CloseBrowser(AlertTest.java:67)
	at tests.AlertTest.CloseBrowser(AlertTest.java:67)
	at tests.AlertTest.CloseBrowser(AlertTest.java:67)
	at tests.AlertTest.CloseBrowser(AlertTest.java:67)
	at tests.AlertTest.CloseBrowser(AlertTest.java:67)
	at tests.AlertTest.CloseBrowser(AlertTest.java:67)
	at tests.AlertTest.CloseBrowser(AlertTest.java:67)
	at tests.AlertTest.CloseBrowser(AlertTest.java:67)
	at tests.AlertTest.CloseBrowser(AlertTest.java:67)
	at tests.AlertTest.CloseBrowser(AlertTest.java:67)
	at tests.AlertTest.CloseBrowser(AlertTest.java:67)
	at tests.AlertTest.CloseBrowser(AlertTest.java:67)
	at tests.AlertTest.CloseBrowser(AlertTest.java:67)
	at tests.AlertTest.CloseBrowser(AlertTest.java:67)
	at tests.AlertTest.CloseBrowser(AlertTest.java:67)
	at tests.AlertTest.CloseBrowser(AlertTest.java:67)
	at tests.AlertTest.CloseBrowser(AlertTest.java:67)
	at tests.AlertTest.CloseBrowser(AlertTest.java:67)
	at tests.AlertTest.CloseBrowser(AlertTest.java:67)
	at tests.AlertTest.CloseBrowser(AlertTest.java:67)
	at tests.AlertTest.CloseBrowser(AlertTest.java:67)
	at tests.AlertTest.CloseBrowser(AlertTest.java:67)
	at tests.AlertTest.CloseBrowser(AlertTest.java:67)
	at tests.AlertTest.CloseBrowser(AlertTest.java:67)
	at tests.AlertTest.CloseBrowser(AlertTest.java:67)
	at tests.AlertTest.CloseBrowser(AlertTest.java:67)
	at tests.AlertTest.CloseBrowser(AlertTest.java:67)
	at tests.AlertTest.CloseBrowser(AlertTest.java:67)
	at tests.AlertTest.CloseBrowser(AlertTest.java:67)
	at tests.AlertTest.CloseBrowser(AlertTest.java:67)
	at tests.AlertTest.CloseBrowser(AlertTest.java:67)
	at tests.AlertTest.CloseBrowser(AlertTest.java:67)
	at tests.AlertTest.CloseBrowser(AlertTest.java:67)
	at tests.AlertTest.CloseBrowser(AlertTest.java:67)
	at tests.AlertTest.CloseBrowser(AlertTest.java:67)
	at tests.AlertTest.CloseBrowser(AlertTest.java:67)
	at tests.AlertTest.CloseBrowser(AlertTest.java:67)
	at tests.AlertTest.CloseBrowser(AlertTest.java:67)
	at tests.AlertTest.CloseBrowser(AlertTest.java:67)
	at tests.AlertTest.CloseBrowser(AlertTest.java:67)
	at tests.AlertTest.CloseBrowser(AlertTest.java:67)
	at tests.AlertTest.CloseBrowser(AlertTest.java:67)
	at tests.AlertTest.CloseBrowser(AlertTest.java:67)
	at tests.AlertTest.CloseBrowser(AlertTest.java:67)
	at tests.AlertTest.CloseBrowser(AlertTest.java:67)
	at tests.AlertTest.CloseBrowser(AlertTest.java:67)
	at tests.AlertTest.CloseBrowser(AlertTest.java:67)
	at tests.AlertTest.CloseBrowser(AlertTest.java:67)
	at tests.AlertTest.CloseBrowser(AlertTest.java:67)
	at tests.AlertTest.CloseBrowser(AlertTest.java:67)
	at tests.AlertTest.CloseBrowser(AlertTest.java:67)
	at tests.AlertTest.CloseBrowser(AlertTest.java:67)
	at tests.AlertTest.CloseBrowser(AlertTest.java:67)
	at tests.AlertTest.CloseBrowser(AlertTest.java:67)
	at tests.AlertTest.CloseBrowser(AlertTest.java:67)
	at tests.AlertTest.CloseBrowser(AlertTest.java:67)
	at tests.AlertTest.CloseBrowser(AlertTest.java:67)
	at tests.AlertTest.CloseBrowser(AlertTest.java:67)
	at tests.AlertTest.CloseBrowser(AlertTest.java:67)
	at tests.AlertTest.CloseBrowser(AlertTest.java:67)
	at tests.AlertTest.CloseBrowser(AlertTest.java:67)
	at tests.AlertTest.CloseBrowser(AlertTest.java:67)
	at tests.AlertTest.CloseBrowser(AlertTest.java:67)
	at tests.AlertTest.CloseBrowser(AlertTest.java:67)
	at tests.AlertTest.CloseBrowser(AlertTest.java:67)
	at tests.AlertTest.CloseBrowser(AlertTest.java:67)
	at tests.AlertTest.CloseBrowser(AlertTest.java:67)
	at tests.AlertTest.CloseBrowser(AlertTest.java:67)
	at tests.AlertTest.CloseBrowser(AlertTest.java:67)
	at tests.AlertTest.CloseBrowser(AlertTest.java:67)
	at tests.AlertTest.CloseBrowser(AlertTest.java:67)
	at tests.AlertTest.CloseBrowser(AlertTest.java:67)
	at tests.AlertTest.CloseBrowser(AlertTest.java:67)
	at tests.AlertTest.CloseBrowser(AlertTest.java:67)
	at tests.AlertTest.CloseBrowser(AlertTest.java:67)
	at tests.AlertTest.CloseBrowser(AlertTest.java:67)
	at tests.AlertTest.CloseBrowser(AlertTest.java:67)
	at tests.AlertTest.CloseBrowser(AlertTest.java:67)
	at tests.AlertTest.CloseBrowser(AlertTest.java:67)
	at tests.AlertTest.CloseBrowser(AlertTest.java:67)
	at tests.AlertTest.CloseBrowser(AlertTest.java:67)
	at tests.AlertTest.CloseBrowser(AlertTest.java:67)
	at tests.AlertTest.CloseBrowser(AlertTest.java:67)
	at tests.AlertTest.CloseBrowser(AlertTest.java:67)
	at tests.AlertTest.CloseBrowser(AlertTest.java:67)
	at tests.AlertTest.CloseBrowser(AlertTest.java:67)
	at tests.AlertTest.CloseBrowser(AlertTest.java:67)
	at tests.AlertTest.CloseBrowser(AlertTest.java:67)
	at tests.AlertTest.CloseBrowser(AlertTest.java:67)
	at tests.AlertTest.CloseBrowser(AlertTest.java:67)
	at tests.AlertTest.CloseBrowser(AlertTest.java:67)
	at tests.AlertTest.CloseBrowser(AlertTest.java:67)
	at tests.AlertTest.CloseBrowser(AlertTest.java:67)
	at tests.AlertTest.CloseBrowser(AlertTest.java:67)
	at tests.AlertTest.CloseBrowser(AlertTest.java:67)
	at tests.AlertTest.CloseBrowser(AlertTest.java:67)
	at tests.AlertTest.CloseBrowser(AlertTest.java:67)
	at tests.AlertTest.CloseBrowser(AlertTest.java:67)
	at tests.AlertTest.CloseBrowser(AlertTest.java:67)
	at tests.AlertTest.CloseBrowser(AlertTest.java:67)
	at tests.AlertTest.CloseBrowser(AlertTest.java:67)
	at tests.AlertTest.CloseBrowser(AlertTest.java:67)
	at tests.AlertTest.CloseBrowser(AlertTest.java:67)
	at tests.AlertTest.CloseBrowser(AlertTest.java:67)
	at tests.AlertTest.CloseBrowser(AlertTest.java:67)
	at tests.AlertTest.CloseBrowser(AlertTest.java:67)
	at tests.AlertTest.CloseBrowser(AlertTest.java:67)
	at tests.AlertTest.CloseBrowser(AlertTest.java:67)
	at tests.AlertTest.CloseBrowser(AlertTest.java:67)
	at tests.AlertTest.CloseBrowser(AlertTest.java:67)
	at tests.AlertTest.CloseBrowser(AlertTest.java:67)
	at tests.AlertTest.CloseBrowser(AlertTest.java:67)
	at tests.AlertTest.CloseBrowser(AlertTest.java:67)
	at tests.AlertTest.CloseBrowser(AlertTest.java:67)
	at tests.AlertTest.CloseBrowser(AlertTest.java:67)
	at tests.AlertTest.CloseBrowser(AlertTest.java:67)
	at tests.AlertTest.CloseBrowser(AlertTest.java:67)
	at tests.AlertTest.CloseBrowser(AlertTest.java:67)
	at tests.AlertTest.CloseBrowser(AlertTest.java:67)
	at tests.AlertTest.CloseBrowser(AlertTest.java:67)
	at tests.AlertTest.CloseBrowser(AlertTest.java:67)
	at tests.AlertTest.CloseBrowser(AlertTest.java:67)
	at tests.AlertTest.CloseBrowser(AlertTest.java:67)
	at tests.AlertTest.CloseBrowser(AlertTest.java:67)
	at tests.AlertTest.CloseBrowser(AlertTest.java:67)
	at tests.AlertTest.CloseBrowser(AlertTest.java:67)
	at tests.AlertTest.CloseBrowser(AlertTest.java:67)
	at tests.AlertTest.CloseBrowser(AlertTest.java:67)
	at tests.AlertTest.CloseBrowser(AlertTest.java:67)
	at tests.AlertTest.CloseBrowser(AlertTest.java:67)
	at tests.AlertTest.CloseBrowser(AlertTest.java:67)
	at tests.AlertTest.CloseBrowser(AlertTest.java:67)
	at tests.AlertTest.CloseBrowser(AlertTest.java:67)
	at tests.AlertTest.CloseBrowser(AlertTest.java:67)
	at tests.AlertTest.CloseBrowser(AlertTest.java:67)
	at tests.AlertTest.CloseBrowser(AlertTest.java:67)
	at tests.AlertTest.CloseBrowser(AlertTest.java:67)
	at tests.AlertTest.CloseBrowser(AlertTest.java:67)
	at tests.AlertTest.CloseBrowser(AlertTest.java:67)
	at tests.AlertTest.CloseBrowser(AlertTest.java:67)
	at tests.AlertTest.CloseBrowser(AlertTest.java:67)
	at tests.AlertTest.CloseBrowser(AlertTest.java:67)
	at tests.AlertTest.CloseBrowser(AlertTest.java:67)
	at tests.AlertTest.CloseBrowser(AlertTest.java:67)
	at tests.AlertTest.CloseBrowser(AlertTest.java:67)
	at tests.AlertTest.CloseBrowser(AlertTest.java:67)
	at tests.AlertTest.CloseBrowser(AlertTest.java:67)
	at tests.AlertTest.CloseBrowser(AlertTest.java:67)
	at tests.AlertTest.CloseBrowser(AlertTest.java:67)
	at tests.AlertTest.CloseBrowser(AlertTest.java:67)
	at tests.AlertTest.CloseBrowser(AlertTest.java:67)
	at tests.AlertTest.CloseBrowser(AlertTest.java:67)
	at tests.AlertTest.CloseBrowser(AlertTest.java:67)
	at tests.AlertTest.CloseBrowser(AlertTest.java:67)
	at tests.AlertTest.CloseBrowser(AlertTest.java:67)
	at tests.AlertTest.CloseBrowser(AlertTest.java:67)
	at tests.AlertTest.CloseBrowser(AlertTest.java:67)
	at tests.AlertTest.CloseBrowser(AlertTest.java:67)
	at tests.AlertTest.CloseBrowser(AlertTest.java:67)
	at tests.AlertTest.CloseBrowser(AlertTest.java:67)
	at tests.AlertTest.CloseBrowser(AlertTest.java:67)
	at tests.AlertTest.CloseBrowser(AlertTest.java:67)
	at tests.AlertTest.CloseBrowser(AlertTest.java:67)
	at tests.AlertTest.CloseBrowser(AlertTest.java:67)
	at tests.AlertTest.CloseBrowser(AlertTest.java:67)
	at tests.AlertTest.CloseBrowser(AlertTest.java:67)
	at tests.AlertTest.CloseBrowser(AlertTest.java:67)
	at tests.AlertTest.CloseBrowser(AlertTest.java:67)
	at tests.AlertTest.CloseBrowser(AlertTest.java:67)
	at tests.AlertTest.CloseBrowser(AlertTest.java:67)
	at tests.AlertTest.CloseBrowser(AlertTest.java:67)
	at tests.AlertTest.CloseBrowser(AlertTest.java:67)
	at tests.AlertTest.CloseBrowser(AlertTest.java:67)
	at tests.AlertTest.CloseBrowser(AlertTest.java:67)
	at tests.AlertTest.CloseBrowser(AlertTest.java:67)
	at tests.AlertTest.CloseBrowser(AlertTest.java:67)
	at tests.AlertTest.CloseBrowser(AlertTest.java:67)
	at tests.AlertTest.CloseBrowser(AlertTest.java:67)
	at tests.AlertTest.CloseBrowser(AlertTest.java:67)
	at tests.AlertTest.CloseBrowser(AlertTest.java:67)
	at tests.AlertTest.CloseBrowser(AlertTest.java:67)
	at tests.AlertTest.CloseBrowser(AlertTest.java:67)
	at tests.AlertTest.CloseBrowser(AlertTest.java:67)
	at tests.AlertTest.CloseBrowser(AlertTest.java:67)
	at tests.AlertTest.CloseBrowser(AlertTest.java:67)
	at tests.AlertTest.CloseBrowser(AlertTest.java:67)
	at tests.AlertTest.CloseBrowser(AlertTest.java:67)
	at tests.AlertTest.CloseBrowser(AlertTest.java:67)
	at tests.AlertTest.CloseBrowser(AlertTest.java:67)
	at tests.AlertTest.CloseBrowser(AlertTest.java:67)
	at tests.AlertTest.CloseBrowser(AlertTest.java:67)
	at tests.AlertTest.CloseBrowser(AlertTest.java:67)
	at tests.AlertTest.CloseBrowser(AlertTest.java:67)
	at tests.AlertTest.CloseBrowser(AlertTest.java:67)
	at tests.AlertTest.CloseBrowser(AlertTest.java:67)
	at tests.AlertTest.CloseBrowser(AlertTest.java:67)
	at tests.AlertTest.CloseBrowser(AlertTest.java:67)
	at tests.AlertTest.CloseBrowser(AlertTest.java:67)
	at tests.AlertTest.CloseBrowser(AlertTest.java:67)
	at tests.AlertTest.CloseBrowser(AlertTest.java:67)
	at tests.AlertTest.CloseBrowser(AlertTest.java:67)
	at tests.AlertTest.CloseBrowser(AlertTest.java:67)
	at tests.AlertTest.CloseBrowser(AlertTest.java:67)
	at tests.AlertTest.CloseBrowser(AlertTest.java:67)
	at tests.AlertTest.CloseBrowser(AlertTest.java:67)
	at tests.AlertTest.CloseBrowser(AlertTest.java:67)
	at tests.AlertTest.CloseBrowser(AlertTest.java:67)
	at tests.AlertTest.CloseBrowser(AlertTest.java:67)
	at tests.AlertTest.CloseBrowser(AlertTest.java:67)
	at tests.AlertTest.CloseBrowser(AlertTest.java:67)
	at tests.AlertTest.CloseBrowser(AlertTest.java:67)
	at tests.AlertTest.CloseBrowser(AlertTest.java:67)
	at tests.AlertTest.CloseBrowser(AlertTest.java:67)
	at tests.AlertTest.CloseBrowser(AlertTest.java:67)
	at tests.AlertTest.CloseBrowser(AlertTest.java:67)
	at tests.AlertTest.CloseBrowser(AlertTest.java:67)
	at tests.AlertTest.CloseBrowser(AlertTest.java:67)
	at tests.AlertTest.CloseBrowser(AlertTest.java:67)
	at tests.AlertTest.CloseBrowser(AlertTest.java:67)
	at tests.AlertTest.CloseBrowser(AlertTest.java:67)
	at tests.AlertTest.CloseBrowser(AlertTest.java:67)
	at tests.AlertTest.CloseBrowser(AlertTest.java:67)
	at tests.AlertTest.CloseBrowser(AlertTest.java:67)
	at tests.AlertTest.CloseBrowser(AlertTest.java:67)
	at tests.AlertTest.CloseBrowser(AlertTest.java:67)
	at tests.AlertTest.CloseBrowser(AlertTest.java:67)
	at tests.AlertTest.CloseBrowser(AlertTest.java:67)
	at tests.AlertTest.CloseBrowser(AlertTest.java:67)
	at tests.AlertTest.CloseBrowser(AlertTest.java:67)
	at tests.AlertTest.CloseBrowser(AlertTest.java:67)
	at tests.AlertTest.CloseBrowser(AlertTest.java:67)
	at tests.AlertTest.CloseBrowser(AlertTest.java:67)
	at tests.AlertTest.CloseBrowser(AlertTest.java:67)
	at tests.AlertTest.CloseBrowser(AlertTest.java:67)
	at tests.AlertTest.CloseBrowser(AlertTest.java:67)
	at tests.AlertTest.CloseBrowser(AlertTest.java:67)
	at tests.AlertTest.CloseBrowser(AlertTest.java:67)
	at tests.AlertTest.CloseBrowser(AlertTest.java:67)
	at tests.AlertTest.CloseBrowser(AlertTest.java:67)
	at tests.AlertTest.CloseBrowser(AlertTest.java:67)
	at tests.AlertTest.CloseBrowser(AlertTest.java:67)
	at tests.AlertTest.CloseBrowser(AlertTest.java:67)
	at tests.AlertTest.CloseBrowser(AlertTest.java:67)
	at tests.AlertTest.CloseBrowser(AlertTest.java:67)
	at tests.AlertTest.CloseBrowser(AlertTest.java:67)
	at tests.AlertTest.CloseBrowser(AlertTest.java:67)
	at tests.AlertTest.CloseBrowser(AlertTest.java:67)
	at tests.AlertTest.CloseBrowser(AlertTest.java:67)
	at tests.AlertTest.CloseBrowser(AlertTest.java:67)
	at tests.AlertTest.CloseBrowser(AlertTest.java:67)
	at tests.AlertTest.CloseBrowser(AlertTest.java:67)
	at tests.AlertTest.CloseBrowser(AlertTest.java:67)
	at tests.AlertTest.CloseBrowser(AlertTest.java:67)
	at tests.AlertTest.CloseBrowser(AlertTest.java:67)
	at tests.AlertTest.CloseBrowser(AlertTest.java:67)
	at tests.AlertTest.CloseBrowser(AlertTest.java:67)
	at tests.AlertTest.CloseBrowser(AlertTest.java:67)
	at tests.AlertTest.CloseBrowser(AlertTest.java:67)
	at tests.AlertTest.CloseBrowser(AlertTest.java:67)
	at tests.AlertTest.CloseBrowser(AlertTest.java:67)
	at tests.AlertTest.CloseBrowser(AlertTest.java:67)
	at tests.AlertTest.CloseBrowser(AlertTest.java:67)
	at tests.AlertTest.CloseBrowser(AlertTest.java:67)
	at tests.AlertTest.CloseBrowser(AlertTest.java:67)
	at tests.AlertTest.CloseBrowser(AlertTest.java:67)
	at tests.AlertTest.CloseBrowser(AlertTest.java:67)
	at tests.AlertTest.CloseBrowser(AlertTest.java:67)
	at tests.AlertTest.CloseBrowser(AlertTest.java:67)
	at tests.AlertTest.CloseBrowser(AlertTest.java:67)
	at tests.AlertTest.CloseBrowser(AlertTest.java:67)
	at tests.AlertTest.CloseBrowser(AlertTest.java:67)
	at tests.AlertTest.CloseBrowser(AlertTest.java:67)
	at tests.AlertTest.CloseBrowser(AlertTest.java:67)
	at tests.AlertTest.CloseBrowser(AlertTest.java:67)
	at tests.AlertTest.CloseBrowser(AlertTest.java:67)
	at tests.AlertTest.CloseBrowser(AlertTest.java:67)
	at tests.AlertTest.CloseBrowser(AlertTest.java:67)
	at tests.AlertTest.CloseBrowser(AlertTest.java:67)
	at tests.AlertTest.CloseBrowser(AlertTest.java:67)
	at tests.AlertTest.CloseBrowser(AlertTest.java:67)
	at tests.AlertTest.CloseBrowser(AlertTest.java:67)
	at tests.AlertTest.CloseBrowser(AlertTest.java:67)
	at tests.AlertTest.CloseBrowser(AlertTest.java:67)
	at tests.AlertTest.CloseBrowser(AlertTest.java:67)
	at tests.AlertTest.CloseBrowser(AlertTest.java:67)
	at tests.AlertTest.CloseBrowser(AlertTest.java:67)
	at tests.AlertTest.CloseBrowser(AlertTest.java:67)
	at tests.AlertTest.CloseBrowser(AlertTest.java:67)
	at tests.AlertTest.CloseBrowser(AlertTest.java:67)
	at tests.AlertTest.CloseBrowser(AlertTest.java:67)
	at tests.AlertTest.CloseBrowser(AlertTest.java:67)
	at tests.AlertTest.CloseBrowser(AlertTest.java:67)
	at tests.AlertTest.CloseBrowser(AlertTest.java:67)
	at tests.AlertTest.CloseBrowser(AlertTest.java:67)
	at tests.AlertTest.CloseBrowser(AlertTest.java:67)
	at tests.AlertTest.CloseBrowser(AlertTest.java:67)
	at tests.AlertTest.CloseBrowser(AlertTest.java:67)
	at tests.AlertTest.CloseBrowser(AlertTest.java:67)
	at tests.AlertTest.CloseBrowser(AlertTest.java:67)
	at tests.AlertTest.CloseBrowser(AlertTest.java:67)
	at tests.AlertTest.CloseBrowser(AlertTest.java:67)
	at tests.AlertTest.CloseBrowser(AlertTest.java:67)
	at tests.AlertTest.CloseBrowser(AlertTest.java:67)
	at tests.AlertTest.CloseBrowser(AlertTest.java:67)
	at tests.AlertTest.CloseBrowser(AlertTest.java:67)
	at tests.AlertTest.CloseBrowser(AlertTest.java:67)
	at tests.AlertTest.CloseBrowser(AlertTest.java:67)
	at tests.AlertTest.CloseBrowser(AlertTest.java:67)
	at tests.AlertTest.CloseBrowser(AlertTest.java:67)
	at tests.AlertTest.CloseBrowser(AlertTest.java:67)
	at tests.AlertTest.CloseBrowser(AlertTest.java:67)
	at tests.AlertTest.CloseBrowser(AlertTest.java:67)
	at tests.AlertTest.CloseBrowser(AlertTest.java:67)
	at tests.AlertTest.CloseBrowser(AlertTest.java:67)
	at tests.AlertTest.CloseBrowser(AlertTest.java:67)
	at tests.AlertTest.CloseBrowser(AlertTest.java:67)
	at tests.AlertTest.CloseBrowser(AlertTest.java:67)
	at tests.AlertTest.CloseBrowser(AlertTest.java:67)
	at tests.AlertTest.CloseBrowser(AlertTest.java:67)
	at tests.AlertTest.CloseBrowser(AlertTest.java:67)
	at tests.AlertTest.CloseBrowser(AlertTest.java:67)
	at tests.AlertTest.CloseBrowser(AlertTest.java:67)
	at tests.AlertTest.CloseBrowser(AlertTest.java:67)
	at tests.AlertTest.CloseBrowser(AlertTest.java:67)
	at tests.AlertTest.CloseBrowser(AlertTest.java:67)
	at tests.AlertTest.CloseBrowser(AlertTest.java:67)
	at tests.AlertTest.CloseBrowser(AlertTest.java:67)
	at tests.AlertTest.CloseBrowser(AlertTest.java:67)
	at tests.AlertTest.CloseBrowser(AlertTest.java:67)
	at tests.AlertTest.CloseBrowser(AlertTest.java:67)
	at tests.AlertTest.CloseBrowser(AlertTest.java:67)
	at tests.AlertTest.CloseBrowser(AlertTest.java:67)
	at tests.AlertTest.CloseBrowser(AlertTest.java:67)
	at tests.AlertTest.CloseBrowser(AlertTest.java:67)
	at tests.AlertTest.CloseBrowser(AlertTest.java:67)
	at tests.AlertTest.CloseBrowser(AlertTest.java:67)
	at tests.AlertTest.CloseBrowser(AlertTest.java:67)
	at tests.AlertTest.CloseBrowser(AlertTest.java:67)
	at tests.AlertTest.CloseBrowser(AlertTest.java:67)
	at tests.AlertTest.CloseBrowser(AlertTest.java:67)
	at tests.AlertTest.CloseBrowser(AlertTest.java:67)
	at tests.AlertTest.CloseBrowser(AlertTest.java:67)
	at tests.AlertTest.CloseBrowser(AlertTest.java:67)
	at tests.AlertTest.CloseBrowser(AlertTest.java:67)
	at tests.AlertTest.CloseBrowser(AlertTest.java:67)
	at tests.AlertTest.CloseBrowser(AlertTest.java:67)
	at tests.AlertTest.CloseBrowser(AlertTest.java:67)
	at tests.AlertTest.CloseBrowser(AlertTest.java:67)
	at tests.AlertTest.CloseBrowser(AlertTest.java:67)
	at tests.AlertTest.CloseBrowser(AlertTest.java:67)
	at tests.AlertTest.CloseBrowser(AlertTest.java:67)
	at tests.AlertTest.CloseBrowser(AlertTest.java:67)
	at tests.AlertTest.CloseBrowser(AlertTest.java:67)
	at tests.AlertTest.CloseBrowser(AlertTest.java:67)
	at tests.AlertTest.CloseBrowser(AlertTest.java:67)
	at tests.AlertTest.CloseBrowser(AlertTest.java:67)
	at tests.AlertTest.CloseBrowser(AlertTest.java:67)
	at tests.AlertTest.CloseBrowser(AlertTest.java:67)
	at tests.AlertTest.CloseBrowser(AlertTest.java:67)
	at tests.AlertTest.CloseBrowser(AlertTest.java:67)
	at tests.AlertTest.CloseBrowser(AlertTest.java:67)
	at tests.AlertTest.CloseBrowser(AlertTest.java:67)
	at tests.AlertTest.CloseBrowser(AlertTest.java:67)
	at tests.AlertTest.CloseBrowser(AlertTest.java:67)
	at tests.AlertTest.CloseBrowser(AlertTest.java:67)
	at tests.AlertTest.CloseBrowser(AlertTest.java:67)
	at tests.AlertTest.CloseBrowser(AlertTest.java:67)
	at tests.AlertTest.CloseBrowser(AlertTest.java:67)
	at tests.AlertTest.CloseBrowser(AlertTest.java:67)
	at tests.AlertTest.CloseBrowser(AlertTest.java:67)
	at tests.AlertTest.CloseBrowser(AlertTest.java:67)
	at tests.AlertTest.CloseBrowser(AlertTest.java:67)
	at tests.AlertTest.CloseBrowser(AlertTest.java:67)
	at tests.AlertTest.CloseBrowser(AlertTest.java:67)
	at tests.AlertTest.CloseBrowser(AlertTest.java:67)
	at tests.AlertTest.CloseBrowser(AlertTest.java:67)
	at tests.AlertTest.CloseBrowser(AlertTest.java:67)
	at tests.AlertTest.CloseBrowser(AlertTest.java:67)
	at tests.AlertTest.CloseBrowser(AlertTest.java:67)
	at tests.AlertTest.CloseBrowser(AlertTest.java:67)
	at tests.AlertTest.CloseBrowser(AlertTest.java:67)
	at tests.AlertTest.CloseBrowser(AlertTest.java:67)
	at tests.AlertTest.CloseBrowser(AlertTest.java:67)
	at tests.AlertTest.CloseBrowser(AlertTest.java:67)
	at tests.AlertTest.CloseBrowser(AlertTest.java:67)
	at tests.AlertTest.CloseBrowser(AlertTest.java:67)
	at tests.AlertTest.CloseBrowser(AlertTest.java:67)
	at tests.AlertTest.CloseBrowser(AlertTest.java:67)
	at tests.AlertTest.CloseBrowser(AlertTest.java:67)
	at tests.AlertTest.CloseBrowser(AlertTest.java:67)
	at tests.AlertTest.CloseBrowser(AlertTest.java:67)
	at tests.AlertTest.CloseBrowser(AlertTest.java:67)
	at tests.AlertTest.CloseBrowser(AlertTest.java:67)
	at tests.AlertTest.CloseBrowser(AlertTest.java:67)
	at tests.AlertTest.CloseBrowser(AlertTest.java:67)
	at tests.AlertTest.CloseBrowser(AlertTest.java:67)
	at tests.AlertTest.CloseBrowser(AlertTest.java:67)
	at tests.AlertTest.CloseBrowser(AlertTest.java:67)
	at tests.AlertTest.CloseBrowser(AlertTest.java:67)
	at tests.AlertTest.CloseBrowser(AlertTest.java:67)
	at tests.AlertTest.CloseBrowser(AlertTest.java:67)
	at tests.AlertTest.CloseBrowser(AlertTest.java:67)
	at tests.AlertTest.CloseBrowser(AlertTest.java:67)
	at tests.AlertTest.CloseBrowser(AlertTest.java:67)
	at tests.AlertTest.CloseBrowser(AlertTest.java:67)
	at tests.AlertTest.CloseBrowser(AlertTest.java:67)
	at tests.AlertTest.CloseBrowser(AlertTest.java:67)
	at tests.AlertTest.CloseBrowser(AlertTest.java:67)
	at tests.AlertTest.CloseBrowser(AlertTest.java:67)
	at tests.AlertTest.CloseBrowser(AlertTest.java:67)
	at tests.AlertTest.CloseBrowser(AlertTest.java:67)
	at tests.AlertTest.CloseBrowser(AlertTest.java:67)
	at tests.AlertTest.CloseBrowser(AlertTest.java:67)
	at tests.AlertTest.CloseBrowser(AlertTest.java:67)
	at tests.AlertTest.CloseBrowser(AlertTest.java:67)
	at tests.AlertTest.CloseBrowser(AlertTest.java:67)
	at tests.AlertTest.CloseBrowser(AlertTest.java:67)
	at tests.AlertTest.CloseBrowser(AlertTest.java:67)
	at tests.AlertTest.CloseBrowser(AlertTest.java:67)
	at tests.AlertTest.CloseBrowser(AlertTest.java:67)
	at tests.AlertTest.CloseBrowser(AlertTest.java:67)
	at tests.AlertTest.CloseBrowser(AlertTest.java:67)
	at tests.AlertTest.CloseBrowser(AlertTest.java:67)
	at tests.AlertTest.CloseBrowser(AlertTest.java:67)
	at tests.AlertTest.CloseBrowser(AlertTest.java:67)
	at tests.AlertTest.CloseBrowser(AlertTest.java:67)
	at tests.AlertTest.CloseBrowser(AlertTest.java:67)
	at tests.AlertTest.CloseBrowser(AlertTest.java:67)
	at tests.AlertTest.CloseBrowser(AlertTest.java:67)
	at tests.AlertTest.CloseBrowser(AlertTest.java:67)
	at tests.AlertTest.CloseBrowser(AlertTest.java:67)
	at tests.AlertTest.CloseBrowser(AlertTest.java:67)
	at tests.AlertTest.CloseBrowser(AlertTest.java:67)
	at tests.AlertTest.CloseBrowser(AlertTest.java:67)
	at tests.AlertTest.CloseBrowser(AlertTest.java:67)
	at tests.AlertTest.CloseBrowser(AlertTest.java:67)
	at tests.AlertTest.CloseBrowser(AlertTest.java:67)
	at tests.AlertTest.CloseBrowser(AlertTest.java:67)
	at tests.AlertTest.CloseBrowser(AlertTest.java:67)
	at tests.AlertTest.CloseBrowser(AlertTest.java:67)
	at tests.AlertTest.CloseBrowser(AlertTest.java:67)
	at tests.AlertTest.CloseBrowser(AlertTest.java:67)
	at tests.AlertTest.CloseBrowser(AlertTest.java:67)
	at tests.AlertTest.CloseBrowser(AlertTest.java:67)
	at tests.AlertTest.CloseBrowser(AlertTest.java:67)
	at tests.AlertTest.CloseBrowser(AlertTest.java:67)
	at tests.AlertTest.CloseBrowser(AlertTest.java:67)
	at tests.AlertTest.CloseBrowser(AlertTest.java:67)
	at tests.AlertTest.CloseBrowser(AlertTest.java:67)
	at tests.AlertTest.CloseBrowser(AlertTest.java:67)
	at tests.AlertTest.CloseBrowser(AlertTest.java:67)
	at tests.AlertTest.CloseBrowser(AlertTest.java:67)
	at tests.AlertTest.CloseBrowser(AlertTest.java:67)
	at tests.AlertTest.CloseBrowser(AlertTest.java:67)
	at tests.AlertTest.CloseBrowser(AlertTest.java:67)
	at tests.AlertTest.CloseBrowser(AlertTest.java:67)
	at tests.AlertTest.CloseBrowser(AlertTest.java:67)
	at tests.AlertTest.CloseBrowser(AlertTest.java:67)
	at tests.AlertTest.CloseBrowser(AlertTest.java:67)
	at tests.AlertTest.CloseBrowser(AlertTest.java:67)
	at tests.AlertTest.CloseBrowser(AlertTest.java:67)
	at tests.AlertTest.CloseBrowser(AlertTest.java:67)
	at tests.AlertTest.CloseBrowser(AlertTest.java:67)
	at tests.AlertTest.CloseBrowser(AlertTest.java:67)
	at tests.AlertTest.CloseBrowser(AlertTest.java:67)
	at tests.AlertTest.CloseBrowser(AlertTest.java:67)
	at tests.AlertTest.CloseBrowser(AlertTest.java:67)
	at tests.AlertTest.CloseBrowser(AlertTest.java:67)
	at tests.AlertTest.CloseBrowser(AlertTest.java:67)
	at tests.AlertTest.CloseBrowser(AlertTest.java:67)
	at tests.AlertTest.CloseBrowser(AlertTest.java:67)
	at tests.AlertTest.CloseBrowser(AlertTest.java:67)
	at tests.AlertTest.CloseBrowser(AlertTest.java:67)
	at tests.AlertTest.CloseBrowser(AlertTest.java:67)
	at tests.AlertTest.CloseBrowser(AlertTest.java:67)
	at tests.AlertTest.CloseBrowser(AlertTest.java:67)
	at tests.AlertTest.CloseBrowser(AlertTest.java:67)
	at tests.AlertTest.CloseBrowser(AlertTest.java:67)
	at tests.AlertTest.CloseBrowser(AlertTest.java:67)
	at tests.AlertTest.CloseBrowser(AlertTest.java:67)
	at tests.AlertTest.CloseBrowser(AlertTest.java:67)
	at tests.AlertTest.CloseBrowser(AlertTest.java:67)
	at tests.AlertTest.CloseBrowser(AlertTest.java:67)
	at tests.AlertTest.CloseBrowser(AlertTest.java:67)
	at tests.AlertTest.CloseBrowser(AlertTest.java:67)
	at tests.AlertTest.CloseBrowser(AlertTest.java:67)
	at tests.AlertTest.CloseBrowser(AlertTest.java:67)
	at tests.AlertTest.CloseBrowser(AlertTest.java:67)
	at tests.AlertTest.CloseBrowser(AlertTest.java:67)
	at tests.AlertTest.CloseBrowser(AlertTest.java:67)
	at tests.AlertTest.CloseBrowser(AlertTest.java:67)
	at tests.AlertTest.CloseBrowser(AlertTest.java:67)
	at tests.AlertTest.CloseBrowser(AlertTest.java:67)
	at tests.AlertTest.CloseBrowser(AlertTest.java:67)
	at tests.AlertTest.CloseBrowser(AlertTest.java:67)
	at tests.AlertTest.CloseBrowser(AlertTest.java:67)
	at tests.AlertTest.CloseBrowser(AlertTest.java:67)
	at tests.AlertTest.CloseBrowser(AlertTest.java:67)
	at tests.AlertTest.CloseBrowser(AlertTest.java:67)
	at tests.AlertTest.CloseBrowser(AlertTest.java:67)
	at tests.AlertTest.CloseBrowser(AlertTest.java:67)
	at tests.AlertTest.CloseBrowser(AlertTest.java:67)
	at tests.AlertTest.CloseBrowser(AlertTest.java:67)
	at tests.AlertTest.CloseBrowser(AlertTest.java:67)
	at tests.AlertTest.CloseBrowser(AlertTest.java:67)
	at tests.AlertTest.CloseBrowser(AlertTest.java:67)
	at tests.AlertTest.CloseBrowser(AlertTest.java:67)
	at tests.AlertTest.CloseBrowser(AlertTest.java:67)
	at tests.AlertTest.CloseBrowser(AlertTest.java:67)
	at tests.AlertTest.CloseBrowser(AlertTest.java:67)
	at tests.AlertTest.CloseBrowser(AlertTest.java:67)
	at tests.AlertTest.CloseBrowser(AlertTest.java:67)
	at tests.AlertTest.CloseBrowser(AlertTest.java:67)
	at tests.AlertTest.CloseBrowser(AlertTest.java:67)
	at tests.AlertTest.CloseBrowser(AlertTest.java:67)
	at tests.AlertTest.CloseBrowser(AlertTest.java:67)
	at tests.AlertTest.CloseBrowser(AlertTest.java:67)
	at tests.AlertTest.CloseBrowser(AlertTest.java:67)
	at tests.AlertTest.CloseBrowser(AlertTest.java:67)
	at tests.AlertTest.CloseBrowser(AlertTest.java:67)
	at tests.AlertTest.CloseBrowser(AlertTest.java:67)
	at tests.AlertTest.CloseBrowser(AlertTest.java:67)
	at tests.AlertTest.CloseBrowser(AlertTest.java:67)
	at tests.AlertTest.CloseBrowser(AlertTest.java:67)
	at tests.AlertTest.CloseBrowser(AlertTest.java:67)
	at tests.AlertTest.CloseBrowser(AlertTest.java:67)
	at tests.AlertTest.CloseBrowser(AlertTest.java:67)
	at tests.AlertTest.CloseBrowser(AlertTest.java:67)
	at tests.AlertTest.CloseBrowser(AlertTest.java:67)
	at tests.AlertTest.CloseBrowser(AlertTest.java:67)
	at tests.AlertTest.CloseBrowser(AlertTest.java:67)
	at tests.AlertTest.CloseBrowser(AlertTest.java:67)
	at tests.AlertTest.CloseBrowser(AlertTest.java:67)
	at tests.AlertTest.CloseBrowser(AlertTest.java:67)
	at tests.AlertTest.CloseBrowser(AlertTest.java:67)
	at tests.AlertTest.CloseBrowser(AlertTest.java:67)
	at tests.AlertTest.CloseBrowser(AlertTest.java:67)
	at tests.AlertTest.CloseBrowser(AlertTest.java:67)
	at tests.AlertTest.CloseBrowser(AlertTest.java:67)
	at tests.AlertTest.CloseBrowser(AlertTest.java:67)
	at tests.AlertTest.CloseBrowser(AlertTest.java:67)
	at tests.AlertTest.CloseBrowser(AlertTest.java:67)
	at tests.AlertTest.CloseBrowser(AlertTest.java:67)
	at tests.AlertTest.CloseBrowser(AlertTest.java:67)
	at tests.AlertTest.CloseBrowser(AlertTest.java:67)
	at tests.AlertTest.CloseBrowser(AlertTest.java:67)
	at tests.AlertTest.CloseBrowser(AlertTest.java:67)
	at tests.AlertTest.CloseBrowser(AlertTest.java:67)
	at tests.AlertTest.CloseBrowser(AlertTest.java:67)
	at tests.AlertTest.CloseBrowser(AlertTest.java:67)
	at tests.AlertTest.CloseBrowser(AlertTest.java:67)
	at tests.AlertTest.CloseBrowser(AlertTest.java:67)
	at tests.AlertTest.CloseBrowser(AlertTest.java:67)
	at tests.AlertTest.CloseBrowser(AlertTest.java:67)
	at tests.AlertTest.CloseBrowser(AlertTest.java:67)
	at tests.AlertTest.CloseBrowser(AlertTest.java:67)
	at tests.AlertTest.CloseBrowser(AlertTest.java:67)
	at tests.AlertTest.CloseBrowser(AlertTest.java:67)
	at tests.AlertTest.CloseBrowser(AlertTest.java:67)
	at tests.AlertTest.CloseBrowser(AlertTest.java:67)
	at tests.AlertTest.CloseBrowser(AlertTest.java:67)
	at tests.AlertTest.CloseBrowser(AlertTest.java:67)
	at tests.AlertTest.CloseBrowser(AlertTest.java:67)
	at tests.AlertTest.CloseBrowser(AlertTest.java:67)
	at tests.AlertTest.CloseBrowser(AlertTest.java:67)
	at tests.AlertTest.CloseBrowser(AlertTest.java:67)
	at tests.AlertTest.CloseBrowser(AlertTest.java:67)
	at tests.AlertTest.CloseBrowser(AlertTest.java:67)
	at tests.AlertTest.CloseBrowser(AlertTest.java:67)
	at tests.AlertTest.CloseBrowser(AlertTest.java:67)
	at tests.AlertTest.CloseBrowser(AlertTest.java:67)
	at tests.AlertTest.CloseBrowser(AlertTest.java:67)
	at tests.AlertTest.CloseBrowser(AlertTest.java:67)
	at tests.AlertTest.CloseBrowser(AlertTest.java:67)
	at tests.AlertTest.CloseBrowser(AlertTest.java:67)
	at tests.AlertTest.CloseBrowser(AlertTest.java:67)
	at tests.AlertTest.CloseBrowser(AlertTest.java:67)
	at tests.AlertTest.CloseBrowser(AlertTest.java:67)
	at tests.AlertTest.CloseBrowser(AlertTest.java:67)
	at tests.AlertTest.CloseBrowser(AlertTest.java:67)
	at tests.AlertTest.CloseBrowser(AlertTest.java:67)
	at tests.AlertTest.CloseBrowser(AlertTest.java:67)
	at tests.AlertTest.CloseBrowser(AlertTest.java:67)
	at tests.AlertTest.CloseBrowser(AlertTest.java:67)
	at tests.AlertTest.CloseBrowser(AlertTest.java:67)
	at tests.AlertTest.CloseBrowser(AlertTest.java:67)
	at tests.AlertTest.CloseBrowser(AlertTest.java:67)
	at tests.AlertTest.CloseBrowser(AlertTest.java:67)
	at tests.AlertTest.CloseBrowser(AlertTest.java:67)
	at tests.AlertTest.CloseBrowser(AlertTest.java:67)
	at tests.AlertTest.CloseBrowser(AlertTest.java:67)
	at tests.AlertTest.CloseBrowser(AlertTest.java:67)
	at tests.AlertTest.CloseBrowser(AlertTest.java:67)
	at tests.AlertTest.CloseBrowser(AlertTest.java:67)
	at tests.AlertTest.CloseBrowser(AlertTest.java:67)
	at tests.AlertTest.CloseBrowser(AlertTest.java:67)
	at tests.AlertTest.CloseBrowser(AlertTest.java:67)
	at tests.AlertTest.CloseBrowser(AlertTest.java:67)
	at tests.AlertTest.CloseBrowser(AlertTest.java:67)
	at tests.AlertTest.CloseBrowser(AlertTest.java:67)
	at tests.AlertTest.CloseBrowser(AlertTest.java:67)
	at tests.AlertTest.CloseBrowser(AlertTest.java:67)
	at tests.AlertTest.CloseBrowser(AlertTest.java:67)
	at tests.AlertTest.CloseBrowser(AlertTest.java:67)
	at tests.AlertTest.CloseBrowser(AlertTest.java:67)
	at tests.AlertTest.CloseBrowser(AlertTest.java:67)
	at tests.AlertTest.CloseBrowser(AlertTest.java:67)
	at tests.AlertTest.CloseBrowser(AlertTest.java:67)
	at tests.AlertTest.CloseBrowser(AlertTest.java:67)
	at tests.AlertTest.CloseBrowser(AlertTest.java:67)
	at tests.AlertTest.CloseBrowser(AlertTest.java:67)
	at tests.AlertTest.CloseBrowser(AlertTest.java:67)
	at tests.AlertTest.CloseBrowser(AlertTest.java:67)
	at tests.AlertTest.CloseBrowser(AlertTest.java:67)
	at tests.AlertTest.CloseBrowser(AlertTest.java:67)
	at tests.AlertTest.CloseBrowser(AlertTest.java:67)
	at tests.AlertTest.CloseBrowser(AlertTest.java:67)
	at tests.AlertTest.CloseBrowser(AlertTest.java:67)
	at tests.AlertTest.CloseBrowser(AlertTest.java:67)
	at tests.AlertTest.CloseBrowser(AlertTest.java:67)
	at tests.AlertTest.CloseBrowser(AlertTest.java:67)
	at tests.AlertTest.CloseBrowser(AlertTest.java:67)
	at tests.AlertTest.CloseBrowser(AlertTest.java:67)
	at tests.AlertTest.CloseBrowser(AlertTest.java:67)
	at tests.AlertTest.CloseBrowser(AlertTest.java:67)
	at tests.AlertTest.CloseBrowser(AlertTest.java:67)
	at tests.AlertTest.CloseBrowser(AlertTest.java:67)
	at tests.AlertTest.CloseBrowser(AlertTest.java:67)
	at tests.AlertTest.CloseBrowser(AlertTest.java:67)
	at tests.AlertTest.CloseBrowser(AlertTest.java:67)
	at tests.AlertTest.CloseBrowser(AlertTest.java:67)
	at tests.AlertTest.CloseBrowser(AlertTest.java:67)
	at tests.AlertTest.CloseBrowser(AlertTest.java:67)
	at tests.AlertTest.CloseBrowser(AlertTest.java:67)
	at tests.AlertTest.CloseBrowser(AlertTest.java:67)
	at tests.AlertTest.CloseBrowser(AlertTest.java:67)
	at tests.AlertTest.CloseBrowser(AlertTest.java:67)
	at tests.AlertTest.CloseBrowser(AlertTest.java:67)
	at tests.AlertTest.CloseBrowser(AlertTest.java:67)
	at tests.AlertTest.CloseBrowser(AlertTest.java:67)
	at tests.AlertTest.CloseBrowser(AlertTest.java:67)
	at tests.AlertTest.CloseBrowser(AlertTest.java:67)
	at tests.AlertTest.CloseBrowser(AlertTest.java:67)
	at tests.AlertTest.CloseBrowser(AlertTest.java:67)
	at tests.AlertTest.CloseBrowser(AlertTest.java:67)
	at tests.AlertTest.CloseBrowser(AlertTest.java:67)
	at tests.AlertTest.CloseBrowser(AlertTest.java:67)
	at tests.AlertTest.CloseBrowser(AlertTest.java:67)
	at tests.AlertTest.CloseBrowser(AlertTest.java:67)
	at tests.AlertTest.CloseBrowser(AlertTest.java:67)
	at tests.AlertTest.CloseBrowser(AlertTest.java:67)
	at tests.AlertTest.CloseBrowser(AlertTest.java:67)
	at tests.AlertTest.CloseBrowser(AlertTest.java:67)
	at tests.AlertTest.CloseBrowser(AlertTest.java:67)
	at tests.AlertTest.CloseBrowser(AlertTest.java:67)
	at tests.AlertTest.CloseBrowser(AlertTest.java:67)
	at tests.AlertTest.CloseBrowser(AlertTest.java:67)
	at tests.AlertTest.CloseBrowser(AlertTest.java:67)
	at tests.AlertTest.CloseBrowser(AlertTest.java:67)
	at tests.AlertTest.CloseBrowser(AlertTest.java:67)
	at tests.AlertTest.CloseBrowser(AlertTest.java:67)
	at tests.AlertTest.CloseBrowser(AlertTest.java:67)
	at tests.AlertTest.CloseBrowser(AlertTest.java:67)
	at tests.AlertTest.CloseBrowser(AlertTest.java:67)
	at tests.AlertTest.CloseBrowser(AlertTest.java:67)
	at tests.AlertTest.CloseBrowser(AlertTest.java:67)
	at tests.AlertTest.CloseBrowser(AlertTest.java:67)
	at tests.AlertTest.CloseBrowser(AlertTest.java:67)
	at tests.AlertTest.CloseBrowser(AlertTest.java:67)
	at tests.AlertTest.CloseBrowser(AlertTest.java:67)
	at tests.AlertTest.CloseBrowser(AlertTest.java:67)
	at tests.AlertTest.CloseBrowser(AlertTest.java:67)
	at tests.AlertTest.CloseBrowser(AlertTest.java:67)
	at tests.AlertTest.CloseBrowser(AlertTest.java:67)
	at tests.AlertTest.CloseBrowser(AlertTest.java:67)
	at tests.AlertTest.CloseBrowser(AlertTest.java:67)
	at tests.AlertTest.CloseBrowser(AlertTest.java:67)
	at tests.AlertTest.CloseBrowser(AlertTest.java:67)
	at tests.AlertTest.CloseBrowser(AlertTest.java:67)
	at tests.AlertTest.CloseBrowser(AlertTest.java:67)
	at tests.AlertTest.CloseBrowser(AlertTest.java:67)
	at tests.AlertTest.CloseBrowser(AlertTest.java:67)
	at tests.AlertTest.CloseBrowser(AlertTest.java:67)
	at tests.AlertTest.CloseBrowser(AlertTest.java:67)
	at tests.AlertTest.CloseBrowser(AlertTest.java:67)
	at tests.AlertTest.CloseBrowser(AlertTest.java:67)
	at tests.AlertTest.CloseBrowser(AlertTest.java:67)
	at tests.AlertTest.CloseBrowser(AlertTest.java:67)
	at tests.AlertTest.CloseBrowser(AlertTest.java:67)
	at tests.AlertTest.CloseBrowser(AlertTest.java:67)
	at tests.AlertTest.CloseBrowser(AlertTest.java:67)
	at tests.AlertTest.CloseBrowser(AlertTest.java:67)
	at tests.AlertTest.CloseBrowser(AlertTest.java:67)
	at tests.AlertTest.CloseBrowser(AlertTest.java:67)
	at tests.AlertTest.CloseBrowser(AlertTest.java:67)
	at tests.AlertTest.CloseBrowser(AlertTest.java:67)
	at tests.AlertTest.CloseBrowser(AlertTest.java:67)
	at tests.AlertTest.CloseBrowser(AlertTest.java:67)
	at tests.AlertTest.CloseBrowser(AlertTest.java:67)
	at tests.AlertTest.CloseBrowser(AlertTest.java:67)
	at tests.AlertTest.CloseBrowser(AlertTest.java:67)
	at tests.AlertTest.CloseBrowser(AlertTest.java:67)
	at tests.AlertTest.CloseBrowser(AlertTest.java:67)
	at tests.AlertTest.CloseBrowser(AlertTest.java:67)
	at tests.AlertTest.CloseBrowser(AlertTest.java:67)
	at tests.AlertTest.CloseBrowser(AlertTest.java:67)
	at tests.AlertTest.CloseBrowser(AlertTest.java:67)
	at tests.AlertTest.CloseBrowser(AlertTest.java:67)
	at tests.AlertTest.CloseBrowser(AlertTest.java:67)
	at tests.AlertTest.CloseBrowser(AlertTest.java:67)
	at tests.AlertTest.CloseBrowser(AlertTest.java:67)
	at tests.AlertTest.CloseBrowser(AlertTest.java:67)
	at tests.AlertTest.CloseBrowser(AlertTest.java:67)
	at tests.AlertTest.CloseBrowser(AlertTest.java:67)
	at tests.AlertTest.CloseBrowser(AlertTest.java:67)
	at tests.AlertTest.CloseBrowser(AlertTest.java:67)
	at tests.AlertTest.CloseBrowser(AlertTest.java:67)
	at tests.AlertTest.CloseBrowser(AlertTest.java:67)
	at tests.AlertTest.CloseBrowser(AlertTest.java:67)
	at tests.AlertTest.CloseBrowser(AlertTest.java:67)
	at tests.AlertTest.CloseBrowser(AlertTest.java:67)
	at tests.AlertTest.CloseBrowser(AlertTest.java:67)
	at tests.AlertTest.CloseBrowser(AlertTest.java:67)
	at tests.AlertTest.CloseBrowser(AlertTest.java:67)
	at tests.AlertTest.CloseBrowser(AlertTest.java:67)
	at tests.AlertTest.CloseBrowser(AlertTest.java:67)
	at tests.AlertTest.CloseBrowser(AlertTest.java:67)
	at tests.AlertTest.CloseBrowser(AlertTest.java:67)
	at tests.AlertTest.CloseBrowser(AlertTest.java:67)
	at tests.AlertTest.CloseBrowser(AlertTest.java:67)
	at tests.AlertTest.CloseBrowser(AlertTest.java:67)
	at tests.AlertTest.CloseBrowser(AlertTest.java:67)
	at tests.AlertTest.CloseBrowser(AlertTest.java:67)
	at tests.AlertTest.CloseBrowser(AlertTest.java:67)
	at tests.AlertTest.CloseBrowser(AlertTest.java:67)
	at tests.AlertTest.CloseBrowser(AlertTest.java:67)
	at tests.AlertTest.CloseBrowser(AlertTest.java:67)
	at tests.AlertTest.CloseBrowser(AlertTest.java:67)
	at tests.AlertTest.CloseBrowser(AlertTest.java:67)
	at tests.AlertTest.CloseBrowser(AlertTest.java:67)
	at tests.AlertTest.CloseBrowser(AlertTest.java:67)
	at tests.AlertTest.CloseBrowser(AlertTest.java:67)
	at tests.AlertTest.CloseBrowser(AlertTest.java:67)
	at tests.AlertTest.CloseBrowser(AlertTest.java:67)
	at tests.AlertTest.CloseBrowser(AlertTest.java:67)
	at tests.AlertTest.CloseBrowser(AlertTest.java:67)
	at tests.AlertTest.CloseBrowser(AlertTest.java:67)
	at tests.AlertTest.CloseBrowser(AlertTest.java:67)
	at tests.AlertTest.CloseBrowser(AlertTest.java:67)
	at tests.AlertTest.CloseBrowser(AlertTest.java:67)
	at tests.AlertTest.CloseBrowser(AlertTest.java:67)
	at tests.AlertTest.CloseBrowser(AlertTest.java:67)
	at tests.AlertTest.CloseBrowser(AlertTest.java:67)
	at tests.AlertTest.CloseBrowser(AlertTest.java:67)
	at tests.AlertTest.CloseBrowser(AlertTest.java:67)
	at tests.AlertTest.CloseBrowser(AlertTest.java:67)
	at tests.AlertTest.CloseBrowser(AlertTest.java:67)
	at tests.AlertTest.CloseBrowser(AlertTest.java:67)
	at tests.AlertTest.CloseBrowser(AlertTest.java:67)
	at tests.AlertTest.CloseBrowser(AlertTest.java:67)
	at tests.AlertTest.CloseBrowser(AlertTest.java:67)
	at tests.AlertTest.CloseBrowser(AlertTest.java:67)
	at tests.AlertTest.CloseBrowser(AlertTest.java:67)
	at tests.AlertTest.CloseBrowser(AlertTest.java:67)
	at tests.AlertTest.CloseBrowser(AlertTest.java:67)
	at tests.AlertTest.CloseBrowser(AlertTest.java:67)
	at tests.AlertTest.CloseBrowser(AlertTest.java:67)
	at tests.AlertTest.CloseBrowser(AlertTest.java:67)
	at tests.AlertTest.CloseBrowser(AlertTest.java:67)
	at tests.AlertTest.CloseBrowser(AlertTest.java:67)
	at tests.AlertTest.CloseBrowser(AlertTest.java:67)
	at tests.AlertTest.CloseBrowser(AlertTest.java:67)
	at tests.AlertTest.CloseBrowser(AlertTest.java:67)
	at tests.AlertTest.CloseBrowser(AlertTest.java:67)
	at tests.AlertTest.CloseBrowser(AlertTest.java:67)
	at tests.AlertTest.CloseBrowser(AlertTest.java:67)
	at tests.AlertTest.CloseBrowser(AlertTest.java:67)
	at tests.AlertTest.CloseBrowser(AlertTest.java:67)
	at tests.AlertTest.CloseBrowser(AlertTest.java:67)
	at tests.AlertTest.CloseBrowser(AlertTest.java:67)
	at tests.AlertTest.CloseBrowser(AlertTest.java:67)
	at tests.AlertTest.CloseBrowser(AlertTest.java:67)
	at tests.AlertTest.CloseBrowser(AlertTest.java:67)
	at tests.AlertTest.CloseBrowser(AlertTest.java:67)
	at tests.AlertTest.CloseBrowser(AlertTest.java:67)
	at tests.AlertTest.CloseBrowser(AlertTest.java:67)
	at tests.AlertTest.CloseBrowser(AlertTest.java:67)
	at tests.AlertTest.CloseBrowser(AlertTest.java:67)
	at tests.AlertTest.CloseBrowser(AlertTest.java:67)
	at tests.AlertTest.CloseBrowser(AlertTest.java:67)
	at tests.AlertTest.CloseBrowser(AlertTest.java:67)
	at tests.AlertTest.CloseBrowser(AlertTest.java:67)
	at tests.AlertTest.CloseBrowser(AlertTest.java:67)
	at tests.AlertTest.CloseBrowser(AlertTest.java:67)
	at tests.AlertTest.CloseBrowser(AlertTest.java:67)
	at tests.AlertTest.CloseBrowser(AlertTest.java:67)
	at tests.AlertTest.CloseBrowser(AlertTest.java:67)
	at tests.AlertTest.CloseBrowser(AlertTest.java:67)
	at tests.AlertTest.CloseBrowser(AlertTest.java:67)
	at tests.AlertTest.CloseBrowser(AlertTest.java:67)
	at tests.AlertTest.CloseBrowser(AlertTest.java:67)
	at tests.AlertTest.CloseBrowser(AlertTest.java:67)
	at tests.AlertTest.CloseBrowser(AlertTest.java:67)
	at tests.AlertTest.CloseBrowser(AlertTest.java:67)
	at tests.AlertTest.CloseBrowser(AlertTest.java:67)
	at tests.AlertTest.CloseBrowser(AlertTest.java:67)
	at tests.AlertTest.CloseBrowser(AlertTest.java:67)
	at tests.AlertTest.CloseBrowser(AlertTest.java:67)
	at tests.AlertTest.CloseBrowser(AlertTest.java:67)
	at tests.AlertTest.CloseBrowser(AlertTest.java:67)
	at tests.AlertTest.CloseBrowser(AlertTest.java:67)
	at tests.AlertTest.CloseBrowser(AlertTest.java:67)
	at tests.AlertTest.CloseBrowser(AlertTest.java:67)
	at tests.AlertTest.CloseBrowser(AlertTest.java:67)
	at tests.AlertTest.CloseBrowser(AlertTest.java:67)
	at tests.AlertTest.CloseBrowser(AlertTest.java:67)
	at tests.AlertTest.CloseBrowser(AlertTest.java:67)
	at tests.AlertTest.CloseBrowser(AlertTest.java:67)
	at tests.AlertTest.CloseBrowser(AlertTest.java:67)
	at tests.AlertTest.CloseBrowser(AlertTest.java:67)
	at tests.AlertTest.CloseBrowser(AlertTest.java:67)
	at tests.AlertTest.CloseBrowser(AlertTest.java:67)
	at tests.AlertTest.CloseBrowser(AlertTest.java:67)
	at tests.AlertTest.CloseBrowser(AlertTest.java:67)
	at tests.AlertTest.CloseBrowser(AlertTest.java:67)
	at tests.AlertTest.CloseBrowser(AlertTest.java:67)
	at tests.AlertTest.CloseBrowser(AlertTest.java:67)
	at tests.AlertTest.CloseBrowser(AlertTest.java:67)
	at tests.AlertTest.CloseBrowser(AlertTest.java:67)
	at tests.AlertTest.CloseBrowser(AlertTest.java:67)
	at tests.AlertTest.CloseBrowser(AlertTest.java:67)
	at tests.AlertTest.CloseBrowser(AlertTest.java:67)
	at tests.AlertTest.CloseBrowser(AlertTest.java:67)
	at tests.AlertTest.CloseBrowser(AlertTest.java:67)
	at tests.AlertTest.CloseBrowser(AlertTest.java:67)
	at tests.AlertTest.CloseBrowser(AlertTest.java:67)
	at tests.AlertTest.CloseBrowser(AlertTest.java:67)
	at tests.AlertTest.CloseBrowser(AlertTest.java:67)
	at tests.AlertTest.CloseBrowser(AlertTest.java:67)
	at tests.AlertTest.CloseBrowser(AlertTest.java:67)
	at tests.AlertTest.CloseBrowser(AlertTest.java:67)
	at tests.AlertTest.CloseBrowser(AlertTest.java:67)
	at tests.AlertTest.CloseBrowser(AlertTest.java:67)
	at tests.AlertTest.CloseBrowser(AlertTest.java:67)
	at tests.AlertTest.CloseBrowser(AlertTest.java:67)
	at tests.AlertTest.CloseBrowser(AlertTest.java:67)
	at tests.AlertTest.CloseBrowser(AlertTest.java:67)
	at tests.AlertTest.CloseBrowser(AlertTest.java:67)
	at tests.AlertTest.CloseBrowser(AlertTest.java:67)
	at tests.AlertTest.CloseBrowser(AlertTest.java:67)
	at tests.AlertTest.CloseBrowser(AlertTest.java:67)
	at tests.AlertTest.CloseBrowser(AlertTest.java:67)
	at tests.AlertTest.CloseBrowser(AlertTest.java:67)
	at tests.AlertTest.CloseBrowser(AlertTest.java:67)
	at tests.AlertTest.CloseBrowser(AlertTest.java:67)
	at tests.AlertTest.CloseBrowser(AlertTest.java:67)
	at tests.AlertTest.CloseBrowser(AlertTest.java:67)
	at tests.AlertTest.CloseBrowser(AlertTest.java:67)
	at tests.AlertTest.CloseBrowser(AlertTest.java:67)
	at tests.AlertTest.CloseBrowser(AlertTest.java:67)
	at tests.AlertTest.CloseBrowser(AlertTest.java:67)
	at tests.AlertTest.CloseBrowser(AlertTest.java:67)
	at tests.AlertTest.CloseBrowser(AlertTest.java:67)
	at tests.AlertTest.CloseBrowser(AlertTest.java:67)
	at tests.AlertTest.CloseBrowser(AlertTest.java:67)
	at tests.AlertTest.CloseBrowser(AlertTest.java:67)
	at tests.AlertTest.CloseBrowser(AlertTest.java:67)
	at tests.AlertTest.CloseBrowser(AlertTest.java:67)
	at tests.AlertTest.CloseBrowser(AlertTest.java:67)
	at tests.AlertTest.CloseBrowser(AlertTest.java:67)
	at tests.AlertTest.CloseBrowser(AlertTest.java:67)
	at tests.AlertTest.CloseBrowser(AlertTest.java:67)
	at tests.AlertTest.CloseBrowser(AlertTest.java:67)
	at tests.AlertTest.CloseBrowser(AlertTest.java:67)
	at tests.AlertTest.CloseBrowser(AlertTest.java:67)
	at tests.AlertTest.CloseBrowser(AlertTest.java:67)
	at tests.AlertTest.CloseBrowser(AlertTest.java:67)
	at tests.AlertTest.CloseBrowser(AlertTest.java:67)
	at tests.AlertTest.CloseBrowser(AlertTest.java:67)
	at tests.AlertTest.CloseBrowser(AlertTest.java:67)
	at tests.AlertTest.CloseBrowser(AlertTest.java:67)
	at tests.AlertTest.CloseBrowser(AlertTest.java:67)
	at tests.AlertTest.CloseBrowser(AlertTest.java:67)
	at tests.AlertTest.CloseBrowser(AlertTest.java:67)
	at tests.AlertTest.CloseBrowser(AlertTest.java:67)
	at tests.AlertTest.CloseBrowser(AlertTest.java:67)
	at tests.AlertTest.CloseBrowser(AlertTest.java:67)
	at tests.AlertTest.CloseBrowser(AlertTest.java:67)
	at tests.AlertTest.CloseBrowser(AlertTest.java:67)
	at tests.AlertTest.CloseBrowser(AlertTest.java:67)
	at tests.AlertTest.CloseBrowser(AlertTest.java:67)
	at tests.AlertTest.CloseBrowser(AlertTest.java:67)
	at tests.AlertTest.CloseBrowser(AlertTest.java:67)
	at tests.AlertTest.CloseBrowser(AlertTest.java:67)
	at tests.AlertTest.CloseBrowser(AlertTest.java:67)
	at tests.AlertTest.CloseBrowser(AlertTest.java:67)
	at tests.AlertTest.CloseBrowser(AlertTest.java:67)
	at tests.AlertTest.CloseBrowser(AlertTest.java:67)
	at tests.AlertTest.CloseBrowser(AlertTest.java:67)
	at tests.AlertTest.CloseBrowser(AlertTest.java:67)
	at tests.AlertTest.CloseBrowser(AlertTest.java:67)
	at tests.AlertTest.CloseBrowser(AlertTest.java:67)
	at tests.AlertTest.CloseBrowser(AlertTest.java:67)
	at tests.AlertTest.CloseBrowser(AlertTest.java:67)
	at tests.AlertTest.CloseBrowser(AlertTest.java:67)
	at tests.AlertTest.CloseBrowser(AlertTest.java:67)
	at tests.AlertTest.CloseBrowser(AlertTest.java:67)
	at tests.AlertTest.CloseBrowser(AlertTest.java:67)
	at tests.AlertTest.CloseBrowser(AlertTest.java:67)
	at tests.AlertTest.CloseBrowser(AlertTest.java:67)
	at tests.AlertTest.CloseBrowser(AlertTest.java:67)
	at tests.AlertTest.CloseBrowser(AlertTest.java:67)

