<?xml version="1.0" encoding="UTF-8"?>
<testsuite xmlns:xsi="http://www.w3.org/2001/XMLSchema-instance" xsi:noNamespaceSchemaLocation="https://maven.apache.org/surefire/maven-surefire-plugin/xsd/surefire-test-report-3.0.xsd" version="3.0" name="tests.LoginTest" time="15.418" tests="8" errors="0" skipped="0" failures="0">
  <properties>
[...]
</properties>
  <testcase name="ClickOnAll" classname="tests.LoginTest" time="0.553">
    <system-err><![CDATA[SLF4J(W): No SLF4J providers were found.
SLF4J(W): Defaulting to no-operation (NOP) logger implementation
SLF4J(W): See https://www.slf4j.org/codes.html#noProviders for further details.
Sept 03, 2025 8:39:08 PM org.openqa.selenium.devtools.CdpVersionFinder findNearestMatch
WARNING: Unable to find an exact match for CDP version 139, returning the closest version; found: 138; Please update to a Selenium version that supports CDP version 139
]]></system-err>
  </testcase>
  <testcase name="ClickOnSineon" classname="tests.LoginTest" time="2.091"/>
  <testcase name="EnterMobileNo" classname="tests.LoginTest" time="0.178"/>
  <testcase name="ClickOnContinue" classname="tests.LoginTest" time="1.309"/>
  <testcase name="EnterPassword" classname="tests.LoginTest" time="0.109"/>
  <testcase name="ClickOnLogin" classname="tests.LoginTest" time="0.19"/>
  <testcase name="ClickOnAll2" classname="tests.LoginTest" time="3.617"/>
  <testcase name="ClickOnSineout" classname="tests.LoginTest" time="2.404"/>
</testsuite>