<?xml version="1.0" encoding="UTF-8"?>
<!-- Generated by org.testng.reporters.JUnitXMLReporter -->
<testsuite ignored="0" hostname="onlyforashish" failures="0" tests="8" name="Surefire test" time="14.685" errors="0" timestamp="2025-09-03T20:39:22 IST">
  <testcase classname="tests.LoginTest" name="ClickOnAll" time="0.552"/>
  <testcase classname="tests.LoginTest" name="ClickOnSineon" time="2.091"/>
  <testcase classname="tests.LoginTest" name="EnterMobileNo" time="0.173"/>
  <testcase classname="tests.LoginTest" name="ClickOnContinue" time="1.312"/>
  <testcase classname="tests.LoginTest" name="EnterPassword" time="0.107"/>
  <testcase classname="tests.LoginTest" name="ClickOnLogin" time="0.191"/>
  <testcase classname="tests.LoginTest" name="ClickOnAll2" time="3.617"/>
  <testcase classname="tests.LoginTest" name="ClickOnSineout" time="2.403"/>
</testsuite> <!-- Surefire test -->
